[ 2016-01-26T10:17:15+08:00 ] 127.0.0.1 /Admin/examine
INFO: [ app_begin ] --START--
INFO: Run Behavior\ReadHtmlCache [ RunTime:0.013001s ]
INFO: [ app_begin ] --END-- [ RunTime:0.014001s ]
INFO: [ view_parse ] --START--
INFO: [ template_filter ] --START--
INFO: Run Behavior\ContentReplace [ RunTime:0.000000s ]
INFO: [ template_filter ] --END-- [ RunTime:0.000000s ]
INFO: Run Behavior\ParseTemplate [ RunTime:0.077004s ]
INFO: [ view_parse ] --END-- [ RunTime:0.077004s ]
INFO: [ view_filter ] --START--
INFO: Run Behavior\WriteHtmlCache [ RunTime:0.014001s ]
INFO: [ view_filter ] --END-- [ RunTime:0.014001s ]

[ 2016-01-26T10:17:18+08:00 ] 127.0.0.1 /Admin/
INFO: [ app_begin ] --START--
INFO: Run Behavior\ReadHtmlCache [ RunTime:0.001000s ]
INFO: [ app_begin ] --END-- [ RunTime:0.002000s ]
INFO: [ view_parse ] --START--
INFO: [ template_filter ] --START--
INFO: Run Behavior\ContentReplace [ RunTime:0.000000s ]
INFO: [ template_filter ] --END-- [ RunTime:0.000000s ]
INFO: Run Behavior\ParseTemplate [ RunTime:0.017001s ]
INFO: [ view_parse ] --END-- [ RunTime:0.017001s ]
INFO: [ view_filter ] --START--
INFO: Run Behavior\WriteHtmlCache [ RunTime:0.001000s ]
INFO: [ view_filter ] --END-- [ RunTime:0.001000s ]
INFO: [ app_end ] --START--
INFO: Run Behavior\ShowPageTrace [ RunTime:0.017001s ]
INFO: [ app_end ] --END-- [ RunTime:0.017001s ]

[ 2016-01-26T10:17:21+08:00 ] 127.0.0.1 /admin/index-login.html
INFO: [ app_begin ] --START--
INFO: Run Behavior\ReadHtmlCache [ RunTime:0.000000s ]
INFO: [ app_begin ] --END-- [ RunTime:0.001000s ]
NOTIC: [8192] mysql_connect(): The mysql extension is deprecated and will be removed in the future: use mysqli or PDO instead D:\xampp\htdocs\channels.grandcloud.cn\Application\ThinkPHP\Library\Think\Db\Driver\Mysql.class.php 第 52 行.
SQL: SHOW COLUMNS FROM `channels_admin` [ RunTime:0.005000s ]
SQL: SELECT * FROM `channels_admin` WHERE ( `admin_id` = 'root' ) LIMIT 1   [ RunTime:0.004001s ]

[ 2016-01-26T10:17:22+08:00 ] 127.0.0.1 /Admin/examine
INFO: [ app_begin ] --START--
INFO: Run Behavior\ReadHtmlCache [ RunTime:0.001000s ]
INFO: [ app_begin ] --END-- [ RunTime:0.002000s ]
NOTIC: [8] Undefined variable: examineStatus D:\xampp\htdocs\channels.grandcloud.cn\Application\Admin\Controller\ExamineController.class.php 第 35 行.
NOTIC: [8] Undefined variable: map D:\xampp\htdocs\channels.grandcloud.cn\Application\Admin\Controller\ExamineController.class.php 第 41 行.
NOTIC: [2] unlink(./Runtime/Temp/sndaCloud_V1_file_bbd8afe12b50ee3e84111e95fe553b07.php): No such file or directory D:\xampp\htdocs\channels.grandcloud.cn\Application\ThinkPHP\Library\Think\Cache\Driver\File.class.php 第 157 行.
NOTIC: [8192] mysql_connect(): The mysql extension is deprecated and will be removed in the future: use mysqli or PDO instead D:\xampp\htdocs\channels.grandcloud.cn\Application\ThinkPHP\Library\Think\Db\Driver\Mysql.class.php 第 52 行.
SQL: SHOW COLUMNS FROM `channels_user` [ RunTime:0.002000s ]
SQL: SELECT * FROM `channels_user` ORDER BY create_time desc LIMIT 0,500   [ RunTime:0.003000s ]
SQL: SHOW COLUMNS FROM `channels_level` [ RunTime:0.002000s ]
SQL: SELECT * FROM `channels_level` WHERE ( `user_id` = '999990000023461' ) AND ( `effective_time` <= '2016-01-26' ) ORDER BY effective_time desc LIMIT 1   [ RunTime:0.002000s ]
SQL: SELECT * FROM `channels_level` WHERE ( `user_id` = '999990000017206' ) AND ( `effective_time` <= '2016-01-26' ) ORDER BY effective_time desc LIMIT 1   [ RunTime:0.002000s ]
SQL: SELECT * FROM `channels_level` WHERE ( `user_id` = '999990000020648' ) AND ( `effective_time` <= '2016-01-26' ) ORDER BY effective_time desc LIMIT 1   [ RunTime:0.002000s ]
SQL: SELECT * FROM `channels_level` WHERE ( `user_id` = '999990000003680' ) AND ( `effective_time` <= '2016-01-26' ) ORDER BY effective_time desc LIMIT 1   [ RunTime:0.002001s ]
SQL: SELECT * FROM `channels_level` WHERE ( `user_id` = '15000677054' ) AND ( `effective_time` <= '2016-01-26' ) ORDER BY effective_time desc LIMIT 1   [ RunTime:0.004000s ]
SQL: SELECT * FROM `channels_level` WHERE ( `user_id` = '1310143817' ) AND ( `effective_time` <= '2016-01-26' ) ORDER BY effective_time desc LIMIT 1   [ RunTime:0.011000s ]
SQL: SELECT * FROM `channels_user`  [ RunTime:0.006001s ]
SQL: SELECT * FROM `channels_level` WHERE ( `user_id` = '999990000017206' ) AND ( `effective_time` <= '2016-01-26' ) ORDER BY effective_time desc LIMIT 1   [ RunTime:0.002000s ]
SQL: SELECT * FROM `channels_level` WHERE ( `user_id` = '1310143817' ) AND ( `effective_time` <= '2016-01-26' ) ORDER BY effective_time desc LIMIT 1   [ RunTime:0.002000s ]
SQL: SELECT * FROM `channels_level` WHERE ( `user_id` = '999990000003680' ) AND ( `effective_time` <= '2016-01-26' ) ORDER BY effective_time desc LIMIT 1   [ RunTime:0.002000s ]
SQL: SELECT * FROM `channels_level` WHERE ( `user_id` = '15000677054' ) AND ( `effective_time` <= '2016-01-26' ) ORDER BY effective_time desc LIMIT 1   [ RunTime:0.002000s ]
SQL: SELECT * FROM `channels_level` WHERE ( `user_id` = '999990000020648' ) AND ( `effective_time` <= '2016-01-26' ) ORDER BY effective_time desc LIMIT 1   [ RunTime:0.002000s ]
SQL: SELECT * FROM `channels_level` WHERE ( `user_id` = '999990000023461' ) AND ( `effective_time` <= '2016-01-26' ) ORDER BY effective_time desc LIMIT 1   [ RunTime:0.001000s ]
INFO: [ view_parse ] --START--
INFO: [ template_filter ] --START--
INFO: Run Behavior\ContentReplace [ RunTime:0.000000s ]
INFO: [ template_filter ] --END-- [ RunTime:0.000000s ]
NOTIC: [8] Use of undefined constant Y - assumed 'Y' D:\xampp\htdocs\channels.grandcloud.cn\Runtime\Cache\Admin\4e106154938f40ea75443345ce6c1823.php 第 23 行.
NOTIC: [8] Use of undefined constant Y - assumed 'Y' D:\xampp\htdocs\channels.grandcloud.cn\Runtime\Cache\Admin\4e106154938f40ea75443345ce6c1823.php 第 24 行.
NOTIC: [8] Use of undefined constant Y - assumed 'Y' D:\xampp\htdocs\channels.grandcloud.cn\Runtime\Cache\Admin\4e106154938f40ea75443345ce6c1823.php 第 27 行.
INFO: Run Behavior\ParseTemplate [ RunTime:0.058004s ]
INFO: [ view_parse ] --END-- [ RunTime:0.058004s ]
INFO: [ view_filter ] --START--
INFO: Run Behavior\WriteHtmlCache [ RunTime:0.001000s ]
INFO: [ view_filter ] --END-- [ RunTime:0.001000s ]
INFO: [ app_end ] --START--
INFO: Run Behavior\ShowPageTrace [ RunTime:0.001000s ]
INFO: [ app_end ] --END-- [ RunTime:0.001000s ]

[ 2016-01-26T10:33:10+08:00 ] 127.0.0.1 /admin/examine-check-user_id-999990000023461.html
INFO: [ app_begin ] --START--
INFO: Run Behavior\ReadHtmlCache [ RunTime:0.001000s ]
INFO: [ app_begin ] --END-- [ RunTime:0.001000s ]
NOTIC: [8192] mysql_connect(): The mysql extension is deprecated and will be removed in the future: use mysqli or PDO instead D:\xampp\htdocs\channels.grandcloud.cn\Application\ThinkPHP\Library\Think\Db\Driver\Mysql.class.php 第 52 行.
SQL: SHOW COLUMNS FROM `channels_bank` [ RunTime:0.003000s ]
SQL: SELECT * FROM `channels_bank` WHERE ( `user_id` = '999990000023461' ) ORDER BY create_time desc LIMIT 1   [ RunTime:0.002000s ]
SQL: SHOW COLUMNS FROM `channels_user` [ RunTime:0.003000s ]
SQL: SELECT * FROM `channels_user` WHERE ( `user_id` = '999990000023461' ) LIMIT 1   [ RunTime:0.007001s ]
SQL: SHOW COLUMNS FROM `channels_level` [ RunTime:0.001000s ]
SQL: SELECT * FROM `channels_level` WHERE ( `user_id` = '999990000023461' ) AND ( `effective_time` <= '2016-01-26' ) ORDER BY effective_time desc LIMIT 1   [ RunTime:0.006000s ]
INFO: [ view_parse ] --START--
INFO: [ template_filter ] --START--
INFO: Run Behavior\ContentReplace [ RunTime:0.001000s ]
INFO: [ template_filter ] --END-- [ RunTime:0.001000s ]
NOTIC: [8] Use of undefined constant Y - assumed 'Y' D:\xampp\htdocs\channels.grandcloud.cn\Runtime\Cache\Admin\7c9273ca214df8763531962986284e86.php 第 29 行.
NOTIC: [8] Use of undefined constant Y - assumed 'Y' D:\xampp\htdocs\channels.grandcloud.cn\Runtime\Cache\Admin\7c9273ca214df8763531962986284e86.php 第 30 行.
NOTIC: [8] Use of undefined constant Y - assumed 'Y' D:\xampp\htdocs\channels.grandcloud.cn\Runtime\Cache\Admin\7c9273ca214df8763531962986284e86.php 第 33 行.
NOTIC: [8] Use of undefined constant Y - assumed 'Y' D:\xampp\htdocs\channels.grandcloud.cn\Runtime\Cache\Admin\7c9273ca214df8763531962986284e86.php 第 42 行.
NOTIC: [8] Use of undefined constant Y - assumed 'Y' D:\xampp\htdocs\channels.grandcloud.cn\Runtime\Cache\Admin\7c9273ca214df8763531962986284e86.php 第 67 行.
NOTIC: [8] Use of undefined constant I - assumed 'I' D:\xampp\htdocs\channels.grandcloud.cn\Runtime\Cache\Admin\7c9273ca214df8763531962986284e86.php 第 71 行.
INFO: Run Behavior\ParseTemplate [ RunTime:0.038002s ]
INFO: [ view_parse ] --END-- [ RunTime:0.038002s ]
INFO: [ view_filter ] --START--
INFO: Run Behavior\WriteHtmlCache [ RunTime:0.001000s ]
INFO: [ view_filter ] --END-- [ RunTime:0.001000s ]
INFO: [ app_end ] --START--
INFO: Run Behavior\ShowPageTrace [ RunTime:0.006001s ]
INFO: [ app_end ] --END-- [ RunTime:0.006001s ]

[ 2016-01-26T10:33:15+08:00 ] 127.0.0.1 /admin/examine-check-user_id-999990000023461.html
INFO: [ app_begin ] --START--
INFO: Run Behavior\ReadHtmlCache [ RunTime:0.000000s ]
INFO: [ app_begin ] --END-- [ RunTime:0.000000s ]
NOTIC: [8192] mysql_connect(): The mysql extension is deprecated and will be removed in the future: use mysqli or PDO instead D:\xampp\htdocs\channels.grandcloud.cn\Application\ThinkPHP\Library\Think\Db\Driver\Mysql.class.php 第 52 行.
SQL: SHOW COLUMNS FROM `channels_bank` [ RunTime:0.002000s ]
SQL: SELECT * FROM `channels_bank` WHERE ( `user_id` = '999990000023461' ) ORDER BY create_time desc LIMIT 1   [ RunTime:0.002001s ]
SQL: SHOW COLUMNS FROM `channels_user` [ RunTime:0.005000s ]
SQL: SELECT * FROM `channels_user` WHERE ( `user_id` = '999990000023461' ) LIMIT 1   [ RunTime:0.005000s ]
SQL: SHOW COLUMNS FROM `channels_level` [ RunTime:0.008001s ]
SQL: SELECT * FROM `channels_level` WHERE ( `user_id` = '999990000023461' ) AND ( `effective_time` <= '2016-01-26' ) ORDER BY effective_time desc LIMIT 1   [ RunTime:0.006000s ]
INFO: [ view_parse ] --START--
INFO: [ template_filter ] --START--
INFO: Run Behavior\ContentReplace [ RunTime:0.000000s ]
INFO: [ template_filter ] --END-- [ RunTime:0.000000s ]
NOTIC: [8] Use of undefined constant Y - assumed 'Y' D:\xampp\htdocs\channels.grandcloud.cn\Runtime\Cache\Admin\7c9273ca214df8763531962986284e86.php 第 29 行.
NOTIC: [8] Use of undefined constant Y - assumed 'Y' D:\xampp\htdocs\channels.grandcloud.cn\Runtime\Cache\Admin\7c9273ca214df8763531962986284e86.php 第 30 行.
NOTIC: [8] Use of undefined constant Y - assumed 'Y' D:\xampp\htdocs\channels.grandcloud.cn\Runtime\Cache\Admin\7c9273ca214df8763531962986284e86.php 第 33 行.
NOTIC: [8] Use of undefined constant Y - assumed 'Y' D:\xampp\htdocs\channels.grandcloud.cn\Runtime\Cache\Admin\7c9273ca214df8763531962986284e86.php 第 42 行.
NOTIC: [8] Use of undefined constant Y - assumed 'Y' D:\xampp\htdocs\channels.grandcloud.cn\Runtime\Cache\Admin\7c9273ca214df8763531962986284e86.php 第 67 行.
NOTIC: [8] Use of undefined constant I - assumed 'I' D:\xampp\htdocs\channels.grandcloud.cn\Runtime\Cache\Admin\7c9273ca214df8763531962986284e86.php 第 71 行.
INFO: Run Behavior\ParseTemplate [ RunTime:0.034002s ]
INFO: [ view_parse ] --END-- [ RunTime:0.034002s ]
INFO: [ view_filter ] --START--
INFO: Run Behavior\WriteHtmlCache [ RunTime:0.001000s ]
INFO: [ view_filter ] --END-- [ RunTime:0.001000s ]
INFO: [ app_end ] --START--
INFO: Run Behavior\ShowPageTrace [ RunTime:0.002000s ]
INFO: [ app_end ] --END-- [ RunTime:0.002000s ]

[ 2016-01-26T10:36:57+08:00 ] 127.0.0.1 /admin/examine-check-user_id-999990000023461.html
INFO: [ app_begin ] --START--
INFO: Run Behavior\ReadHtmlCache [ RunTime:0.000000s ]
INFO: [ app_begin ] --END-- [ RunTime:0.001000s ]
NOTIC: [8192] mysql_connect(): The mysql extension is deprecated and will be removed in the future: use mysqli or PDO instead D:\xampp\htdocs\channels.grandcloud.cn\Application\ThinkPHP\Library\Think\Db\Driver\Mysql.class.php 第 52 行.
SQL: SHOW COLUMNS FROM `channels_bank` [ RunTime:0.002000s ]
SQL: SELECT * FROM `channels_bank` WHERE ( `user_id` = '999990000023461' ) ORDER BY create_time desc LIMIT 1   [ RunTime:0.002000s ]
SQL: SHOW COLUMNS FROM `channels_user` [ RunTime:0.003000s ]
SQL: SELECT * FROM `channels_user` WHERE ( `user_id` = '999990000023461' ) LIMIT 1   [ RunTime:0.009001s ]
SQL: SHOW COLUMNS FROM `channels_level` [ RunTime:0.007000s ]
SQL: SELECT * FROM `channels_level` WHERE ( `user_id` = '999990000023461' ) AND ( `effective_time` <= '2016-01-26' ) ORDER BY effective_time desc LIMIT 1   [ RunTime:0.005000s ]
INFO: [ view_parse ] --START--
INFO: [ template_filter ] --START--
INFO: Run Behavior\ContentReplace [ RunTime:0.001000s ]
INFO: [ template_filter ] --END-- [ RunTime:0.001000s ]
NOTIC: [8] Use of undefined constant Y - assumed 'Y' D:\xampp\htdocs\channels.grandcloud.cn\Runtime\Cache\Admin\7c9273ca214df8763531962986284e86.php 第 29 行.
NOTIC: [8] Use of undefined constant Y - assumed 'Y' D:\xampp\htdocs\channels.grandcloud.cn\Runtime\Cache\Admin\7c9273ca214df8763531962986284e86.php 第 30 行.
NOTIC: [8] Use of undefined constant Y - assumed 'Y' D:\xampp\htdocs\channels.grandcloud.cn\Runtime\Cache\Admin\7c9273ca214df8763531962986284e86.php 第 33 行.
NOTIC: [8] Use of undefined constant Y - assumed 'Y' D:\xampp\htdocs\channels.grandcloud.cn\Runtime\Cache\Admin\7c9273ca214df8763531962986284e86.php 第 42 行.
NOTIC: [8] Use of undefined constant Y - assumed 'Y' D:\xampp\htdocs\channels.grandcloud.cn\Runtime\Cache\Admin\7c9273ca214df8763531962986284e86.php 第 67 行.
NOTIC: [8] Use of undefined constant I - assumed 'I' D:\xampp\htdocs\channels.grandcloud.cn\Runtime\Cache\Admin\7c9273ca214df8763531962986284e86.php 第 71 行.
INFO: Run Behavior\ParseTemplate [ RunTime:0.017000s ]
INFO: [ view_parse ] --END-- [ RunTime:0.017000s ]
INFO: [ view_filter ] --START--
INFO: Run Behavior\WriteHtmlCache [ RunTime:0.000000s ]
INFO: [ view_filter ] --END-- [ RunTime:0.000000s ]
INFO: [ app_end ] --START--
INFO: Run Behavior\ShowPageTrace [ RunTime:0.001000s ]
INFO: [ app_end ] --END-- [ RunTime:0.001000s ]

[ 2016-01-26T10:36:59+08:00 ] 127.0.0.1 /admin/Examine
INFO: [ app_begin ] --START--
INFO: Run Behavior\ReadHtmlCache [ RunTime:0.001000s ]
INFO: [ app_begin ] --END-- [ RunTime:0.001000s ]
NOTIC: [8] Undefined variable: examineStatus D:\xampp\htdocs\channels.grandcloud.cn\Application\Admin\Controller\ExamineController.class.php 第 35 行.
NOTIC: [8] Undefined variable: map D:\xampp\htdocs\channels.grandcloud.cn\Application\Admin\Controller\ExamineController.class.php 第 41 行.
NOTIC: [2] unlink(./Runtime/Temp/sndaCloud_V1_file_bbd8afe12b50ee3e84111e95fe553b07.php): No such file or directory D:\xampp\htdocs\channels.grandcloud.cn\Application\ThinkPHP\Library\Think\Cache\Driver\File.class.php 第 157 行.
NOTIC: [8192] mysql_connect(): The mysql extension is deprecated and will be removed in the future: use mysqli or PDO instead D:\xampp\htdocs\channels.grandcloud.cn\Application\ThinkPHP\Library\Think\Db\Driver\Mysql.class.php 第 52 行.
SQL: SHOW COLUMNS FROM `channels_user` [ RunTime:0.007000s ]
SQL: SELECT * FROM `channels_user` ORDER BY create_time desc LIMIT 0,500   [ RunTime:0.004000s ]
SQL: SHOW COLUMNS FROM `channels_level` [ RunTime:0.003000s ]
SQL: SELECT * FROM `channels_level` WHERE ( `user_id` = '999990000023461' ) AND ( `effective_time` <= '2016-01-26' ) ORDER BY effective_time desc LIMIT 1   [ RunTime:0.005000s ]
SQL: SELECT * FROM `channels_level` WHERE ( `user_id` = '999990000017206' ) AND ( `effective_time` <= '2016-01-26' ) ORDER BY effective_time desc LIMIT 1   [ RunTime:0.008000s ]
SQL: SELECT * FROM `channels_level` WHERE ( `user_id` = '999990000020648' ) AND ( `effective_time` <= '2016-01-26' ) ORDER BY effective_time desc LIMIT 1   [ RunTime:0.003001s ]
SQL: SELECT * FROM `channels_level` WHERE ( `user_id` = '999990000003680' ) AND ( `effective_time` <= '2016-01-26' ) ORDER BY effective_time desc LIMIT 1   [ RunTime:0.007000s ]
SQL: SELECT * FROM `channels_level` WHERE ( `user_id` = '15000677054' ) AND ( `effective_time` <= '2016-01-26' ) ORDER BY effective_time desc LIMIT 1   [ RunTime:0.003000s ]
SQL: SELECT * FROM `channels_level` WHERE ( `user_id` = '1310143817' ) AND ( `effective_time` <= '2016-01-26' ) ORDER BY effective_time desc LIMIT 1   [ RunTime:0.005001s ]
SQL: SELECT * FROM `channels_user`  [ RunTime:0.004000s ]
SQL: SELECT * FROM `channels_level` WHERE ( `user_id` = '999990000017206' ) AND ( `effective_time` <= '2016-01-26' ) ORDER BY effective_time desc LIMIT 1   [ RunTime:0.004000s ]
SQL: SELECT * FROM `channels_level` WHERE ( `user_id` = '1310143817' ) AND ( `effective_time` <= '2016-01-26' ) ORDER BY effective_time desc LIMIT 1   [ RunTime:0.004000s ]
SQL: SELECT * FROM `channels_level` WHERE ( `user_id` = '999990000003680' ) AND ( `effective_time` <= '2016-01-26' ) ORDER BY effective_time desc LIMIT 1   [ RunTime:0.002000s ]
SQL: SELECT * FROM `channels_level` WHERE ( `user_id` = '15000677054' ) AND ( `effective_time` <= '2016-01-26' ) ORDER BY effective_time desc LIMIT 1   [ RunTime:0.026002s ]
SQL: SELECT * FROM `channels_level` WHERE ( `user_id` = '999990000020648' ) AND ( `effective_time` <= '2016-01-26' ) ORDER BY effective_time desc LIMIT 1   [ RunTime:0.008000s ]
SQL: SELECT * FROM `channels_level` WHERE ( `user_id` = '999990000023461' ) AND ( `effective_time` <= '2016-01-26' ) ORDER BY effective_time desc LIMIT 1   [ RunTime:0.003001s ]
INFO: [ view_parse ] --START--
INFO: [ template_filter ] --START--
INFO: Run Behavior\ContentReplace [ RunTime:0.000000s ]
INFO: [ template_filter ] --END-- [ RunTime:0.000000s ]
NOTIC: [8] Use of undefined constant Y - assumed 'Y' D:\xampp\htdocs\channels.grandcloud.cn\Runtime\Cache\Admin\4e106154938f40ea75443345ce6c1823.php 第 23 行.
NOTIC: [8] Use of undefined constant Y - assumed 'Y' D:\xampp\htdocs\channels.grandcloud.cn\Runtime\Cache\Admin\4e106154938f40ea75443345ce6c1823.php 第 24 行.
NOTIC: [8] Use of undefined constant Y - assumed 'Y' D:\xampp\htdocs\channels.grandcloud.cn\Runtime\Cache\Admin\4e106154938f40ea75443345ce6c1823.php 第 27 行.
INFO: Run Behavior\ParseTemplate [ RunTime:0.023001s ]
INFO: [ view_parse ] --END-- [ RunTime:0.023001s ]
INFO: [ view_filter ] --START--
INFO: Run Behavior\WriteHtmlCache [ RunTime:0.000000s ]
INFO: [ view_filter ] --END-- [ RunTime:0.001000s ]
INFO: [ app_end ] --START--
INFO: Run Behavior\ShowPageTrace [ RunTime:0.001000s ]
INFO: [ app_end ] --END-- [ RunTime:0.001000s ]

[ 2016-01-26T10:37:01+08:00 ] 127.0.0.1 /admin/examine-exportuser.html
INFO: [ app_begin ] --START--
INFO: Run Behavior\ReadHtmlCache [ RunTime:0.001000s ]
INFO: [ app_begin ] --END-- [ RunTime:0.001000s ]
NOTIC: [8192] mysql_connect(): The mysql extension is deprecated and will be removed in the future: use mysqli or PDO instead D:\xampp\htdocs\channels.grandcloud.cn\Application\ThinkPHP\Library\Think\Db\Driver\Mysql.class.php 第 52 行.
SQL: SHOW COLUMNS FROM `channels_user` [ RunTime:0.015001s ]
NOTIC: [2] Missing argument 2 for Admin\Model\ExamineModel::search(), called in D:\xampp\htdocs\channels.grandcloud.cn\Application\Admin\Controller\ExamineController.class.php on line 217 and defined D:\xampp\htdocs\channels.grandcloud.cn\Application\Admin\Model\ExamineModel.class.php 第 9 行.
NOTIC: [2] Missing argument 3 for Admin\Model\ExamineModel::search(), called in D:\xampp\htdocs\channels.grandcloud.cn\Application\Admin\Controller\ExamineController.class.php on line 217 and defined D:\xampp\htdocs\channels.grandcloud.cn\Application\Admin\Model\ExamineModel.class.php 第 9 行.
SQL: SELECT * FROM `channels_user` ORDER BY create_time desc  [ RunTime:0.003000s ]
SQL: SHOW COLUMNS FROM `channels_level` [ RunTime:0.002001s ]
SQL: SELECT * FROM `channels_level` WHERE ( `user_id` = '999990000023461' ) AND ( `effective_time` <= '2016-01-26' ) ORDER BY effective_time desc LIMIT 1   [ RunTime:0.005000s ]
SQL: SELECT * FROM `channels_level` WHERE ( `user_id` = '999990000017206' ) AND ( `effective_time` <= '2016-01-26' ) ORDER BY effective_time desc LIMIT 1   [ RunTime:0.006000s ]
SQL: SELECT * FROM `channels_level` WHERE ( `user_id` = '999990000020648' ) AND ( `effective_time` <= '2016-01-26' ) ORDER BY effective_time desc LIMIT 1   [ RunTime:0.005000s ]
SQL: SELECT * FROM `channels_level` WHERE ( `user_id` = '999990000003680' ) AND ( `effective_time` <= '2016-01-26' ) ORDER BY effective_time desc LIMIT 1   [ RunTime:0.002001s ]
SQL: SELECT * FROM `channels_level` WHERE ( `user_id` = '15000677054' ) AND ( `effective_time` <= '2016-01-26' ) ORDER BY effective_time desc LIMIT 1   [ RunTime:0.001000s ]
SQL: SELECT * FROM `channels_level` WHERE ( `user_id` = '1310143817' ) AND ( `effective_time` <= '2016-01-26' ) ORDER BY effective_time desc LIMIT 1   [ RunTime:0.002000s ]
INFO: [ app_end ] --START--
INFO: Run Behavior\ShowPageTrace [ RunTime:0.001000s ]
INFO: [ app_end ] --END-- [ RunTime:0.001000s ]

