[ 2016-01-08T11:33:22+08:00 ] 127.0.0.1 /Admin/examine
INFO: [ app_begin ] --START--
INFO: Run Behavior\ReadHtmlCache [ RunTime:0.001001s ]
INFO: [ app_begin ] --END-- [ RunTime:0.002001s ]
INFO: [ view_parse ] --START--
INFO: [ template_filter ] --START--
INFO: Run Behavior\ContentReplace [ RunTime:0.000000s ]
INFO: [ template_filter ] --END-- [ RunTime:0.000000s ]
INFO: Run Behavior\ParseTemplate [ RunTime:0.049003s ]
INFO: [ view_parse ] --END-- [ RunTime:0.049003s ]
INFO: [ view_filter ] --START--
INFO: Run Behavior\WriteHtmlCache [ RunTime:0.001000s ]
INFO: [ view_filter ] --END-- [ RunTime:0.001000s ]

[ 2016-01-08T11:33:26+08:00 ] 127.0.0.1 /Admin/
INFO: [ app_begin ] --START--
INFO: Run Behavior\ReadHtmlCache [ RunTime:0.001000s ]
INFO: [ app_begin ] --END-- [ RunTime:0.002000s ]
INFO: [ view_parse ] --START--
INFO: [ template_filter ] --START--
INFO: Run Behavior\ContentReplace [ RunTime:0.000000s ]
INFO: [ template_filter ] --END-- [ RunTime:0.000000s ]
INFO: Run Behavior\ParseTemplate [ RunTime:0.015001s ]
INFO: [ view_parse ] --END-- [ RunTime:0.015001s ]
INFO: [ view_filter ] --START--
INFO: Run Behavior\WriteHtmlCache [ RunTime:0.001000s ]
INFO: [ view_filter ] --END-- [ RunTime:0.001000s ]
INFO: [ app_end ] --START--
INFO: Run Behavior\ShowPageTrace [ RunTime:0.000000s ]
INFO: [ app_end ] --END-- [ RunTime:0.000000s ]

[ 2016-01-08T11:33:29+08:00 ] 127.0.0.1 /admin/index-login.html
INFO: [ app_begin ] --START--
INFO: Run Behavior\ReadHtmlCache [ RunTime:0.001001s ]
INFO: [ app_begin ] --END-- [ RunTime:0.001001s ]
NOTIC: [8192] mysql_connect(): The mysql extension is deprecated and will be removed in the future: use mysqli or PDO instead D:\xampp\htdocs\channels.grandcloud.cn\Application\ThinkPHP\Library\Think\Db\Driver\Mysql.class.php 第 52 行.
SQL: SHOW COLUMNS FROM `channels_admin` [ RunTime:0.045002s ]
SQL: SELECT * FROM `channels_admin` WHERE ( `admin_id` = 'root' ) LIMIT 1   [ RunTime:0.002000s ]

[ 2016-01-08T11:33:29+08:00 ] 127.0.0.1 /Admin/examine
INFO: [ app_begin ] --START--
INFO: Run Behavior\ReadHtmlCache [ RunTime:0.001000s ]
INFO: [ app_begin ] --END-- [ RunTime:0.001000s ]
NOTIC: [8] Undefined variable: examineStatus D:\xampp\htdocs\channels.grandcloud.cn\Application\Admin\Controller\ExamineController.class.php 第 35 行.
NOTIC: [8] Undefined variable: map D:\xampp\htdocs\channels.grandcloud.cn\Application\Admin\Controller\ExamineController.class.php 第 41 行.
NOTIC: [2] unlink(./Runtime/Temp/sndaCloud_V1_file_bbd8afe12b50ee3e84111e95fe553b07.php): No such file or directory D:\xampp\htdocs\channels.grandcloud.cn\Application\ThinkPHP\Library\Think\Cache\Driver\File.class.php 第 157 行.
NOTIC: [8192] mysql_connect(): The mysql extension is deprecated and will be removed in the future: use mysqli or PDO instead D:\xampp\htdocs\channels.grandcloud.cn\Application\ThinkPHP\Library\Think\Db\Driver\Mysql.class.php 第 52 行.
SQL: SHOW COLUMNS FROM `channels_user` [ RunTime:0.020001s ]
SQL: SELECT * FROM `channels_user` ORDER BY create_time desc LIMIT 0,500   [ RunTime:0.038002s ]
SQL: SHOW COLUMNS FROM `channels_level` [ RunTime:0.007001s ]
SQL: SELECT * FROM `channels_level` WHERE ( `user_id` = '999990000000106' ) AND ( `effective_time` <= '2016-01-08' ) ORDER BY effective_time desc LIMIT 1   [ RunTime:0.003000s ]
SQL: SELECT * FROM `channels_level` WHERE ( `user_id` = '999990000000103' ) AND ( `effective_time` <= '2016-01-08' ) ORDER BY effective_time desc LIMIT 1   [ RunTime:0.005000s ]
SQL: SELECT * FROM `channels_level` WHERE ( `user_id` = '999990000023618' ) AND ( `effective_time` <= '2016-01-08' ) ORDER BY effective_time desc LIMIT 1   [ RunTime:0.006000s ]
SQL: SELECT * FROM `channels_level` WHERE ( `user_id` = '999990000000137' ) AND ( `effective_time` <= '2016-01-08' ) ORDER BY effective_time desc LIMIT 1   [ RunTime:0.002000s ]
SQL: SELECT * FROM `channels_level` WHERE ( `user_id` = '999990000000099' ) AND ( `effective_time` <= '2016-01-08' ) ORDER BY effective_time desc LIMIT 1   [ RunTime:0.002001s ]
SQL: SELECT * FROM `channels_level` WHERE ( `user_id` = '999990000000165' ) AND ( `effective_time` <= '2016-01-08' ) ORDER BY effective_time desc LIMIT 1   [ RunTime:0.002000s ]
SQL: SELECT * FROM `channels_level` WHERE ( `user_id` = '1310143817' ) AND ( `effective_time` <= '2016-01-08' ) ORDER BY effective_time desc LIMIT 1   [ RunTime:0.001000s ]
SQL: SELECT * FROM `channels_level` WHERE ( `user_id` = '1663726908' ) AND ( `effective_time` <= '2016-01-08' ) ORDER BY effective_time desc LIMIT 1   [ RunTime:0.001000s ]
SQL: SELECT * FROM `channels_level` WHERE ( `user_id` = '999990000000095' ) AND ( `effective_time` <= '2016-01-08' ) ORDER BY effective_time desc LIMIT 1   [ RunTime:0.024001s ]
SQL: SELECT * FROM `channels_user`  [ RunTime:0.002000s ]
SQL: SELECT * FROM `channels_level` WHERE ( `user_id` = '1663726908' ) AND ( `effective_time` <= '2016-01-08' ) ORDER BY effective_time desc LIMIT 1   [ RunTime:0.001001s ]
SQL: SELECT * FROM `channels_level` WHERE ( `user_id` = '999990000000095' ) AND ( `effective_time` <= '2016-01-08' ) ORDER BY effective_time desc LIMIT 1   [ RunTime:0.002000s ]
SQL: SELECT * FROM `channels_level` WHERE ( `user_id` = '999990000000165' ) AND ( `effective_time` <= '2016-01-08' ) ORDER BY effective_time desc LIMIT 1   [ RunTime:0.002000s ]
SQL: SELECT * FROM `channels_level` WHERE ( `user_id` = '999990000023618' ) AND ( `effective_time` <= '2016-01-08' ) ORDER BY effective_time desc LIMIT 1   [ RunTime:0.003000s ]
SQL: SELECT * FROM `channels_level` WHERE ( `user_id` = '999990000000137' ) AND ( `effective_time` <= '2016-01-08' ) ORDER BY effective_time desc LIMIT 1   [ RunTime:0.009001s ]
SQL: SELECT * FROM `channels_level` WHERE ( `user_id` = '999990000000099' ) AND ( `effective_time` <= '2016-01-08' ) ORDER BY effective_time desc LIMIT 1   [ RunTime:0.002000s ]
SQL: SELECT * FROM `channels_level` WHERE ( `user_id` = '1310143817' ) AND ( `effective_time` <= '2016-01-08' ) ORDER BY effective_time desc LIMIT 1   [ RunTime:0.006000s ]
SQL: SELECT * FROM `channels_level` WHERE ( `user_id` = '999990000000103' ) AND ( `effective_time` <= '2016-01-08' ) ORDER BY effective_time desc LIMIT 1   [ RunTime:0.001000s ]
SQL: SELECT * FROM `channels_level` WHERE ( `user_id` = '999990000000106' ) AND ( `effective_time` <= '2016-01-08' ) ORDER BY effective_time desc LIMIT 1   [ RunTime:0.004000s ]
INFO: [ view_parse ] --START--
INFO: [ template_filter ] --START--
INFO: Run Behavior\ContentReplace [ RunTime:0.000000s ]
INFO: [ template_filter ] --END-- [ RunTime:0.000000s ]
INFO: Run Behavior\ParseTemplate [ RunTime:0.015001s ]
INFO: [ view_parse ] --END-- [ RunTime:0.015001s ]
INFO: [ view_filter ] --START--
INFO: Run Behavior\WriteHtmlCache [ RunTime:0.000000s ]
INFO: [ view_filter ] --END-- [ RunTime:0.000000s ]
INFO: [ app_end ] --START--
INFO: Run Behavior\ShowPageTrace [ RunTime:0.001000s ]
INFO: [ app_end ] --END-- [ RunTime:0.001000s ]

[ 2016-01-08T11:33:33+08:00 ] 127.0.0.1 /admin/examine-exportuser.html
INFO: [ app_begin ] --START--
INFO: Run Behavior\ReadHtmlCache [ RunTime:0.001000s ]
INFO: [ app_begin ] --END-- [ RunTime:0.001000s ]
NOTIC: [8192] mysql_connect(): The mysql extension is deprecated and will be removed in the future: use mysqli or PDO instead D:\xampp\htdocs\channels.grandcloud.cn\Application\ThinkPHP\Library\Think\Db\Driver\Mysql.class.php 第 52 行.
SQL: SHOW COLUMNS FROM `channels_user` [ RunTime:0.002000s ]
NOTIC: [2] Missing argument 2 for Admin\Model\ExamineModel::search(), called in D:\xampp\htdocs\channels.grandcloud.cn\Application\Admin\Controller\ExamineController.class.php on line 211 and defined D:\xampp\htdocs\channels.grandcloud.cn\Application\Admin\Model\ExamineModel.class.php 第 9 行.
NOTIC: [2] Missing argument 3 for Admin\Model\ExamineModel::search(), called in D:\xampp\htdocs\channels.grandcloud.cn\Application\Admin\Controller\ExamineController.class.php on line 211 and defined D:\xampp\htdocs\channels.grandcloud.cn\Application\Admin\Model\ExamineModel.class.php 第 9 行.
SQL: SELECT * FROM `channels_user` ORDER BY create_time desc  [ RunTime:0.002000s ]
SQL: SHOW COLUMNS FROM `channels_level` [ RunTime:0.004000s ]
SQL: SELECT * FROM `channels_level` WHERE ( `user_id` = '999990000000106' ) AND ( `effective_time` <= '2016-01-08' ) ORDER BY effective_time desc LIMIT 1   [ RunTime:0.002001s ]
SQL: SELECT * FROM `channels_level` WHERE ( `user_id` = '999990000000103' ) AND ( `effective_time` <= '2016-01-08' ) ORDER BY effective_time desc LIMIT 1   [ RunTime:0.002000s ]
SQL: SELECT * FROM `channels_level` WHERE ( `user_id` = '999990000023618' ) AND ( `effective_time` <= '2016-01-08' ) ORDER BY effective_time desc LIMIT 1   [ RunTime:0.002000s ]
SQL: SELECT * FROM `channels_level` WHERE ( `user_id` = '999990000000137' ) AND ( `effective_time` <= '2016-01-08' ) ORDER BY effective_time desc LIMIT 1   [ RunTime:0.003000s ]
SQL: SELECT * FROM `channels_level` WHERE ( `user_id` = '999990000000099' ) AND ( `effective_time` <= '2016-01-08' ) ORDER BY effective_time desc LIMIT 1   [ RunTime:0.004000s ]
SQL: SELECT * FROM `channels_level` WHERE ( `user_id` = '999990000000165' ) AND ( `effective_time` <= '2016-01-08' ) ORDER BY effective_time desc LIMIT 1   [ RunTime:0.002000s ]
SQL: SELECT * FROM `channels_level` WHERE ( `user_id` = '1310143817' ) AND ( `effective_time` <= '2016-01-08' ) ORDER BY effective_time desc LIMIT 1   [ RunTime:0.005001s ]
SQL: SELECT * FROM `channels_level` WHERE ( `user_id` = '1663726908' ) AND ( `effective_time` <= '2016-01-08' ) ORDER BY effective_time desc LIMIT 1   [ RunTime:0.002000s ]
SQL: SELECT * FROM `channels_level` WHERE ( `user_id` = '999990000000095' ) AND ( `effective_time` <= '2016-01-08' ) ORDER BY effective_time desc LIMIT 1   [ RunTime:0.002000s ]
INFO: [ app_end ] --START--
INFO: Run Behavior\ShowPageTrace [ RunTime:0.001000s ]
INFO: [ app_end ] --END-- [ RunTime:0.001000s ]

[ 2016-01-08T14:12:53+08:00 ] 127.0.0.1 /Admin/examine
INFO: [ app_begin ] --START--
INFO: Run Behavior\ReadHtmlCache [ RunTime:0.001000s ]
INFO: [ app_begin ] --END-- [ RunTime:0.002000s ]
INFO: [ view_parse ] --START--
INFO: [ template_filter ] --START--
INFO: Run Behavior\ContentReplace [ RunTime:0.000000s ]
INFO: [ template_filter ] --END-- [ RunTime:0.001000s ]
INFO: Run Behavior\ParseTemplate [ RunTime:0.007000s ]
INFO: [ view_parse ] --END-- [ RunTime:0.007000s ]
INFO: [ view_filter ] --START--
INFO: Run Behavior\WriteHtmlCache [ RunTime:0.001000s ]
INFO: [ view_filter ] --END-- [ RunTime:0.001000s ]

[ 2016-01-08T14:12:57+08:00 ] 127.0.0.1 /Admin/
INFO: [ app_begin ] --START--
INFO: Run Behavior\ReadHtmlCache [ RunTime:0.001001s ]
INFO: [ app_begin ] --END-- [ RunTime:0.002001s ]
INFO: [ view_parse ] --START--
INFO: [ template_filter ] --START--
INFO: Run Behavior\ContentReplace [ RunTime:0.000000s ]
INFO: [ template_filter ] --END-- [ RunTime:0.000000s ]
INFO: Run Behavior\ParseTemplate [ RunTime:0.007000s ]
INFO: [ view_parse ] --END-- [ RunTime:0.007000s ]
INFO: [ view_filter ] --START--
INFO: Run Behavior\WriteHtmlCache [ RunTime:0.001000s ]
INFO: [ view_filter ] --END-- [ RunTime:0.001000s ]
INFO: [ app_end ] --START--
INFO: Run Behavior\ShowPageTrace [ RunTime:0.001000s ]
INFO: [ app_end ] --END-- [ RunTime:0.001000s ]

[ 2016-01-08T14:13:00+08:00 ] 127.0.0.1 /admin/index-login.html
INFO: [ app_begin ] --START--
INFO: Run Behavior\ReadHtmlCache [ RunTime:0.002000s ]
INFO: [ app_begin ] --END-- [ RunTime:0.002000s ]
NOTIC: [8192] mysql_connect(): The mysql extension is deprecated and will be removed in the future: use mysqli or PDO instead D:\xampp\htdocs\channels.grandcloud.cn\Application\ThinkPHP\Library\Think\Db\Driver\Mysql.class.php 第 52 行.
SQL: SHOW COLUMNS FROM `channels_admin` [ RunTime:0.003000s ]
SQL: SELECT * FROM `channels_admin` WHERE ( `admin_id` = 'root' ) LIMIT 1   [ RunTime:0.013001s ]

[ 2016-01-08T14:13:00+08:00 ] 127.0.0.1 /Admin/examine
INFO: [ app_begin ] --START--
INFO: Run Behavior\ReadHtmlCache [ RunTime:0.000000s ]
INFO: [ app_begin ] --END-- [ RunTime:0.001000s ]
NOTIC: [8] Undefined variable: examineStatus D:\xampp\htdocs\channels.grandcloud.cn\Application\Admin\Controller\ExamineController.class.php 第 35 行.
NOTIC: [8] Undefined variable: map D:\xampp\htdocs\channels.grandcloud.cn\Application\Admin\Controller\ExamineController.class.php 第 41 行.
NOTIC: [2] unlink(./Runtime/Temp/sndaCloud_V1_file_bbd8afe12b50ee3e84111e95fe553b07.php): No such file or directory D:\xampp\htdocs\channels.grandcloud.cn\Application\ThinkPHP\Library\Think\Cache\Driver\File.class.php 第 157 行.
NOTIC: [8192] mysql_connect(): The mysql extension is deprecated and will be removed in the future: use mysqli or PDO instead D:\xampp\htdocs\channels.grandcloud.cn\Application\ThinkPHP\Library\Think\Db\Driver\Mysql.class.php 第 52 行.
SQL: SHOW COLUMNS FROM `channels_user` [ RunTime:0.010001s ]
SQL: SELECT * FROM `channels_user` ORDER BY create_time desc LIMIT 0,500   [ RunTime:0.005000s ]
SQL: SHOW COLUMNS FROM `channels_level` [ RunTime:0.012001s ]
SQL: SELECT * FROM `channels_level` WHERE ( `user_id` = '999990000000106' ) AND ( `effective_time` <= '2016-01-08' ) ORDER BY effective_time desc LIMIT 1   [ RunTime:0.006000s ]
SQL: SELECT * FROM `channels_level` WHERE ( `user_id` = '999990000000103' ) AND ( `effective_time` <= '2016-01-08' ) ORDER BY effective_time desc LIMIT 1   [ RunTime:0.002000s ]
SQL: SELECT * FROM `channels_level` WHERE ( `user_id` = '999990000023618' ) AND ( `effective_time` <= '2016-01-08' ) ORDER BY effective_time desc LIMIT 1   [ RunTime:0.006001s ]
SQL: SELECT * FROM `channels_level` WHERE ( `user_id` = '999990000000137' ) AND ( `effective_time` <= '2016-01-08' ) ORDER BY effective_time desc LIMIT 1   [ RunTime:0.002000s ]
SQL: SELECT * FROM `channels_level` WHERE ( `user_id` = '999990000000099' ) AND ( `effective_time` <= '2016-01-08' ) ORDER BY effective_time desc LIMIT 1   [ RunTime:0.004000s ]
SQL: SELECT * FROM `channels_level` WHERE ( `user_id` = '999990000000165' ) AND ( `effective_time` <= '2016-01-08' ) ORDER BY effective_time desc LIMIT 1   [ RunTime:0.002000s ]
SQL: SELECT * FROM `channels_level` WHERE ( `user_id` = '1310143817' ) AND ( `effective_time` <= '2016-01-08' ) ORDER BY effective_time desc LIMIT 1   [ RunTime:0.006000s ]
SQL: SELECT * FROM `channels_level` WHERE ( `user_id` = '1663726908' ) AND ( `effective_time` <= '2016-01-08' ) ORDER BY effective_time desc LIMIT 1   [ RunTime:0.006001s ]
SQL: SELECT * FROM `channels_level` WHERE ( `user_id` = '999990000000095' ) AND ( `effective_time` <= '2016-01-08' ) ORDER BY effective_time desc LIMIT 1   [ RunTime:0.004000s ]
SQL: SELECT * FROM `channels_user`  [ RunTime:0.012001s ]
SQL: SELECT * FROM `channels_level` WHERE ( `user_id` = '1663726908' ) AND ( `effective_time` <= '2016-01-08' ) ORDER BY effective_time desc LIMIT 1   [ RunTime:0.003000s ]
SQL: SELECT * FROM `channels_level` WHERE ( `user_id` = '999990000000095' ) AND ( `effective_time` <= '2016-01-08' ) ORDER BY effective_time desc LIMIT 1   [ RunTime:0.003000s ]
SQL: SELECT * FROM `channels_level` WHERE ( `user_id` = '999990000000165' ) AND ( `effective_time` <= '2016-01-08' ) ORDER BY effective_time desc LIMIT 1   [ RunTime:0.003000s ]
SQL: SELECT * FROM `channels_level` WHERE ( `user_id` = '999990000023618' ) AND ( `effective_time` <= '2016-01-08' ) ORDER BY effective_time desc LIMIT 1   [ RunTime:0.002000s ]
SQL: SELECT * FROM `channels_level` WHERE ( `user_id` = '999990000000137' ) AND ( `effective_time` <= '2016-01-08' ) ORDER BY effective_time desc LIMIT 1   [ RunTime:0.001000s ]
SQL: SELECT * FROM `channels_level` WHERE ( `user_id` = '999990000000099' ) AND ( `effective_time` <= '2016-01-08' ) ORDER BY effective_time desc LIMIT 1   [ RunTime:0.002000s ]
SQL: SELECT * FROM `channels_level` WHERE ( `user_id` = '1310143817' ) AND ( `effective_time` <= '2016-01-08' ) ORDER BY effective_time desc LIMIT 1   [ RunTime:0.002001s ]
SQL: SELECT * FROM `channels_level` WHERE ( `user_id` = '999990000000103' ) AND ( `effective_time` <= '2016-01-08' ) ORDER BY effective_time desc LIMIT 1   [ RunTime:0.003000s ]
SQL: SELECT * FROM `channels_level` WHERE ( `user_id` = '999990000000106' ) AND ( `effective_time` <= '2016-01-08' ) ORDER BY effective_time desc LIMIT 1   [ RunTime:0.005000s ]
INFO: [ view_parse ] --START--
INFO: [ template_filter ] --START--
INFO: Run Behavior\ContentReplace [ RunTime:0.000000s ]
INFO: [ template_filter ] --END-- [ RunTime:0.001000s ]
INFO: Run Behavior\ParseTemplate [ RunTime:0.013001s ]
INFO: [ view_parse ] --END-- [ RunTime:0.013001s ]
INFO: [ view_filter ] --START--
INFO: Run Behavior\WriteHtmlCache [ RunTime:0.001000s ]
INFO: [ view_filter ] --END-- [ RunTime:0.001000s ]
INFO: [ app_end ] --START--
INFO: Run Behavior\ShowPageTrace [ RunTime:0.001000s ]
INFO: [ app_end ] --END-- [ RunTime:0.001000s ]

[ 2016-01-08T14:13:02+08:00 ] 127.0.0.1 /admin/examine-check-user_id-999990000000106.html
INFO: [ app_begin ] --START--
INFO: Run Behavior\ReadHtmlCache [ RunTime:0.001000s ]
INFO: [ app_begin ] --END-- [ RunTime:0.001000s ]
NOTIC: [8192] mysql_connect(): The mysql extension is deprecated and will be removed in the future: use mysqli or PDO instead D:\xampp\htdocs\channels.grandcloud.cn\Application\ThinkPHP\Library\Think\Db\Driver\Mysql.class.php 第 52 行.
SQL: SHOW COLUMNS FROM `channels_bank` [ RunTime:0.002001s ]
SQL: SELECT * FROM `channels_bank` WHERE ( `user_id` = '999990000000106' ) LIMIT 1   [ RunTime:0.004000s ]
SQL: SHOW COLUMNS FROM `channels_user` [ RunTime:0.002000s ]
SQL: SELECT * FROM `channels_user` WHERE ( `user_id` = '999990000000106' ) LIMIT 1   [ RunTime:0.004000s ]
SQL: SHOW COLUMNS FROM `channels_level` [ RunTime:0.019001s ]
SQL: SELECT * FROM `channels_level` WHERE ( `user_id` = '999990000000106' ) AND ( `effective_time` <= '2016-01-08' ) ORDER BY effective_time desc LIMIT 1   [ RunTime:0.002000s ]
INFO: [ view_parse ] --START--
INFO: [ template_filter ] --START--
INFO: Run Behavior\ContentReplace [ RunTime:0.000000s ]
INFO: [ template_filter ] --END-- [ RunTime:0.000000s ]
NOTIC: [8] Use of undefined constant I - assumed 'I' D:\xampp\htdocs\channels.grandcloud.cn\Runtime\Cache\Admin\7c9273ca214df8763531962986284e86.php 第 68 行.
INFO: Run Behavior\ParseTemplate [ RunTime:0.014001s ]
INFO: [ view_parse ] --END-- [ RunTime:0.014001s ]
INFO: [ view_filter ] --START--
INFO: Run Behavior\WriteHtmlCache [ RunTime:0.001000s ]
INFO: [ view_filter ] --END-- [ RunTime:0.001000s ]
INFO: [ app_end ] --START--
INFO: Run Behavior\ShowPageTrace [ RunTime:0.003000s ]
INFO: [ app_end ] --END-- [ RunTime:0.003000s ]

[ 2016-01-08T14:39:18+08:00 ] 127.0.0.1 /admin/examine-showuser-user_id-999990000000106.html
INFO: [ app_begin ] --START--
INFO: Run Behavior\ReadHtmlCache [ RunTime:0.001001s ]
INFO: [ app_begin ] --END-- [ RunTime:0.001001s ]
NOTIC: [8192] mysql_connect(): The mysql extension is deprecated and will be removed in the future: use mysqli or PDO instead D:\xampp\htdocs\channels.grandcloud.cn\Application\ThinkPHP\Library\Think\Db\Driver\Mysql.class.php 第 52 行.
SQL: SHOW COLUMNS FROM `channels_user` [ RunTime:0.006000s ]
SQL: SELECT * FROM `channels_user` WHERE ( `user_id` = '999990000000106' ) LIMIT 1   [ RunTime:0.003000s ]
INFO: [ view_parse ] --START--
INFO: [ template_filter ] --START--
INFO: Run Behavior\ContentReplace [ RunTime:0.000000s ]
INFO: [ template_filter ] --END-- [ RunTime:0.000000s ]
NOTIC: [8] Undefined index: user_company D:\xampp\htdocs\channels.grandcloud.cn\Runtime\Cache\Admin\7539773a5f7e6ffdda513047bcdd55cd.php 第 148 行.
NOTIC: [8] Undefined index: user_company D:\xampp\htdocs\channels.grandcloud.cn\Runtime\Cache\Admin\7539773a5f7e6ffdda513047bcdd55cd.php 第 149 行.
NOTIC: [8] Undefined index: user_website D:\xampp\htdocs\channels.grandcloud.cn\Runtime\Cache\Admin\7539773a5f7e6ffdda513047bcdd55cd.php 第 153 行.
NOTIC: [8] Undefined index: user_website D:\xampp\htdocs\channels.grandcloud.cn\Runtime\Cache\Admin\7539773a5f7e6ffdda513047bcdd55cd.php 第 154 行.
NOTIC: [8] Undefined index: addr D:\xampp\htdocs\channels.grandcloud.cn\Runtime\Cache\Admin\7539773a5f7e6ffdda513047bcdd55cd.php 第 163 行.
NOTIC: [8] Undefined index: addr D:\xampp\htdocs\channels.grandcloud.cn\Runtime\Cache\Admin\7539773a5f7e6ffdda513047bcdd55cd.php 第 164 行.
INFO: Run Behavior\ParseTemplate [ RunTime:0.014001s ]
INFO: [ view_parse ] --END-- [ RunTime:0.014001s ]
INFO: [ view_filter ] --START--
INFO: Run Behavior\WriteHtmlCache [ RunTime:0.001000s ]
INFO: [ view_filter ] --END-- [ RunTime:0.001000s ]
INFO: [ app_end ] --START--
INFO: Run Behavior\ShowPageTrace [ RunTime:0.003000s ]
INFO: [ app_end ] --END-- [ RunTime:0.003000s ]

[ 2016-01-08T14:39:25+08:00 ] 127.0.0.1 /admin/examine-changeuser.html
INFO: [ app_begin ] --START--
INFO: Run Behavior\ReadHtmlCache [ RunTime:0.001000s ]
INFO: [ app_begin ] --END-- [ RunTime:0.002000s ]
NOTIC: [2] Illegal string offset 'province' D:\xampp\htdocs\channels.grandcloud.cn\Application\Admin\Controller\ExamineController.class.php 第 166 行.
NOTIC: [8] Uninitialized string offset: 0 D:\xampp\htdocs\channels.grandcloud.cn\Application\Admin\Controller\ExamineController.class.php 第 166 行.
NOTIC: [2] Illegal string offset 'city' D:\xampp\htdocs\channels.grandcloud.cn\Application\Admin\Controller\ExamineController.class.php 第 167 行.
NOTIC: [8] Uninitialized string offset: 0 D:\xampp\htdocs\channels.grandcloud.cn\Application\Admin\Controller\ExamineController.class.php 第 167 行.
NOTIC: [2] Illegal string offset 'area' D:\xampp\htdocs\channels.grandcloud.cn\Application\Admin\Controller\ExamineController.class.php 第 168 行.
NOTIC: [8] Uninitialized string offset: 0 D:\xampp\htdocs\channels.grandcloud.cn\Application\Admin\Controller\ExamineController.class.php 第 168 行.
NOTIC: [2] Illegal string offset 'company_address' D:\xampp\htdocs\channels.grandcloud.cn\Application\Admin\Controller\ExamineController.class.php 第 169 行.
NOTIC: [8] Uninitialized string offset: 0 D:\xampp\htdocs\channels.grandcloud.cn\Application\Admin\Controller\ExamineController.class.php 第 169 行.
NOTIC: [8] Undefined index: others D:\xampp\htdocs\channels.grandcloud.cn\Application\Admin\Controller\ExamineController.class.php 第 178 行.
NOTIC: [8] Undefined index: business D:\xampp\htdocs\channels.grandcloud.cn\Application\Admin\Controller\ExamineController.class.php 第 181 行.
NOTIC: [2] implode(): Invalid arguments passed D:\xampp\htdocs\channels.grandcloud.cn\Application\Admin\Controller\ExamineController.class.php 第 181 行.
NOTIC: [8192] mysql_connect(): The mysql extension is deprecated and will be removed in the future: use mysqli or PDO instead D:\xampp\htdocs\channels.grandcloud.cn\Application\ThinkPHP\Library\Think\Db\Driver\Mysql.class.php 第 52 行.
SQL: SHOW COLUMNS FROM `channels_user` [ RunTime:0.003000s ]
NOTIC: [8] Undefined index: user_id D:\xampp\htdocs\channels.grandcloud.cn\Application\Admin\Controller\ExamineController.class.php 第 186 行.
SQL: UPDATE `channels_user` SET `company_address`='{\"province\":\"\",\"city\":\"\",\"area\":\"\",\"others\":\"\"}',`company_business`=null WHERE ( `user_id` = null ) [ RunTime:0.001000s ]
INFO: [ view_parse ] --START--
INFO: [ template_filter ] --START--
INFO: Run Behavior\ContentReplace [ RunTime:0.000000s ]
INFO: [ template_filter ] --END-- [ RunTime:0.000000s ]
INFO: Run Behavior\ParseTemplate [ RunTime:0.006000s ]
INFO: [ view_parse ] --END-- [ RunTime:0.007000s ]
INFO: [ view_filter ] --START--
INFO: Run Behavior\WriteHtmlCache [ RunTime:0.001001s ]
INFO: [ view_filter ] --END-- [ RunTime:0.001001s ]
INFO: [ app_end ] --START--
INFO: Run Behavior\ShowPageTrace [ RunTime:0.000000s ]
INFO: [ app_end ] --END-- [ RunTime:0.000000s ]

[ 2016-01-08T14:39:26+08:00 ] 127.0.0.1 /admin/examine-showuser-user_id-999990000000106.html
INFO: [ app_begin ] --START--
INFO: Run Behavior\ReadHtmlCache [ RunTime:0.001000s ]
INFO: [ app_begin ] --END-- [ RunTime:0.004000s ]
NOTIC: [8192] mysql_connect(): The mysql extension is deprecated and will be removed in the future: use mysqli or PDO instead D:\xampp\htdocs\channels.grandcloud.cn\Application\ThinkPHP\Library\Think\Db\Driver\Mysql.class.php 第 52 行.
SQL: SHOW COLUMNS FROM `channels_user` [ RunTime:0.003000s ]
SQL: SELECT * FROM `channels_user` WHERE ( `user_id` = '999990000000106' ) LIMIT 1   [ RunTime:0.007001s ]
INFO: [ view_parse ] --START--
INFO: [ template_filter ] --START--
INFO: Run Behavior\ContentReplace [ RunTime:0.000000s ]
INFO: [ template_filter ] --END-- [ RunTime:0.000000s ]
NOTIC: [8] Undefined index: user_company D:\xampp\htdocs\channels.grandcloud.cn\Runtime\Cache\Admin\7539773a5f7e6ffdda513047bcdd55cd.php 第 148 行.
NOTIC: [8] Undefined index: user_company D:\xampp\htdocs\channels.grandcloud.cn\Runtime\Cache\Admin\7539773a5f7e6ffdda513047bcdd55cd.php 第 149 行.
NOTIC: [8] Undefined index: user_website D:\xampp\htdocs\channels.grandcloud.cn\Runtime\Cache\Admin\7539773a5f7e6ffdda513047bcdd55cd.php 第 153 行.
NOTIC: [8] Undefined index: user_website D:\xampp\htdocs\channels.grandcloud.cn\Runtime\Cache\Admin\7539773a5f7e6ffdda513047bcdd55cd.php 第 154 行.
NOTIC: [8] Undefined index: addr D:\xampp\htdocs\channels.grandcloud.cn\Runtime\Cache\Admin\7539773a5f7e6ffdda513047bcdd55cd.php 第 163 行.
NOTIC: [8] Undefined index: addr D:\xampp\htdocs\channels.grandcloud.cn\Runtime\Cache\Admin\7539773a5f7e6ffdda513047bcdd55cd.php 第 164 行.
INFO: Run Behavior\ParseTemplate [ RunTime:0.014001s ]
INFO: [ view_parse ] --END-- [ RunTime:0.014001s ]
INFO: [ view_filter ] --START--
INFO: Run Behavior\WriteHtmlCache [ RunTime:0.001000s ]
INFO: [ view_filter ] --END-- [ RunTime:0.001000s ]
INFO: [ app_end ] --START--
INFO: Run Behavior\ShowPageTrace [ RunTime:0.002000s ]
INFO: [ app_end ] --END-- [ RunTime:0.002000s ]

[ 2016-01-08T14:39:54+08:00 ] 127.0.0.1 /admin/Examine
INFO: [ app_begin ] --START--
INFO: Run Behavior\ReadHtmlCache [ RunTime:0.001000s ]
INFO: [ app_begin ] --END-- [ RunTime:0.001000s ]
NOTIC: [8] Undefined variable: examineStatus D:\xampp\htdocs\channels.grandcloud.cn\Application\Admin\Controller\ExamineController.class.php 第 35 行.
NOTIC: [8] Undefined variable: map D:\xampp\htdocs\channels.grandcloud.cn\Application\Admin\Controller\ExamineController.class.php 第 41 行.
NOTIC: [2] unlink(./Runtime/Temp/sndaCloud_V1_file_bbd8afe12b50ee3e84111e95fe553b07.php): No such file or directory D:\xampp\htdocs\channels.grandcloud.cn\Application\ThinkPHP\Library\Think\Cache\Driver\File.class.php 第 157 行.
NOTIC: [8192] mysql_connect(): The mysql extension is deprecated and will be removed in the future: use mysqli or PDO instead D:\xampp\htdocs\channels.grandcloud.cn\Application\ThinkPHP\Library\Think\Db\Driver\Mysql.class.php 第 52 行.
SQL: SHOW COLUMNS FROM `channels_user` [ RunTime:0.008001s ]
SQL: SELECT * FROM `channels_user` ORDER BY create_time desc LIMIT 0,500   [ RunTime:0.003000s ]
SQL: SHOW COLUMNS FROM `channels_level` [ RunTime:0.003000s ]
SQL: SELECT * FROM `channels_level` WHERE ( `user_id` = '999990000000106' ) AND ( `effective_time` <= '2016-01-08' ) ORDER BY effective_time desc LIMIT 1   [ RunTime:0.002000s ]
SQL: SELECT * FROM `channels_level` WHERE ( `user_id` = '999990000000103' ) AND ( `effective_time` <= '2016-01-08' ) ORDER BY effective_time desc LIMIT 1   [ RunTime:0.004001s ]
SQL: SELECT * FROM `channels_level` WHERE ( `user_id` = '999990000023618' ) AND ( `effective_time` <= '2016-01-08' ) ORDER BY effective_time desc LIMIT 1   [ RunTime:0.001000s ]
SQL: SELECT * FROM `channels_level` WHERE ( `user_id` = '999990000000137' ) AND ( `effective_time` <= '2016-01-08' ) ORDER BY effective_time desc LIMIT 1   [ RunTime:0.001000s ]
SQL: SELECT * FROM `channels_level` WHERE ( `user_id` = '999990000000099' ) AND ( `effective_time` <= '2016-01-08' ) ORDER BY effective_time desc LIMIT 1   [ RunTime:0.002000s ]
SQL: SELECT * FROM `channels_level` WHERE ( `user_id` = '999990000000165' ) AND ( `effective_time` <= '2016-01-08' ) ORDER BY effective_time desc LIMIT 1   [ RunTime:0.002000s ]
SQL: SELECT * FROM `channels_level` WHERE ( `user_id` = '1310143817' ) AND ( `effective_time` <= '2016-01-08' ) ORDER BY effective_time desc LIMIT 1   [ RunTime:0.001000s ]
SQL: SELECT * FROM `channels_level` WHERE ( `user_id` = '1663726908' ) AND ( `effective_time` <= '2016-01-08' ) ORDER BY effective_time desc LIMIT 1   [ RunTime:0.002000s ]
SQL: SELECT * FROM `channels_level` WHERE ( `user_id` = '999990000000095' ) AND ( `effective_time` <= '2016-01-08' ) ORDER BY effective_time desc LIMIT 1   [ RunTime:0.005000s ]
SQL: SELECT * FROM `channels_user`  [ RunTime:0.003001s ]
SQL: SELECT * FROM `channels_level` WHERE ( `user_id` = '1663726908' ) AND ( `effective_time` <= '2016-01-08' ) ORDER BY effective_time desc LIMIT 1   [ RunTime:0.002000s ]
SQL: SELECT * FROM `channels_level` WHERE ( `user_id` = '999990000000095' ) AND ( `effective_time` <= '2016-01-08' ) ORDER BY effective_time desc LIMIT 1   [ RunTime:0.002000s ]
SQL: SELECT * FROM `channels_level` WHERE ( `user_id` = '999990000000165' ) AND ( `effective_time` <= '2016-01-08' ) ORDER BY effective_time desc LIMIT 1   [ RunTime:0.001000s ]
SQL: SELECT * FROM `channels_level` WHERE ( `user_id` = '999990000023618' ) AND ( `effective_time` <= '2016-01-08' ) ORDER BY effective_time desc LIMIT 1   [ RunTime:0.002000s ]
SQL: SELECT * FROM `channels_level` WHERE ( `user_id` = '999990000000137' ) AND ( `effective_time` <= '2016-01-08' ) ORDER BY effective_time desc LIMIT 1   [ RunTime:0.001000s ]
SQL: SELECT * FROM `channels_level` WHERE ( `user_id` = '999990000000099' ) AND ( `effective_time` <= '2016-01-08' ) ORDER BY effective_time desc LIMIT 1   [ RunTime:0.002000s ]
SQL: SELECT * FROM `channels_level` WHERE ( `user_id` = '1310143817' ) AND ( `effective_time` <= '2016-01-08' ) ORDER BY effective_time desc LIMIT 1   [ RunTime:0.002000s ]
SQL: SELECT * FROM `channels_level` WHERE ( `user_id` = '999990000000103' ) AND ( `effective_time` <= '2016-01-08' ) ORDER BY effective_time desc LIMIT 1   [ RunTime:0.002000s ]
SQL: SELECT * FROM `channels_level` WHERE ( `user_id` = '999990000000106' ) AND ( `effective_time` <= '2016-01-08' ) ORDER BY effective_time desc LIMIT 1   [ RunTime:0.001001s ]
INFO: [ view_parse ] --START--
INFO: [ template_filter ] --START--
INFO: Run Behavior\ContentReplace [ RunTime:0.000000s ]
INFO: [ template_filter ] --END-- [ RunTime:0.000000s ]
INFO: Run Behavior\ParseTemplate [ RunTime:0.012000s ]
INFO: [ view_parse ] --END-- [ RunTime:0.012000s ]
INFO: [ view_filter ] --START--
INFO: Run Behavior\WriteHtmlCache [ RunTime:0.001000s ]
INFO: [ view_filter ] --END-- [ RunTime:0.001000s ]
INFO: [ app_end ] --START--
INFO: Run Behavior\ShowPageTrace [ RunTime:0.001000s ]
INFO: [ app_end ] --END-- [ RunTime:0.001000s ]

[ 2016-01-08T14:39:56+08:00 ] 127.0.0.1 /admin/examine-check-user_id-999990000000106.html
INFO: [ app_begin ] --START--
INFO: Run Behavior\ReadHtmlCache [ RunTime:0.001000s ]
INFO: [ app_begin ] --END-- [ RunTime:0.001000s ]
NOTIC: [8192] mysql_connect(): The mysql extension is deprecated and will be removed in the future: use mysqli or PDO instead D:\xampp\htdocs\channels.grandcloud.cn\Application\ThinkPHP\Library\Think\Db\Driver\Mysql.class.php 第 52 行.
SQL: SHOW COLUMNS FROM `channels_bank` [ RunTime:0.002000s ]
SQL: SELECT * FROM `channels_bank` WHERE ( `user_id` = '999990000000106' ) LIMIT 1   [ RunTime:0.002000s ]
SQL: SHOW COLUMNS FROM `channels_user` [ RunTime:0.002000s ]
SQL: SELECT * FROM `channels_user` WHERE ( `user_id` = '999990000000106' ) LIMIT 1   [ RunTime:0.003000s ]
SQL: SHOW COLUMNS FROM `channels_level` [ RunTime:0.003001s ]
SQL: SELECT * FROM `channels_level` WHERE ( `user_id` = '999990000000106' ) AND ( `effective_time` <= '2016-01-08' ) ORDER BY effective_time desc LIMIT 1   [ RunTime:0.001000s ]
INFO: [ view_parse ] --START--
INFO: [ template_filter ] --START--
INFO: Run Behavior\ContentReplace [ RunTime:0.001000s ]
INFO: [ template_filter ] --END-- [ RunTime:0.001000s ]
NOTIC: [8] Use of undefined constant I - assumed 'I' D:\xampp\htdocs\channels.grandcloud.cn\Runtime\Cache\Admin\7c9273ca214df8763531962986284e86.php 第 68 行.
INFO: Run Behavior\ParseTemplate [ RunTime:0.013001s ]
INFO: [ view_parse ] --END-- [ RunTime:0.013001s ]
INFO: [ view_filter ] --START--
INFO: Run Behavior\WriteHtmlCache [ RunTime:0.001000s ]
INFO: [ view_filter ] --END-- [ RunTime:0.001000s ]
INFO: [ app_end ] --START--
INFO: Run Behavior\ShowPageTrace [ RunTime:0.001000s ]
INFO: [ app_end ] --END-- [ RunTime:0.001000s ]

[ 2016-01-08T14:40:00+08:00 ] 127.0.0.1 /admin/examine-showuser-user_id-999990000000106.html
INFO: [ app_begin ] --START--
INFO: Run Behavior\ReadHtmlCache [ RunTime:0.001000s ]
INFO: [ app_begin ] --END-- [ RunTime:0.001000s ]
NOTIC: [8192] mysql_connect(): The mysql extension is deprecated and will be removed in the future: use mysqli or PDO instead D:\xampp\htdocs\channels.grandcloud.cn\Application\ThinkPHP\Library\Think\Db\Driver\Mysql.class.php 第 52 行.
SQL: SHOW COLUMNS FROM `channels_user` [ RunTime:0.003001s ]
SQL: SELECT * FROM `channels_user` WHERE ( `user_id` = '999990000000106' ) LIMIT 1   [ RunTime:0.003000s ]
INFO: [ view_parse ] --START--
INFO: [ template_filter ] --START--
INFO: Run Behavior\ContentReplace [ RunTime:0.000000s ]
INFO: [ template_filter ] --END-- [ RunTime:0.000000s ]
NOTIC: [8] Undefined index: user_company D:\xampp\htdocs\channels.grandcloud.cn\Runtime\Cache\Admin\7539773a5f7e6ffdda513047bcdd55cd.php 第 148 行.
NOTIC: [8] Undefined index: user_company D:\xampp\htdocs\channels.grandcloud.cn\Runtime\Cache\Admin\7539773a5f7e6ffdda513047bcdd55cd.php 第 149 行.
NOTIC: [8] Undefined index: user_website D:\xampp\htdocs\channels.grandcloud.cn\Runtime\Cache\Admin\7539773a5f7e6ffdda513047bcdd55cd.php 第 153 行.
NOTIC: [8] Undefined index: user_website D:\xampp\htdocs\channels.grandcloud.cn\Runtime\Cache\Admin\7539773a5f7e6ffdda513047bcdd55cd.php 第 154 行.
NOTIC: [8] Undefined index: addr D:\xampp\htdocs\channels.grandcloud.cn\Runtime\Cache\Admin\7539773a5f7e6ffdda513047bcdd55cd.php 第 163 行.
NOTIC: [8] Undefined index: addr D:\xampp\htdocs\channels.grandcloud.cn\Runtime\Cache\Admin\7539773a5f7e6ffdda513047bcdd55cd.php 第 164 行.
INFO: Run Behavior\ParseTemplate [ RunTime:0.014001s ]
INFO: [ view_parse ] --END-- [ RunTime:0.014001s ]
INFO: [ view_filter ] --START--
INFO: Run Behavior\WriteHtmlCache [ RunTime:0.000000s ]
INFO: [ view_filter ] --END-- [ RunTime:0.000000s ]
INFO: [ app_end ] --START--
INFO: Run Behavior\ShowPageTrace [ RunTime:0.004000s ]
INFO: [ app_end ] --END-- [ RunTime:0.004000s ]

[ 2016-01-08T14:40:04+08:00 ] 127.0.0.1 /admin/examine-changeuser.html
INFO: [ app_begin ] --START--
INFO: Run Behavior\ReadHtmlCache [ RunTime:0.001000s ]
INFO: [ app_begin ] --END-- [ RunTime:0.001000s ]

[ 2016-01-08T14:40:28+08:00 ] 127.0.0.1 /admin/examine-showuser-user_id-999990000000106.html
INFO: [ app_begin ] --START--
INFO: Run Behavior\ReadHtmlCache [ RunTime:0.001001s ]
INFO: [ app_begin ] --END-- [ RunTime:0.001001s ]
NOTIC: [8192] mysql_connect(): The mysql extension is deprecated and will be removed in the future: use mysqli or PDO instead D:\xampp\htdocs\channels.grandcloud.cn\Application\ThinkPHP\Library\Think\Db\Driver\Mysql.class.php 第 52 行.
SQL: SHOW COLUMNS FROM `channels_user` [ RunTime:0.002000s ]
SQL: SELECT * FROM `channels_user` WHERE ( `user_id` = '999990000000106' ) LIMIT 1   [ RunTime:0.003000s ]
INFO: [ view_parse ] --START--
INFO: [ template_filter ] --START--
INFO: Run Behavior\ContentReplace [ RunTime:0.000000s ]
INFO: [ template_filter ] --END-- [ RunTime:0.000000s ]
NOTIC: [8] Undefined index: user_company D:\xampp\htdocs\channels.grandcloud.cn\Runtime\Cache\Admin\7539773a5f7e6ffdda513047bcdd55cd.php 第 148 行.
NOTIC: [8] Undefined index: user_company D:\xampp\htdocs\channels.grandcloud.cn\Runtime\Cache\Admin\7539773a5f7e6ffdda513047bcdd55cd.php 第 149 行.
NOTIC: [8] Undefined index: user_website D:\xampp\htdocs\channels.grandcloud.cn\Runtime\Cache\Admin\7539773a5f7e6ffdda513047bcdd55cd.php 第 153 行.
NOTIC: [8] Undefined index: user_website D:\xampp\htdocs\channels.grandcloud.cn\Runtime\Cache\Admin\7539773a5f7e6ffdda513047bcdd55cd.php 第 154 行.
NOTIC: [8] Undefined index: addr D:\xampp\htdocs\channels.grandcloud.cn\Runtime\Cache\Admin\7539773a5f7e6ffdda513047bcdd55cd.php 第 163 行.
NOTIC: [8] Undefined index: addr D:\xampp\htdocs\channels.grandcloud.cn\Runtime\Cache\Admin\7539773a5f7e6ffdda513047bcdd55cd.php 第 164 行.
INFO: Run Behavior\ParseTemplate [ RunTime:0.013001s ]
INFO: [ view_parse ] --END-- [ RunTime:0.014001s ]
INFO: [ view_filter ] --START--
INFO: Run Behavior\WriteHtmlCache [ RunTime:0.000000s ]
INFO: [ view_filter ] --END-- [ RunTime:0.000000s ]
INFO: [ app_end ] --START--
INFO: Run Behavior\ShowPageTrace [ RunTime:0.004000s ]
INFO: [ app_end ] --END-- [ RunTime:0.004000s ]

[ 2016-01-08T14:40:32+08:00 ] 127.0.0.1 /admin/examine-changeuser.html
INFO: [ app_begin ] --START--
INFO: Run Behavior\ReadHtmlCache [ RunTime:0.001000s ]
INFO: [ app_begin ] --END-- [ RunTime:0.001000s ]

[ 2016-01-08T14:40:42+08:00 ] 127.0.0.1 /admin/examine-showuser-user_id-999990000000106.html
INFO: [ app_begin ] --START--
INFO: Run Behavior\ReadHtmlCache [ RunTime:0.000000s ]
INFO: [ app_begin ] --END-- [ RunTime:0.001000s ]
NOTIC: [8192] mysql_connect(): The mysql extension is deprecated and will be removed in the future: use mysqli or PDO instead D:\xampp\htdocs\channels.grandcloud.cn\Application\ThinkPHP\Library\Think\Db\Driver\Mysql.class.php 第 52 行.
SQL: SHOW COLUMNS FROM `channels_user` [ RunTime:0.015001s ]
SQL: SELECT * FROM `channels_user` WHERE ( `user_id` = '999990000000106' ) LIMIT 1   [ RunTime:0.003000s ]
INFO: [ view_parse ] --START--
INFO: [ template_filter ] --START--
INFO: Run Behavior\ContentReplace [ RunTime:0.000000s ]
INFO: [ template_filter ] --END-- [ RunTime:0.001000s ]
NOTIC: [8] Undefined index: user_company D:\xampp\htdocs\channels.grandcloud.cn\Runtime\Cache\Admin\7539773a5f7e6ffdda513047bcdd55cd.php 第 148 行.
NOTIC: [8] Undefined index: user_company D:\xampp\htdocs\channels.grandcloud.cn\Runtime\Cache\Admin\7539773a5f7e6ffdda513047bcdd55cd.php 第 149 行.
NOTIC: [8] Undefined index: user_website D:\xampp\htdocs\channels.grandcloud.cn\Runtime\Cache\Admin\7539773a5f7e6ffdda513047bcdd55cd.php 第 153 行.
NOTIC: [8] Undefined index: user_website D:\xampp\htdocs\channels.grandcloud.cn\Runtime\Cache\Admin\7539773a5f7e6ffdda513047bcdd55cd.php 第 154 行.
NOTIC: [8] Undefined index: addr D:\xampp\htdocs\channels.grandcloud.cn\Runtime\Cache\Admin\7539773a5f7e6ffdda513047bcdd55cd.php 第 163 行.
NOTIC: [8] Undefined index: addr D:\xampp\htdocs\channels.grandcloud.cn\Runtime\Cache\Admin\7539773a5f7e6ffdda513047bcdd55cd.php 第 164 行.
INFO: Run Behavior\ParseTemplate [ RunTime:0.012001s ]
INFO: [ view_parse ] --END-- [ RunTime:0.013001s ]
INFO: [ view_filter ] --START--
INFO: Run Behavior\WriteHtmlCache [ RunTime:0.000000s ]
INFO: [ view_filter ] --END-- [ RunTime:0.000000s ]
INFO: [ app_end ] --START--
INFO: Run Behavior\ShowPageTrace [ RunTime:0.003000s ]
INFO: [ app_end ] --END-- [ RunTime:0.003000s ]

[ 2016-01-08T14:40:47+08:00 ] 127.0.0.1 /admin/examine-changeuser.html
INFO: [ app_begin ] --START--
INFO: Run Behavior\ReadHtmlCache [ RunTime:0.002000s ]
INFO: [ app_begin ] --END-- [ RunTime:0.002000s ]
NOTIC: [8192] mysql_connect(): The mysql extension is deprecated and will be removed in the future: use mysqli or PDO instead D:\xampp\htdocs\channels.grandcloud.cn\Application\ThinkPHP\Library\Think\Db\Driver\Mysql.class.php 第 52 行.
SQL: SHOW COLUMNS FROM `channels_user` [ RunTime:0.003000s ]
SQL: UPDATE `channels_user` SET `user_id`='999990000000106',`company_name`='上海大学',`company_website`='www.baidu.com',`company_rc`=100,`company_size`='150-200',`company_sv`=100,`company_tel`='18818217017',`company_email`='2496854473@qq.com',`company_address`='{\"province\":\"北京\",\"city\":\"北京市\",\"area\":\"东城区\",\"others\":\"永丰乡\"}',`company_agent`=1,`user_name`='冯郭飞123',`user_phone`='18818217017',`user_email`='2496854473@qq.com',`user_qq`='2496854473',`user_remark`='备注',`company_business`='IDC托管,网站建设,APP外包,解决方案提供商,云服务提供商,其它,好好学习、天天向上' WHERE ( `user_id` = '999990000000106' ) [ RunTime:0.001000s ]
INFO: [ view_parse ] --START--
INFO: [ template_filter ] --START--
INFO: Run Behavior\ContentReplace [ RunTime:0.000000s ]
INFO: [ template_filter ] --END-- [ RunTime:0.000000s ]
INFO: Run Behavior\ParseTemplate [ RunTime:0.006001s ]
INFO: [ view_parse ] --END-- [ RunTime:0.006001s ]
INFO: [ view_filter ] --START--
INFO: Run Behavior\WriteHtmlCache [ RunTime:0.001000s ]
INFO: [ view_filter ] --END-- [ RunTime:0.001000s ]
INFO: [ app_end ] --START--
INFO: Run Behavior\ShowPageTrace [ RunTime:0.001000s ]
INFO: [ app_end ] --END-- [ RunTime:0.001000s ]

[ 2016-01-08T14:40:48+08:00 ] 127.0.0.1 /admin/examine-showuser-user_id-999990000000106.html
INFO: [ app_begin ] --START--
INFO: Run Behavior\ReadHtmlCache [ RunTime:0.001000s ]
INFO: [ app_begin ] --END-- [ RunTime:0.001000s ]
NOTIC: [8192] mysql_connect(): The mysql extension is deprecated and will be removed in the future: use mysqli or PDO instead D:\xampp\htdocs\channels.grandcloud.cn\Application\ThinkPHP\Library\Think\Db\Driver\Mysql.class.php 第 52 行.
SQL: SHOW COLUMNS FROM `channels_user` [ RunTime:0.002000s ]
SQL: SELECT * FROM `channels_user` WHERE ( `user_id` = '999990000000106' ) LIMIT 1   [ RunTime:0.003000s ]
INFO: [ view_parse ] --START--
INFO: [ template_filter ] --START--
INFO: Run Behavior\ContentReplace [ RunTime:0.000000s ]
INFO: [ template_filter ] --END-- [ RunTime:0.000000s ]
NOTIC: [8] Undefined index: user_company D:\xampp\htdocs\channels.grandcloud.cn\Runtime\Cache\Admin\7539773a5f7e6ffdda513047bcdd55cd.php 第 148 行.
NOTIC: [8] Undefined index: user_company D:\xampp\htdocs\channels.grandcloud.cn\Runtime\Cache\Admin\7539773a5f7e6ffdda513047bcdd55cd.php 第 149 行.
NOTIC: [8] Undefined index: user_website D:\xampp\htdocs\channels.grandcloud.cn\Runtime\Cache\Admin\7539773a5f7e6ffdda513047bcdd55cd.php 第 153 行.
NOTIC: [8] Undefined index: user_website D:\xampp\htdocs\channels.grandcloud.cn\Runtime\Cache\Admin\7539773a5f7e6ffdda513047bcdd55cd.php 第 154 行.
NOTIC: [8] Undefined index: addr D:\xampp\htdocs\channels.grandcloud.cn\Runtime\Cache\Admin\7539773a5f7e6ffdda513047bcdd55cd.php 第 163 行.
NOTIC: [8] Undefined index: addr D:\xampp\htdocs\channels.grandcloud.cn\Runtime\Cache\Admin\7539773a5f7e6ffdda513047bcdd55cd.php 第 164 行.
INFO: Run Behavior\ParseTemplate [ RunTime:0.019001s ]
INFO: [ view_parse ] --END-- [ RunTime:0.020001s ]
INFO: [ view_filter ] --START--
INFO: Run Behavior\WriteHtmlCache [ RunTime:0.000000s ]
INFO: [ view_filter ] --END-- [ RunTime:0.000000s ]
INFO: [ app_end ] --START--
INFO: Run Behavior\ShowPageTrace [ RunTime:0.001000s ]
INFO: [ app_end ] --END-- [ RunTime:0.001000s ]

[ 2016-01-08T14:40:54+08:00 ] 127.0.0.1 /admin/examine-changeuser.html
INFO: [ app_begin ] --START--
INFO: Run Behavior\ReadHtmlCache [ RunTime:0.000000s ]
INFO: [ app_begin ] --END-- [ RunTime:0.001000s ]
NOTIC: [8192] mysql_connect(): The mysql extension is deprecated and will be removed in the future: use mysqli or PDO instead D:\xampp\htdocs\channels.grandcloud.cn\Application\ThinkPHP\Library\Think\Db\Driver\Mysql.class.php 第 52 行.
SQL: SHOW COLUMNS FROM `channels_user` [ RunTime:0.003000s ]
SQL: UPDATE `channels_user` SET `user_id`='999990000000106',`company_name`='上海大学',`company_website`='www.baidu.com',`company_rc`=100,`company_size`='150-200',`company_sv`=100,`company_tel`='18818217017',`company_email`='2496854473@qq.com',`company_address`='{\"province\":\"北京\",\"city\":\"北京市\",\"area\":\"东城区\",\"others\":\"永丰乡\"}',`company_agent`=1,`user_name`='冯郭飞',`user_phone`='18818217017',`user_email`='2496854473@qq.com',`user_qq`='2496854473',`user_remark`='备注',`company_business`='IDC托管,网站建设,APP外包,解决方案提供商,云服务提供商,其它,好好学习、天天向上' WHERE ( `user_id` = '999990000000106' ) [ RunTime:0.001000s ]
INFO: [ view_parse ] --START--
INFO: [ template_filter ] --START--
INFO: Run Behavior\ContentReplace [ RunTime:0.000000s ]
INFO: [ template_filter ] --END-- [ RunTime:0.000000s ]
INFO: Run Behavior\ParseTemplate [ RunTime:0.007001s ]
INFO: [ view_parse ] --END-- [ RunTime:0.007001s ]
INFO: [ view_filter ] --START--
INFO: Run Behavior\WriteHtmlCache [ RunTime:0.001000s ]
INFO: [ view_filter ] --END-- [ RunTime:0.001000s ]
INFO: [ app_end ] --START--
INFO: Run Behavior\ShowPageTrace [ RunTime:0.000000s ]
INFO: [ app_end ] --END-- [ RunTime:0.000000s ]

[ 2016-01-08T14:40:55+08:00 ] 127.0.0.1 /admin/examine-showuser-user_id-999990000000106.html
INFO: [ app_begin ] --START--
INFO: Run Behavior\ReadHtmlCache [ RunTime:0.000000s ]
INFO: [ app_begin ] --END-- [ RunTime:0.001000s ]
NOTIC: [8192] mysql_connect(): The mysql extension is deprecated and will be removed in the future: use mysqli or PDO instead D:\xampp\htdocs\channels.grandcloud.cn\Application\ThinkPHP\Library\Think\Db\Driver\Mysql.class.php 第 52 行.
SQL: SHOW COLUMNS FROM `channels_user` [ RunTime:0.014001s ]
SQL: SELECT * FROM `channels_user` WHERE ( `user_id` = '999990000000106' ) LIMIT 1   [ RunTime:0.003000s ]
INFO: [ view_parse ] --START--
INFO: [ template_filter ] --START--
INFO: Run Behavior\ContentReplace [ RunTime:0.000000s ]
INFO: [ template_filter ] --END-- [ RunTime:0.000000s ]
NOTIC: [8] Undefined index: user_company D:\xampp\htdocs\channels.grandcloud.cn\Runtime\Cache\Admin\7539773a5f7e6ffdda513047bcdd55cd.php 第 148 行.
NOTIC: [8] Undefined index: user_company D:\xampp\htdocs\channels.grandcloud.cn\Runtime\Cache\Admin\7539773a5f7e6ffdda513047bcdd55cd.php 第 149 行.
NOTIC: [8] Undefined index: user_website D:\xampp\htdocs\channels.grandcloud.cn\Runtime\Cache\Admin\7539773a5f7e6ffdda513047bcdd55cd.php 第 153 行.
NOTIC: [8] Undefined index: user_website D:\xampp\htdocs\channels.grandcloud.cn\Runtime\Cache\Admin\7539773a5f7e6ffdda513047bcdd55cd.php 第 154 行.
NOTIC: [8] Undefined index: addr D:\xampp\htdocs\channels.grandcloud.cn\Runtime\Cache\Admin\7539773a5f7e6ffdda513047bcdd55cd.php 第 163 行.
NOTIC: [8] Undefined index: addr D:\xampp\htdocs\channels.grandcloud.cn\Runtime\Cache\Admin\7539773a5f7e6ffdda513047bcdd55cd.php 第 164 行.
INFO: Run Behavior\ParseTemplate [ RunTime:0.014001s ]
INFO: [ view_parse ] --END-- [ RunTime:0.014001s ]
INFO: [ view_filter ] --START--
INFO: Run Behavior\WriteHtmlCache [ RunTime:0.000000s ]
INFO: [ view_filter ] --END-- [ RunTime:0.000000s ]
INFO: [ app_end ] --START--
INFO: Run Behavior\ShowPageTrace [ RunTime:0.003000s ]
INFO: [ app_end ] --END-- [ RunTime:0.003000s ]

[ 2016-01-08T14:40:56+08:00 ] 127.0.0.1 /admin/Examine
INFO: [ app_begin ] --START--
INFO: Run Behavior\ReadHtmlCache [ RunTime:0.001000s ]
INFO: [ app_begin ] --END-- [ RunTime:0.002000s ]
NOTIC: [8] Undefined variable: examineStatus D:\xampp\htdocs\channels.grandcloud.cn\Application\Admin\Controller\ExamineController.class.php 第 35 行.
NOTIC: [8] Undefined variable: map D:\xampp\htdocs\channels.grandcloud.cn\Application\Admin\Controller\ExamineController.class.php 第 41 行.
NOTIC: [2] unlink(./Runtime/Temp/sndaCloud_V1_file_bbd8afe12b50ee3e84111e95fe553b07.php): No such file or directory D:\xampp\htdocs\channels.grandcloud.cn\Application\ThinkPHP\Library\Think\Cache\Driver\File.class.php 第 157 行.
NOTIC: [8192] mysql_connect(): The mysql extension is deprecated and will be removed in the future: use mysqli or PDO instead D:\xampp\htdocs\channels.grandcloud.cn\Application\ThinkPHP\Library\Think\Db\Driver\Mysql.class.php 第 52 行.
SQL: SHOW COLUMNS FROM `channels_user` [ RunTime:0.010000s ]
SQL: SELECT * FROM `channels_user` ORDER BY create_time desc LIMIT 0,500   [ RunTime:0.003001s ]
SQL: SHOW COLUMNS FROM `channels_level` [ RunTime:0.003000s ]
SQL: SELECT * FROM `channels_level` WHERE ( `user_id` = '999990000000106' ) AND ( `effective_time` <= '2016-01-08' ) ORDER BY effective_time desc LIMIT 1   [ RunTime:0.006000s ]
SQL: SELECT * FROM `channels_level` WHERE ( `user_id` = '999990000000103' ) AND ( `effective_time` <= '2016-01-08' ) ORDER BY effective_time desc LIMIT 1   [ RunTime:0.006000s ]
SQL: SELECT * FROM `channels_level` WHERE ( `user_id` = '999990000023618' ) AND ( `effective_time` <= '2016-01-08' ) ORDER BY effective_time desc LIMIT 1   [ RunTime:0.002001s ]
SQL: SELECT * FROM `channels_level` WHERE ( `user_id` = '999990000000137' ) AND ( `effective_time` <= '2016-01-08' ) ORDER BY effective_time desc LIMIT 1   [ RunTime:0.006000s ]
SQL: SELECT * FROM `channels_level` WHERE ( `user_id` = '999990000000099' ) AND ( `effective_time` <= '2016-01-08' ) ORDER BY effective_time desc LIMIT 1   [ RunTime:0.002000s ]
SQL: SELECT * FROM `channels_level` WHERE ( `user_id` = '999990000000165' ) AND ( `effective_time` <= '2016-01-08' ) ORDER BY effective_time desc LIMIT 1   [ RunTime:0.006000s ]
SQL: SELECT * FROM `channels_level` WHERE ( `user_id` = '1310143817' ) AND ( `effective_time` <= '2016-01-08' ) ORDER BY effective_time desc LIMIT 1   [ RunTime:0.001000s ]
SQL: SELECT * FROM `channels_level` WHERE ( `user_id` = '1663726908' ) AND ( `effective_time` <= '2016-01-08' ) ORDER BY effective_time desc LIMIT 1   [ RunTime:0.002001s ]
SQL: SELECT * FROM `channels_level` WHERE ( `user_id` = '999990000000095' ) AND ( `effective_time` <= '2016-01-08' ) ORDER BY effective_time desc LIMIT 1   [ RunTime:0.001000s ]
SQL: SELECT * FROM `channels_user`  [ RunTime:0.003000s ]
SQL: SELECT * FROM `channels_level` WHERE ( `user_id` = '1663726908' ) AND ( `effective_time` <= '2016-01-08' ) ORDER BY effective_time desc LIMIT 1   [ RunTime:0.003000s ]
SQL: SELECT * FROM `channels_level` WHERE ( `user_id` = '999990000000095' ) AND ( `effective_time` <= '2016-01-08' ) ORDER BY effective_time desc LIMIT 1   [ RunTime:0.003000s ]
SQL: SELECT * FROM `channels_level` WHERE ( `user_id` = '999990000000165' ) AND ( `effective_time` <= '2016-01-08' ) ORDER BY effective_time desc LIMIT 1   [ RunTime:0.001000s ]
SQL: SELECT * FROM `channels_level` WHERE ( `user_id` = '999990000023618' ) AND ( `effective_time` <= '2016-01-08' ) ORDER BY effective_time desc LIMIT 1   [ RunTime:0.002000s ]
SQL: SELECT * FROM `channels_level` WHERE ( `user_id` = '999990000000137' ) AND ( `effective_time` <= '2016-01-08' ) ORDER BY effective_time desc LIMIT 1   [ RunTime:0.001000s ]
SQL: SELECT * FROM `channels_level` WHERE ( `user_id` = '999990000000099' ) AND ( `effective_time` <= '2016-01-08' ) ORDER BY effective_time desc LIMIT 1   [ RunTime:0.001001s ]
SQL: SELECT * FROM `channels_level` WHERE ( `user_id` = '1310143817' ) AND ( `effective_time` <= '2016-01-08' ) ORDER BY effective_time desc LIMIT 1   [ RunTime:0.001000s ]
SQL: SELECT * FROM `channels_level` WHERE ( `user_id` = '999990000000103' ) AND ( `effective_time` <= '2016-01-08' ) ORDER BY effective_time desc LIMIT 1   [ RunTime:0.002000s ]
SQL: SELECT * FROM `channels_level` WHERE ( `user_id` = '999990000000106' ) AND ( `effective_time` <= '2016-01-08' ) ORDER BY effective_time desc LIMIT 1   [ RunTime:0.002000s ]
INFO: [ view_parse ] --START--
INFO: [ template_filter ] --START--
INFO: Run Behavior\ContentReplace [ RunTime:0.000000s ]
INFO: [ template_filter ] --END-- [ RunTime:0.000000s ]
INFO: Run Behavior\ParseTemplate [ RunTime:0.012001s ]
INFO: [ view_parse ] --END-- [ RunTime:0.012001s ]
INFO: [ view_filter ] --START--
INFO: Run Behavior\WriteHtmlCache [ RunTime:0.001000s ]
INFO: [ view_filter ] --END-- [ RunTime:0.001000s ]
INFO: [ app_end ] --START--
INFO: Run Behavior\ShowPageTrace [ RunTime:0.001000s ]
INFO: [ app_end ] --END-- [ RunTime:0.001000s ]

