[ 2016-01-20T16:03:29+08:00 ] 127.0.0.1 /Admin/examine
INFO: [ app_begin ] --START--
INFO: Run Behavior\ReadHtmlCache [ RunTime:0.028001s ]
INFO: [ app_begin ] --END-- [ RunTime:0.029001s ]
INFO: [ view_parse ] --START--
INFO: [ template_filter ] --START--
INFO: Run Behavior\ContentReplace [ RunTime:0.000000s ]
INFO: [ template_filter ] --END-- [ RunTime:0.001000s ]
INFO: Run Behavior\ParseTemplate [ RunTime:0.161009s ]
INFO: [ view_parse ] --END-- [ RunTime:0.161009s ]
INFO: [ view_filter ] --START--
INFO: Run Behavior\WriteHtmlCache [ RunTime:0.008000s ]
INFO: [ view_filter ] --END-- [ RunTime:0.008000s ]

[ 2016-01-20T16:03:32+08:00 ] 127.0.0.1 /Admin/
INFO: [ app_begin ] --START--
INFO: Run Behavior\ReadHtmlCache [ RunTime:0.001000s ]
INFO: [ app_begin ] --END-- [ RunTime:0.001000s ]
INFO: [ view_parse ] --START--
INFO: [ template_filter ] --START--
INFO: Run Behavior\ContentReplace [ RunTime:0.000000s ]
INFO: [ template_filter ] --END-- [ RunTime:0.000000s ]
INFO: Run Behavior\ParseTemplate [ RunTime:0.016001s ]
INFO: [ view_parse ] --END-- [ RunTime:0.016001s ]
INFO: [ view_filter ] --START--
INFO: Run Behavior\WriteHtmlCache [ RunTime:0.001000s ]
INFO: [ view_filter ] --END-- [ RunTime:0.001000s ]
INFO: [ app_end ] --START--
INFO: Run Behavior\ShowPageTrace [ RunTime:0.040002s ]
INFO: [ app_end ] --END-- [ RunTime:0.040002s ]

[ 2016-01-20T16:03:36+08:00 ] 127.0.0.1 /admin/index-login.html
INFO: [ app_begin ] --START--
INFO: Run Behavior\ReadHtmlCache [ RunTime:0.001000s ]
INFO: [ app_begin ] --END-- [ RunTime:0.001000s ]
NOTIC: [8192] mysql_connect(): The mysql extension is deprecated and will be removed in the future: use mysqli or PDO instead D:\xampp\htdocs\channels.grandcloud.cn\Application\ThinkPHP\Library\Think\Db\Driver\Mysql.class.php 第 52 行.
SQL: SHOW COLUMNS FROM `channels_admin` [ RunTime:0.006000s ]
SQL: SELECT * FROM `channels_admin` WHERE ( `admin_id` = 'root' ) LIMIT 1   [ RunTime:0.002000s ]

[ 2016-01-20T16:03:36+08:00 ] 127.0.0.1 /Admin/examine
INFO: [ app_begin ] --START--
INFO: Run Behavior\ReadHtmlCache [ RunTime:0.001000s ]
INFO: [ app_begin ] --END-- [ RunTime:0.001000s ]
NOTIC: [8] Undefined variable: examineStatus D:\xampp\htdocs\channels.grandcloud.cn\Application\Admin\Controller\ExamineController.class.php 第 35 行.
NOTIC: [8] Undefined variable: map D:\xampp\htdocs\channels.grandcloud.cn\Application\Admin\Controller\ExamineController.class.php 第 41 行.
NOTIC: [2] unlink(./Runtime/Temp/sndaCloud_V1_file_bbd8afe12b50ee3e84111e95fe553b07.php): No such file or directory D:\xampp\htdocs\channels.grandcloud.cn\Application\ThinkPHP\Library\Think\Cache\Driver\File.class.php 第 157 行.
NOTIC: [8192] mysql_connect(): The mysql extension is deprecated and will be removed in the future: use mysqli or PDO instead D:\xampp\htdocs\channels.grandcloud.cn\Application\ThinkPHP\Library\Think\Db\Driver\Mysql.class.php 第 52 行.
SQL: SHOW COLUMNS FROM `channels_user` [ RunTime:0.003001s ]
SQL: SELECT * FROM `channels_user` ORDER BY create_time desc LIMIT 0,500   [ RunTime:0.004000s ]
SQL: SHOW COLUMNS FROM `channels_level` [ RunTime:0.002000s ]
SQL: SELECT * FROM `channels_level` WHERE ( `user_id` = '999990000023461' ) AND ( `effective_time` <= '2016-01-20' ) ORDER BY effective_time desc LIMIT 1   [ RunTime:0.006000s ]
SQL: SELECT * FROM `channels_level` WHERE ( `user_id` = '999990000017206' ) AND ( `effective_time` <= '2016-01-20' ) ORDER BY effective_time desc LIMIT 1   [ RunTime:0.002000s ]
SQL: SELECT * FROM `channels_level` WHERE ( `user_id` = '999990000020648' ) AND ( `effective_time` <= '2016-01-20' ) ORDER BY effective_time desc LIMIT 1   [ RunTime:0.002001s ]
SQL: SELECT * FROM `channels_level` WHERE ( `user_id` = '999990000003680' ) AND ( `effective_time` <= '2016-01-20' ) ORDER BY effective_time desc LIMIT 1   [ RunTime:0.002000s ]
SQL: SELECT * FROM `channels_level` WHERE ( `user_id` = '15000677054' ) AND ( `effective_time` <= '2016-01-20' ) ORDER BY effective_time desc LIMIT 1   [ RunTime:0.002000s ]
SQL: SELECT * FROM `channels_level` WHERE ( `user_id` = '1310143817' ) AND ( `effective_time` <= '2016-01-20' ) ORDER BY effective_time desc LIMIT 1   [ RunTime:0.005000s ]
SQL: SELECT * FROM `channels_user`  [ RunTime:0.003000s ]
SQL: SELECT * FROM `channels_level` WHERE ( `user_id` = '999990000017206' ) AND ( `effective_time` <= '2016-01-20' ) ORDER BY effective_time desc LIMIT 1   [ RunTime:0.004000s ]
SQL: SELECT * FROM `channels_level` WHERE ( `user_id` = '1310143817' ) AND ( `effective_time` <= '2016-01-20' ) ORDER BY effective_time desc LIMIT 1   [ RunTime:0.001000s ]
SQL: SELECT * FROM `channels_level` WHERE ( `user_id` = '999990000003680' ) AND ( `effective_time` <= '2016-01-20' ) ORDER BY effective_time desc LIMIT 1   [ RunTime:0.002000s ]
SQL: SELECT * FROM `channels_level` WHERE ( `user_id` = '15000677054' ) AND ( `effective_time` <= '2016-01-20' ) ORDER BY effective_time desc LIMIT 1   [ RunTime:0.003000s ]
SQL: SELECT * FROM `channels_level` WHERE ( `user_id` = '999990000020648' ) AND ( `effective_time` <= '2016-01-20' ) ORDER BY effective_time desc LIMIT 1   [ RunTime:0.001000s ]
SQL: SELECT * FROM `channels_level` WHERE ( `user_id` = '999990000023461' ) AND ( `effective_time` <= '2016-01-20' ) ORDER BY effective_time desc LIMIT 1   [ RunTime:0.001000s ]
INFO: [ view_parse ] --START--
INFO: [ template_filter ] --START--
INFO: Run Behavior\ContentReplace [ RunTime:0.000000s ]
INFO: [ template_filter ] --END-- [ RunTime:0.000000s ]
NOTIC: [8] Use of undefined constant Y - assumed 'Y' D:\xampp\htdocs\channels.grandcloud.cn\Runtime\Cache\Admin\4e106154938f40ea75443345ce6c1823.php 第 25 行.
INFO: Run Behavior\ParseTemplate [ RunTime:0.059003s ]
INFO: [ view_parse ] --END-- [ RunTime:0.059003s ]
INFO: [ view_filter ] --START--
INFO: Run Behavior\WriteHtmlCache [ RunTime:0.001000s ]
INFO: [ view_filter ] --END-- [ RunTime:0.001000s ]
INFO: [ app_end ] --START--
INFO: Run Behavior\ShowPageTrace [ RunTime:0.002001s ]
INFO: [ app_end ] --END-- [ RunTime:0.002001s ]

[ 2016-01-20T16:03:39+08:00 ] 127.0.0.1 /admin/examine-check-user_id-999990000017206.html
INFO: [ app_begin ] --START--
INFO: Run Behavior\ReadHtmlCache [ RunTime:0.001000s ]
INFO: [ app_begin ] --END-- [ RunTime:0.002000s ]
NOTIC: [8192] mysql_connect(): The mysql extension is deprecated and will be removed in the future: use mysqli or PDO instead D:\xampp\htdocs\channels.grandcloud.cn\Application\ThinkPHP\Library\Think\Db\Driver\Mysql.class.php 第 52 行.
SQL: SHOW COLUMNS FROM `channels_bank` [ RunTime:0.002000s ]
SQL: SELECT * FROM `channels_bank` WHERE ( `user_id` = '999990000017206' ) ORDER BY create_time desc LIMIT 1   [ RunTime:0.005000s ]
SQL: SHOW COLUMNS FROM `channels_user` [ RunTime:0.002000s ]
SQL: SELECT * FROM `channels_user` WHERE ( `user_id` = '999990000017206' ) LIMIT 1   [ RunTime:0.003000s ]
SQL: SHOW COLUMNS FROM `channels_level` [ RunTime:0.002000s ]
SQL: SELECT * FROM `channels_level` WHERE ( `user_id` = '999990000017206' ) AND ( `effective_time` <= '2016-01-20' ) ORDER BY effective_time desc LIMIT 1   [ RunTime:0.004001s ]
INFO: [ view_parse ] --START--
INFO: [ template_filter ] --START--
INFO: Run Behavior\ContentReplace [ RunTime:0.000000s ]
INFO: [ template_filter ] --END-- [ RunTime:0.000000s ]
NOTIC: [8] Use of undefined constant Y - assumed 'Y' D:\xampp\htdocs\channels.grandcloud.cn\Runtime\Cache\Admin\7c9273ca214df8763531962986284e86.php 第 31 行.
NOTIC: [8] Use of undefined constant Y - assumed 'Y' D:\xampp\htdocs\channels.grandcloud.cn\Runtime\Cache\Admin\7c9273ca214df8763531962986284e86.php 第 40 行.
NOTIC: [8] Use of undefined constant Y - assumed 'Y' D:\xampp\htdocs\channels.grandcloud.cn\Runtime\Cache\Admin\7c9273ca214df8763531962986284e86.php 第 65 行.
NOTIC: [8] Use of undefined constant I - assumed 'I' D:\xampp\htdocs\channels.grandcloud.cn\Runtime\Cache\Admin\7c9273ca214df8763531962986284e86.php 第 69 行.
INFO: Run Behavior\ParseTemplate [ RunTime:0.037002s ]
INFO: [ view_parse ] --END-- [ RunTime:0.037002s ]
INFO: [ view_filter ] --START--
INFO: Run Behavior\WriteHtmlCache [ RunTime:0.001000s ]
INFO: [ view_filter ] --END-- [ RunTime:0.001000s ]
INFO: [ app_end ] --START--
INFO: Run Behavior\ShowPageTrace [ RunTime:0.001000s ]
INFO: [ app_end ] --END-- [ RunTime:0.001000s ]

[ 2016-01-20T16:03:41+08:00 ] 127.0.0.1 /admin/examine-showBank.html?user_id=999990000017206
INFO: [ app_begin ] --START--
INFO: Run Behavior\ReadHtmlCache [ RunTime:0.001000s ]
INFO: [ app_begin ] --END-- [ RunTime:0.002000s ]
NOTIC: [8192] mysql_connect(): The mysql extension is deprecated and will be removed in the future: use mysqli or PDO instead D:\xampp\htdocs\channels.grandcloud.cn\Application\ThinkPHP\Library\Think\Db\Driver\Mysql.class.php 第 52 行.
SQL: SHOW COLUMNS FROM `channels_bank` [ RunTime:0.002000s ]
SQL: SELECT * FROM `channels_bank` WHERE ( `user_id` = '999990000017206' )  [ RunTime:0.002000s ]

[ 2016-01-20T16:04:02+08:00 ] 127.0.0.1 /admin/examine-showBank.html?user_id=999990000017206
INFO: [ app_begin ] --START--
INFO: Run Behavior\ReadHtmlCache [ RunTime:0.000000s ]
INFO: [ app_begin ] --END-- [ RunTime:0.002000s ]
NOTIC: [8192] mysql_connect(): The mysql extension is deprecated and will be removed in the future: use mysqli or PDO instead D:\xampp\htdocs\channels.grandcloud.cn\Application\ThinkPHP\Library\Think\Db\Driver\Mysql.class.php 第 52 行.
SQL: SHOW COLUMNS FROM `channels_bank` [ RunTime:0.004000s ]
SQL: SELECT * FROM `channels_bank` WHERE ( `user_id` = '999990000017206' )  [ RunTime:0.004001s ]

[ 2016-01-20T16:04:05+08:00 ] 127.0.0.1 /admin/examine-showBank.html?user_id=999990000017206
INFO: [ app_begin ] --START--
INFO: Run Behavior\ReadHtmlCache [ RunTime:0.001000s ]
INFO: [ app_begin ] --END-- [ RunTime:0.002000s ]
NOTIC: [8192] mysql_connect(): The mysql extension is deprecated and will be removed in the future: use mysqli or PDO instead D:\xampp\htdocs\channels.grandcloud.cn\Application\ThinkPHP\Library\Think\Db\Driver\Mysql.class.php 第 52 行.
SQL: SHOW COLUMNS FROM `channels_bank` [ RunTime:0.002000s ]
SQL: SELECT * FROM `channels_bank` WHERE ( `user_id` = '999990000017206' )  [ RunTime:0.001000s ]

[ 2016-01-20T16:04:08+08:00 ] 127.0.0.1 /admin/examine-showBank.html?user_id=999990000017206
INFO: [ app_begin ] --START--
INFO: Run Behavior\ReadHtmlCache [ RunTime:0.000000s ]
INFO: [ app_begin ] --END-- [ RunTime:0.001000s ]
NOTIC: [8192] mysql_connect(): The mysql extension is deprecated and will be removed in the future: use mysqli or PDO instead D:\xampp\htdocs\channels.grandcloud.cn\Application\ThinkPHP\Library\Think\Db\Driver\Mysql.class.php 第 52 行.
SQL: SHOW COLUMNS FROM `channels_bank` [ RunTime:0.002000s ]
SQL: SELECT * FROM `channels_bank` WHERE ( `user_id` = '999990000017206' )  [ RunTime:0.001001s ]

[ 2016-01-20T16:04:15+08:00 ] 127.0.0.1 /admin/examine-showBank.html?user_id=999990000017206
INFO: [ app_begin ] --START--
INFO: Run Behavior\ReadHtmlCache [ RunTime:0.001000s ]
INFO: [ app_begin ] --END-- [ RunTime:0.002000s ]
NOTIC: [8192] mysql_connect(): The mysql extension is deprecated and will be removed in the future: use mysqli or PDO instead D:\xampp\htdocs\channels.grandcloud.cn\Application\ThinkPHP\Library\Think\Db\Driver\Mysql.class.php 第 52 行.
SQL: SHOW COLUMNS FROM `channels_bank` [ RunTime:0.004001s ]
SQL: SELECT * FROM `channels_bank` WHERE ( `user_id` = '999990000017206' )  [ RunTime:0.010000s ]

[ 2016-01-20T16:09:37+08:00 ] 127.0.0.1 /admin/examine-check-user_id-999990000017206.html
INFO: [ app_begin ] --START--
INFO: Run Behavior\ReadHtmlCache [ RunTime:0.001000s ]
INFO: [ app_begin ] --END-- [ RunTime:0.002000s ]
NOTIC: [8192] mysql_connect(): The mysql extension is deprecated and will be removed in the future: use mysqli or PDO instead D:\xampp\htdocs\channels.grandcloud.cn\Application\ThinkPHP\Library\Think\Db\Driver\Mysql.class.php 第 52 行.
SQL: SHOW COLUMNS FROM `channels_bank` [ RunTime:0.002000s ]
SQL: SELECT * FROM `channels_bank` WHERE ( `user_id` = '999990000017206' ) ORDER BY create_time desc LIMIT 1   [ RunTime:0.003000s ]
SQL: SHOW COLUMNS FROM `channels_user` [ RunTime:0.002000s ]
SQL: SELECT * FROM `channels_user` WHERE ( `user_id` = '999990000017206' ) LIMIT 1   [ RunTime:0.003000s ]
SQL: SHOW COLUMNS FROM `channels_level` [ RunTime:0.002000s ]
SQL: SELECT * FROM `channels_level` WHERE ( `user_id` = '999990000017206' ) AND ( `effective_time` <= '2016-01-20' ) ORDER BY effective_time desc LIMIT 1   [ RunTime:0.011001s ]
INFO: [ view_parse ] --START--
INFO: [ template_filter ] --START--
INFO: Run Behavior\ContentReplace [ RunTime:0.000000s ]
INFO: [ template_filter ] --END-- [ RunTime:0.000000s ]
NOTIC: [8] Use of undefined constant Y - assumed 'Y' D:\xampp\htdocs\channels.grandcloud.cn\Runtime\Cache\Admin\7c9273ca214df8763531962986284e86.php 第 31 行.
NOTIC: [8] Use of undefined constant Y - assumed 'Y' D:\xampp\htdocs\channels.grandcloud.cn\Runtime\Cache\Admin\7c9273ca214df8763531962986284e86.php 第 40 行.
NOTIC: [8] Use of undefined constant Y - assumed 'Y' D:\xampp\htdocs\channels.grandcloud.cn\Runtime\Cache\Admin\7c9273ca214df8763531962986284e86.php 第 65 行.
NOTIC: [8] Use of undefined constant I - assumed 'I' D:\xampp\htdocs\channels.grandcloud.cn\Runtime\Cache\Admin\7c9273ca214df8763531962986284e86.php 第 69 行.
INFO: Run Behavior\ParseTemplate [ RunTime:0.018001s ]
INFO: [ view_parse ] --END-- [ RunTime:0.018001s ]
INFO: [ view_filter ] --START--
INFO: Run Behavior\WriteHtmlCache [ RunTime:0.001000s ]
INFO: [ view_filter ] --END-- [ RunTime:0.001000s ]
INFO: [ app_end ] --START--
INFO: Run Behavior\ShowPageTrace [ RunTime:0.001000s ]
INFO: [ app_end ] --END-- [ RunTime:0.001000s ]

[ 2016-01-20T16:35:45+08:00 ] 127.0.0.1 /admin/Examine
INFO: [ app_begin ] --START--
INFO: Run Behavior\ReadHtmlCache [ RunTime:0.001000s ]
INFO: [ app_begin ] --END-- [ RunTime:0.002000s ]
NOTIC: [8] Undefined variable: examineStatus D:\xampp\htdocs\channels.grandcloud.cn\Application\Admin\Controller\ExamineController.class.php 第 35 行.
NOTIC: [8] Undefined variable: map D:\xampp\htdocs\channels.grandcloud.cn\Application\Admin\Controller\ExamineController.class.php 第 41 行.
NOTIC: [2] unlink(./Runtime/Temp/sndaCloud_V1_file_bbd8afe12b50ee3e84111e95fe553b07.php): No such file or directory D:\xampp\htdocs\channels.grandcloud.cn\Application\ThinkPHP\Library\Think\Cache\Driver\File.class.php 第 157 行.
NOTIC: [8192] mysql_connect(): The mysql extension is deprecated and will be removed in the future: use mysqli or PDO instead D:\xampp\htdocs\channels.grandcloud.cn\Application\ThinkPHP\Library\Think\Db\Driver\Mysql.class.php 第 52 行.
SQL: SHOW COLUMNS FROM `channels_user` [ RunTime:0.003000s ]
SQL: SELECT * FROM `channels_user` ORDER BY create_time desc LIMIT 0,500   [ RunTime:0.004001s ]
SQL: SHOW COLUMNS FROM `channels_level` [ RunTime:0.003000s ]
SQL: SELECT * FROM `channels_level` WHERE ( `user_id` = '999990000023461' ) AND ( `effective_time` <= '2016-01-20' ) ORDER BY effective_time desc LIMIT 1   [ RunTime:0.003000s ]
SQL: SELECT * FROM `channels_level` WHERE ( `user_id` = '999990000017206' ) AND ( `effective_time` <= '2016-01-20' ) ORDER BY effective_time desc LIMIT 1   [ RunTime:0.001000s ]
SQL: SELECT * FROM `channels_level` WHERE ( `user_id` = '999990000020648' ) AND ( `effective_time` <= '2016-01-20' ) ORDER BY effective_time desc LIMIT 1   [ RunTime:0.002000s ]
SQL: SELECT * FROM `channels_level` WHERE ( `user_id` = '999990000003680' ) AND ( `effective_time` <= '2016-01-20' ) ORDER BY effective_time desc LIMIT 1   [ RunTime:0.004000s ]
SQL: SELECT * FROM `channels_level` WHERE ( `user_id` = '15000677054' ) AND ( `effective_time` <= '2016-01-20' ) ORDER BY effective_time desc LIMIT 1   [ RunTime:0.002001s ]
SQL: SELECT * FROM `channels_level` WHERE ( `user_id` = '1310143817' ) AND ( `effective_time` <= '2016-01-20' ) ORDER BY effective_time desc LIMIT 1   [ RunTime:0.002000s ]
SQL: SELECT * FROM `channels_user`  [ RunTime:0.003000s ]
SQL: SELECT * FROM `channels_level` WHERE ( `user_id` = '999990000017206' ) AND ( `effective_time` <= '2016-01-20' ) ORDER BY effective_time desc LIMIT 1   [ RunTime:0.004000s ]
SQL: SELECT * FROM `channels_level` WHERE ( `user_id` = '1310143817' ) AND ( `effective_time` <= '2016-01-20' ) ORDER BY effective_time desc LIMIT 1   [ RunTime:0.004000s ]
SQL: SELECT * FROM `channels_level` WHERE ( `user_id` = '999990000003680' ) AND ( `effective_time` <= '2016-01-20' ) ORDER BY effective_time desc LIMIT 1   [ RunTime:0.004001s ]
SQL: SELECT * FROM `channels_level` WHERE ( `user_id` = '15000677054' ) AND ( `effective_time` <= '2016-01-20' ) ORDER BY effective_time desc LIMIT 1   [ RunTime:0.002000s ]
SQL: SELECT * FROM `channels_level` WHERE ( `user_id` = '999990000020648' ) AND ( `effective_time` <= '2016-01-20' ) ORDER BY effective_time desc LIMIT 1   [ RunTime:0.001000s ]
SQL: SELECT * FROM `channels_level` WHERE ( `user_id` = '999990000023461' ) AND ( `effective_time` <= '2016-01-20' ) ORDER BY effective_time desc LIMIT 1   [ RunTime:0.002000s ]
INFO: [ view_parse ] --START--
INFO: [ template_filter ] --START--
INFO: Run Behavior\ContentReplace [ RunTime:0.000000s ]
INFO: [ template_filter ] --END-- [ RunTime:0.000000s ]
NOTIC: [8] Use of undefined constant Y - assumed 'Y' D:\xampp\htdocs\channels.grandcloud.cn\Runtime\Cache\Admin\4e106154938f40ea75443345ce6c1823.php 第 25 行.
INFO: Run Behavior\ParseTemplate [ RunTime:0.012001s ]
INFO: [ view_parse ] --END-- [ RunTime:0.012001s ]
INFO: [ view_filter ] --START--
INFO: Run Behavior\WriteHtmlCache [ RunTime:0.001000s ]
INFO: [ view_filter ] --END-- [ RunTime:0.001000s ]
INFO: [ app_end ] --START--
INFO: Run Behavior\ShowPageTrace [ RunTime:0.003000s ]
INFO: [ app_end ] --END-- [ RunTime:0.004000s ]

