[ 2016-01-11T10:16:48+08:00 ] 127.0.0.1 /Admin/examine
INFO: [ app_begin ] --START--
INFO: Run Behavior\ReadHtmlCache [ RunTime:0.029002s ]
INFO: [ app_begin ] --END-- [ RunTime:0.050003s ]
INFO: [ view_parse ] --START--
INFO: [ template_filter ] --START--
INFO: Run Behavior\ContentReplace [ RunTime:0.000000s ]
INFO: [ template_filter ] --END-- [ RunTime:0.000000s ]
INFO: Run Behavior\ParseTemplate [ RunTime:0.102006s ]
INFO: [ view_parse ] --END-- [ RunTime:0.102006s ]
INFO: [ view_filter ] --START--
INFO: Run Behavior\WriteHtmlCache [ RunTime:0.022001s ]
INFO: [ view_filter ] --END-- [ RunTime:0.022001s ]

[ 2016-01-11T10:16:51+08:00 ] 127.0.0.1 /Admin/
INFO: [ app_begin ] --START--
INFO: Run Behavior\ReadHtmlCache [ RunTime:0.000000s ]
INFO: [ app_begin ] --END-- [ RunTime:0.000000s ]
INFO: [ view_parse ] --START--
INFO: [ template_filter ] --START--
INFO: Run Behavior\ContentReplace [ RunTime:0.000000s ]
INFO: [ template_filter ] --END-- [ RunTime:0.000000s ]
INFO: Run Behavior\ParseTemplate [ RunTime:0.014001s ]
INFO: [ view_parse ] --END-- [ RunTime:0.014001s ]
INFO: [ view_filter ] --START--
INFO: Run Behavior\WriteHtmlCache [ RunTime:0.000000s ]
INFO: [ view_filter ] --END-- [ RunTime:0.000000s ]
INFO: [ app_end ] --START--
INFO: Run Behavior\ShowPageTrace [ RunTime:0.033002s ]
INFO: [ app_end ] --END-- [ RunTime:0.033002s ]

[ 2016-01-11T10:16:55+08:00 ] 127.0.0.1 /admin/index-login.html
INFO: [ app_begin ] --START--
INFO: Run Behavior\ReadHtmlCache [ RunTime:0.000000s ]
INFO: [ app_begin ] --END-- [ RunTime:0.001000s ]
NOTIC: [8192] mysql_connect(): The mysql extension is deprecated and will be removed in the future: use mysqli or PDO instead D:\xampp\htdocs\channels.grandcloud.cn\Application\ThinkPHP\Library\Think\Db\Driver\Mysql.class.php 第 52 行.
SQL: SHOW COLUMNS FROM `channels_admin` [ RunTime:0.005000s ]
SQL: SELECT * FROM `channels_admin` WHERE ( `admin_id` = 'root' ) LIMIT 1   [ RunTime:0.006001s ]

[ 2016-01-11T10:16:56+08:00 ] 127.0.0.1 /Admin/examine
INFO: [ app_begin ] --START--
INFO: Run Behavior\ReadHtmlCache [ RunTime:0.001000s ]
INFO: [ app_begin ] --END-- [ RunTime:0.002000s ]
NOTIC: [8] Undefined variable: examineStatus D:\xampp\htdocs\channels.grandcloud.cn\Application\Admin\Controller\ExamineController.class.php 第 35 行.
NOTIC: [8] Undefined variable: map D:\xampp\htdocs\channels.grandcloud.cn\Application\Admin\Controller\ExamineController.class.php 第 41 行.
NOTIC: [2] unlink(./Runtime/Temp/sndaCloud_V1_file_bbd8afe12b50ee3e84111e95fe553b07.php): No such file or directory D:\xampp\htdocs\channels.grandcloud.cn\Application\ThinkPHP\Library\Think\Cache\Driver\File.class.php 第 157 行.
NOTIC: [8192] mysql_connect(): The mysql extension is deprecated and will be removed in the future: use mysqli or PDO instead D:\xampp\htdocs\channels.grandcloud.cn\Application\ThinkPHP\Library\Think\Db\Driver\Mysql.class.php 第 52 行.
SQL: SHOW COLUMNS FROM `channels_user` [ RunTime:0.003000s ]
SQL: SELECT * FROM `channels_user` ORDER BY create_time desc LIMIT 0,500   [ RunTime:0.004000s ]
SQL: SHOW COLUMNS FROM `channels_level` [ RunTime:0.002000s ]
SQL: SELECT * FROM `channels_level` WHERE ( `user_id` = '999990000000106' ) AND ( `effective_time` <= '2016-01-11' ) ORDER BY effective_time desc LIMIT 1   [ RunTime:0.002000s ]
SQL: SELECT * FROM `channels_level` WHERE ( `user_id` = '999990000000103' ) AND ( `effective_time` <= '2016-01-11' ) ORDER BY effective_time desc LIMIT 1   [ RunTime:0.005001s ]
SQL: SELECT * FROM `channels_level` WHERE ( `user_id` = '999990000023618' ) AND ( `effective_time` <= '2016-01-11' ) ORDER BY effective_time desc LIMIT 1   [ RunTime:0.003000s ]
SQL: SELECT * FROM `channels_level` WHERE ( `user_id` = '999990000000137' ) AND ( `effective_time` <= '2016-01-11' ) ORDER BY effective_time desc LIMIT 1   [ RunTime:0.015001s ]
SQL: SELECT * FROM `channels_level` WHERE ( `user_id` = '999990000000099' ) AND ( `effective_time` <= '2016-01-11' ) ORDER BY effective_time desc LIMIT 1   [ RunTime:0.002000s ]
SQL: SELECT * FROM `channels_level` WHERE ( `user_id` = '999990000000165' ) AND ( `effective_time` <= '2016-01-11' ) ORDER BY effective_time desc LIMIT 1   [ RunTime:0.002000s ]
SQL: SELECT * FROM `channels_level` WHERE ( `user_id` = '1310143817' ) AND ( `effective_time` <= '2016-01-11' ) ORDER BY effective_time desc LIMIT 1   [ RunTime:0.001000s ]
SQL: SELECT * FROM `channels_level` WHERE ( `user_id` = '1663726908' ) AND ( `effective_time` <= '2016-01-11' ) ORDER BY effective_time desc LIMIT 1   [ RunTime:0.003000s ]
SQL: SELECT * FROM `channels_level` WHERE ( `user_id` = '999990000000095' ) AND ( `effective_time` <= '2016-01-11' ) ORDER BY effective_time desc LIMIT 1   [ RunTime:0.001000s ]
SQL: SELECT * FROM `channels_user`  [ RunTime:0.002000s ]
SQL: SELECT * FROM `channels_level` WHERE ( `user_id` = '1663726908' ) AND ( `effective_time` <= '2016-01-11' ) ORDER BY effective_time desc LIMIT 1   [ RunTime:0.002000s ]
SQL: SELECT * FROM `channels_level` WHERE ( `user_id` = '999990000000095' ) AND ( `effective_time` <= '2016-01-11' ) ORDER BY effective_time desc LIMIT 1   [ RunTime:0.002000s ]
SQL: SELECT * FROM `channels_level` WHERE ( `user_id` = '999990000000165' ) AND ( `effective_time` <= '2016-01-11' ) ORDER BY effective_time desc LIMIT 1   [ RunTime:0.002000s ]
SQL: SELECT * FROM `channels_level` WHERE ( `user_id` = '999990000023618' ) AND ( `effective_time` <= '2016-01-11' ) ORDER BY effective_time desc LIMIT 1   [ RunTime:0.002000s ]
SQL: SELECT * FROM `channels_level` WHERE ( `user_id` = '999990000000137' ) AND ( `effective_time` <= '2016-01-11' ) ORDER BY effective_time desc LIMIT 1   [ RunTime:0.004000s ]
SQL: SELECT * FROM `channels_level` WHERE ( `user_id` = '999990000000099' ) AND ( `effective_time` <= '2016-01-11' ) ORDER BY effective_time desc LIMIT 1   [ RunTime:0.002000s ]
SQL: SELECT * FROM `channels_level` WHERE ( `user_id` = '1310143817' ) AND ( `effective_time` <= '2016-01-11' ) ORDER BY effective_time desc LIMIT 1   [ RunTime:0.008000s ]
SQL: SELECT * FROM `channels_level` WHERE ( `user_id` = '999990000000103' ) AND ( `effective_time` <= '2016-01-11' ) ORDER BY effective_time desc LIMIT 1   [ RunTime:0.002000s ]
SQL: SELECT * FROM `channels_level` WHERE ( `user_id` = '999990000000106' ) AND ( `effective_time` <= '2016-01-11' ) ORDER BY effective_time desc LIMIT 1   [ RunTime:0.002000s ]
INFO: [ view_parse ] --START--
INFO: [ template_filter ] --START--
INFO: Run Behavior\ContentReplace [ RunTime:0.000000s ]
INFO: [ template_filter ] --END-- [ RunTime:0.001000s ]
INFO: Run Behavior\ParseTemplate [ RunTime:0.052003s ]
INFO: [ view_parse ] --END-- [ RunTime:0.052003s ]
INFO: [ view_filter ] --START--
INFO: Run Behavior\WriteHtmlCache [ RunTime:0.000000s ]
INFO: [ view_filter ] --END-- [ RunTime:0.000000s ]
INFO: [ app_end ] --START--
INFO: Run Behavior\ShowPageTrace [ RunTime:0.001000s ]
INFO: [ app_end ] --END-- [ RunTime:0.001000s ]

[ 2016-01-11T10:22:32+08:00 ] 127.0.0.1 /
INFO: [ app_begin ] --START--
INFO: Run Behavior\ReadHtmlCache [ RunTime:0.000000s ]
INFO: [ app_begin ] --END-- [ RunTime:0.001000s ]
NOTIC: [8192] mysql_connect(): The mysql extension is deprecated and will be removed in the future: use mysqli or PDO instead D:\xampp\htdocs\channels.grandcloud.cn\Application\ThinkPHP\Library\Think\Db\Driver\Mysql.class.php 第 52 行.
SQL: SHOW COLUMNS FROM `channels_info` [ RunTime:0.003000s ]
SQL: SELECT `deduct_amount`,`available_amount`,`freezes_amount` FROM `channels_info` WHERE ( `user_id` = '999990000000106' ) LIMIT 1   [ RunTime:0.002000s ]
SQL: SHOW COLUMNS FROM `cloud_member` [ RunTime:0.003000s ]
SQL: SHOW COLUMNS FROM `channels_customer` [ RunTime:0.004001s ]
SQL: SELECT DISTINCT  payment_trans.payment_trans_id,payment_trans.user_id,payment_trans.payment_trans_type_id,payment_trans.amount,payment_trans.transaction_date,payment_trans.transaction_desc FROM `channels_customer` INNER JOIN payment_trans ON channels_customer.customer_user_id = payment_trans.user_id  WHERE ( channels_customer.user_id = null ) ORDER BY channels_customer.customer_user_id DESC  [ RunTime:0.002000s ]
SQL: SELECT DISTINCT  payment_trans.payment_trans_id,payment_trans.payment_trans_type_id,payment_application.amount_applied,payment_application.reserved_instance_change_id FROM `channels_customer` INNER JOIN payment_trans ON channels_customer.customer_user_id = payment_trans.user_id INNER JOIN payment_application ON payment_trans.payment_trans_id = payment_application.payment_trans_id  WHERE ( channels_customer.user_id = null ) AND ( payment_application.billing_account_id LIKE '%D%' ) ORDER BY payment_application.create_time DESC  [ RunTime:0.002000s ]
SQL: SELECT DISTINCT  payment_trans.payment_trans_id,product.term_type FROM `channels_customer` INNER JOIN payment_trans ON channels_customer.customer_user_id = payment_trans.user_id INNER JOIN payment_application ON payment_trans.payment_trans_id = payment_application.payment_trans_id INNER JOIN reserved_instance_change ON reserved_instance_change.reserved_instance_change_id = payment_application.reserved_instance_change_id INNER JOIN product ON reserved_instance_change.product_id = product.product_id  WHERE ( channels_customer.user_id = null ) AND ( payment_trans.payment_trans_type_id = 'RETURN' ) AND ( payment_application.billing_account_id LIKE '%D%' ) AND ( payment_trans.transaction_desc LIKE '%主机创建失败%' ) ORDER BY payment_application.create_time DESC  [ RunTime:0.003000s ]
NOTIC: [8] Undefined variable: memberWhere D:\xampp\htdocs\channels.grandcloud.cn\Application\Home\Model\CustomerModel.class.php 第 123 行.
SQL: SELECT cloud_member.user_id,cloud_member.user_name,cloud_member.user_sd_name,cloud_member.user_company,cloud_member.user_phone,cloud_member.user_email,channels_customer.create_time FROM `channels_customer` INNER JOIN cloud_member ON channels_customer.customer_user_id = cloud_member.user_id  WHERE ( channels_customer.user_id = null ) ORDER BY channels_customer.customer_user_id DESC  [ RunTime:0.002000s ]
NOTIC: [2] Invalid argument supplied for foreach() D:\xampp\htdocs\channels.grandcloud.cn\Application\Home\Model\CustomerModel.class.php 第 126 行.
NOTIC: [2] array_values() expects parameter 1 to be array, null given D:\xampp\htdocs\channels.grandcloud.cn\Application\Home\Model\CustomerModel.class.php 第 140 行.
NOTIC: [2] Division by zero D:\xampp\htdocs\channels.grandcloud.cn\Application\Common\Common\function.php 第 169 行.
NOTIC: [2] array_slice() expects parameter 1 to be array, null given D:\xampp\htdocs\channels.grandcloud.cn\Application\Common\Common\function.php 第 171 行.
NOTIC: [2] Invalid argument supplied for foreach() D:\xampp\htdocs\channels.grandcloud.cn\Application\Home\Controller\ChannelsController.class.php 第 66 行.
SQL: UPDATE `channels_info` SET `available_amount`=0 WHERE ( `user_id` = null ) [ RunTime:0.001000s ]
SQL: SELECT `deduct_amount`,`available_amount`,`freezes_amount` FROM `channels_info` WHERE ( `user_id` = '999990000000106' ) LIMIT 1   [ RunTime:0.005001s ]
SQL: SELECT DISTINCT  payment_trans.payment_trans_id,payment_trans.user_id,payment_trans.payment_trans_type_id,payment_trans.amount,payment_trans.transaction_date,payment_trans.transaction_desc FROM `channels_customer` INNER JOIN payment_trans ON channels_customer.customer_user_id = payment_trans.user_id  WHERE ( channels_customer.user_id = '999990000000106' ) ORDER BY channels_customer.customer_user_id DESC  [ RunTime:0.002000s ]
SQL: SELECT DISTINCT  payment_trans.payment_trans_id,payment_trans.payment_trans_type_id,payment_application.amount_applied,payment_application.reserved_instance_change_id FROM `channels_customer` INNER JOIN payment_trans ON channels_customer.customer_user_id = payment_trans.user_id INNER JOIN payment_application ON payment_trans.payment_trans_id = payment_application.payment_trans_id  WHERE ( channels_customer.user_id = '999990000000106' ) AND ( payment_application.billing_account_id LIKE '%D%' ) ORDER BY payment_application.create_time DESC  [ RunTime:0.002001s ]
SQL: SELECT DISTINCT  payment_trans.payment_trans_id,product.term_type FROM `channels_customer` INNER JOIN payment_trans ON channels_customer.customer_user_id = payment_trans.user_id INNER JOIN payment_application ON payment_trans.payment_trans_id = payment_application.payment_trans_id INNER JOIN reserved_instance_change ON reserved_instance_change.reserved_instance_change_id = payment_application.reserved_instance_change_id INNER JOIN product ON reserved_instance_change.product_id = product.product_id  WHERE ( channels_customer.user_id = '999990000000106' ) AND ( payment_trans.payment_trans_type_id = 'RETURN' ) AND ( payment_application.billing_account_id LIKE '%D%' ) AND ( payment_trans.transaction_desc LIKE '%主机创建失败%' ) ORDER BY payment_application.create_time DESC  [ RunTime:0.003000s ]
NOTIC: [8] Undefined variable: memberWhere D:\xampp\htdocs\channels.grandcloud.cn\Application\Home\Model\CustomerModel.class.php 第 123 行.
SQL: SELECT cloud_member.user_id,cloud_member.user_name,cloud_member.user_sd_name,cloud_member.user_company,cloud_member.user_phone,cloud_member.user_email,channels_customer.create_time FROM `channels_customer` INNER JOIN cloud_member ON channels_customer.customer_user_id = cloud_member.user_id  WHERE ( channels_customer.user_id = '999990000000106' ) ORDER BY channels_customer.customer_user_id DESC  [ RunTime:0.004000s ]
SQL: SHOW COLUMNS FROM `channels_level` [ RunTime:0.002000s ]
SQL: SELECT `from_level`,`to_level`,`effective_time` FROM `channels_level` WHERE ( `user_id` = '999990000000106' ) ORDER BY `id` DESC  [ RunTime:0.002000s ]
NOTIC: [2] Invalid argument supplied for foreach() D:\xampp\htdocs\channels.grandcloud.cn\Application\Home\Model\CustomerModel.class.php 第 126 行.
NOTIC: [2] array_values() expects parameter 1 to be array, null given D:\xampp\htdocs\channels.grandcloud.cn\Application\Home\Model\CustomerModel.class.php 第 140 行.
NOTIC: [2] Division by zero D:\xampp\htdocs\channels.grandcloud.cn\Application\Common\Common\function.php 第 169 行.
NOTIC: [2] array_slice() expects parameter 1 to be array, null given D:\xampp\htdocs\channels.grandcloud.cn\Application\Common\Common\function.php 第 171 行.
NOTIC: [2] Invalid argument supplied for foreach() D:\xampp\htdocs\channels.grandcloud.cn\Application\Home\Controller\ChannelsController.class.php 第 66 行.
SQL: UPDATE `channels_info` SET `available_amount`=0 WHERE ( `user_id` = '999990000000106' ) [ RunTime:0.002000s ]
INFO: [ view_parse ] --START--
INFO: [ template_filter ] --START--
INFO: Run Behavior\ContentReplace [ RunTime:0.000000s ]
INFO: [ template_filter ] --END-- [ RunTime:0.000000s ]
NOTIC: [8] Undefined index: user_name D:\xampp\htdocs\channels.grandcloud.cn\Runtime\Cache\Home\2a94b8bda04ff446dcedd42276fc99ee.php 第 57 行.
NOTIC: [8] Undefined index: user_login_name D:\xampp\htdocs\channels.grandcloud.cn\Runtime\Cache\Home\2a94b8bda04ff446dcedd42276fc99ee.php 第 57 行.
INFO: Run Behavior\ParseTemplate [ RunTime:0.043002s ]
INFO: [ view_parse ] --END-- [ RunTime:0.043002s ]
INFO: [ view_filter ] --START--
INFO: Run Behavior\WriteHtmlCache [ RunTime:0.000000s ]
INFO: [ view_filter ] --END-- [ RunTime:0.001000s ]
INFO: [ app_end ] --START--
INFO: Run Behavior\ShowPageTrace [ RunTime:0.001001s ]
INFO: [ app_end ] --END-- [ RunTime:0.001001s ]

[ 2016-01-11T10:22:37+08:00 ] 127.0.0.1 /user_info-index.html
INFO: [ app_begin ] --START--
INFO: Run Behavior\ReadHtmlCache [ RunTime:0.001000s ]
INFO: [ app_begin ] --END-- [ RunTime:0.001000s ]
NOTIC: [8192] mysql_connect(): The mysql extension is deprecated and will be removed in the future: use mysqli or PDO instead D:\xampp\htdocs\channels.grandcloud.cn\Application\ThinkPHP\Library\Think\Db\Driver\Mysql.class.php 第 52 行.
SQL: SHOW COLUMNS FROM `channels_info` [ RunTime:0.038002s ]
SQL: SELECT `deduct_amount`,`available_amount`,`freezes_amount` FROM `channels_info` WHERE ( `user_id` = '999990000000106' ) LIMIT 1   [ RunTime:0.030002s ]
SQL: SHOW COLUMNS FROM `cloud_member` [ RunTime:0.020001s ]
SQL: SHOW COLUMNS FROM `channels_customer` [ RunTime:0.041002s ]
SQL: SELECT DISTINCT  payment_trans.payment_trans_id,payment_trans.user_id,payment_trans.payment_trans_type_id,payment_trans.amount,payment_trans.transaction_date,payment_trans.transaction_desc FROM `channels_customer` INNER JOIN payment_trans ON channels_customer.customer_user_id = payment_trans.user_id  WHERE ( channels_customer.user_id = null ) ORDER BY channels_customer.customer_user_id DESC  [ RunTime:0.032002s ]
SQL: SELECT DISTINCT  payment_trans.payment_trans_id,payment_trans.payment_trans_type_id,payment_application.amount_applied,payment_application.reserved_instance_change_id FROM `channels_customer` INNER JOIN payment_trans ON channels_customer.customer_user_id = payment_trans.user_id INNER JOIN payment_application ON payment_trans.payment_trans_id = payment_application.payment_trans_id  WHERE ( channels_customer.user_id = null ) AND ( payment_application.billing_account_id LIKE '%D%' ) ORDER BY payment_application.create_time DESC  [ RunTime:0.032002s ]
SQL: SELECT DISTINCT  payment_trans.payment_trans_id,product.term_type FROM `channels_customer` INNER JOIN payment_trans ON channels_customer.customer_user_id = payment_trans.user_id INNER JOIN payment_application ON payment_trans.payment_trans_id = payment_application.payment_trans_id INNER JOIN reserved_instance_change ON reserved_instance_change.reserved_instance_change_id = payment_application.reserved_instance_change_id INNER JOIN product ON reserved_instance_change.product_id = product.product_id  WHERE ( channels_customer.user_id = null ) AND ( payment_trans.payment_trans_type_id = 'RETURN' ) AND ( payment_application.billing_account_id LIKE '%D%' ) AND ( payment_trans.transaction_desc LIKE '%主机创建失败%' ) ORDER BY payment_application.create_time DESC  [ RunTime:0.035002s ]
NOTIC: [8] Undefined variable: memberWhere D:\xampp\htdocs\channels.grandcloud.cn\Application\Home\Model\CustomerModel.class.php 第 123 行.
SQL: SELECT cloud_member.user_id,cloud_member.user_name,cloud_member.user_sd_name,cloud_member.user_company,cloud_member.user_phone,cloud_member.user_email,channels_customer.create_time FROM `channels_customer` INNER JOIN cloud_member ON channels_customer.customer_user_id = cloud_member.user_id  WHERE ( channels_customer.user_id = null ) ORDER BY channels_customer.customer_user_id DESC  [ RunTime:0.050003s ]
NOTIC: [2] Invalid argument supplied for foreach() D:\xampp\htdocs\channels.grandcloud.cn\Application\Home\Model\CustomerModel.class.php 第 126 行.
NOTIC: [2] array_values() expects parameter 1 to be array, null given D:\xampp\htdocs\channels.grandcloud.cn\Application\Home\Model\CustomerModel.class.php 第 140 行.
NOTIC: [2] Division by zero D:\xampp\htdocs\channels.grandcloud.cn\Application\Common\Common\function.php 第 169 行.
NOTIC: [2] array_slice() expects parameter 1 to be array, null given D:\xampp\htdocs\channels.grandcloud.cn\Application\Common\Common\function.php 第 171 行.
NOTIC: [2] Invalid argument supplied for foreach() D:\xampp\htdocs\channels.grandcloud.cn\Application\Home\Controller\ChannelsController.class.php 第 66 行.
SQL: UPDATE `channels_info` SET `available_amount`=0 WHERE ( `user_id` = null ) [ RunTime:0.043003s ]
SQL: SHOW COLUMNS FROM `channels_user` [ RunTime:0.034002s ]
SQL: SELECT * FROM `channels_user` WHERE ( `user_id` = '999990000000106' ) LIMIT 1   [ RunTime:0.075004s ]
INFO: [ view_parse ] --START--
INFO: [ template_filter ] --START--
INFO: Run Behavior\ContentReplace [ RunTime:0.000000s ]
INFO: [ template_filter ] --END-- [ RunTime:0.000000s ]
INFO: Run Behavior\ParseTemplate [ RunTime:0.213012s ]
INFO: [ view_parse ] --END-- [ RunTime:0.213012s ]
INFO: [ view_filter ] --START--
INFO: Run Behavior\WriteHtmlCache [ RunTime:0.002000s ]
INFO: [ view_filter ] --END-- [ RunTime:0.003000s ]
INFO: [ app_end ] --START--
INFO: Run Behavior\ShowPageTrace [ RunTime:0.001000s ]
INFO: [ app_end ] --END-- [ RunTime:0.001000s ]

[ 2016-01-11T10:29:24+08:00 ] 127.0.0.1 /Admin/examine
INFO: [ app_begin ] --START--
INFO: Run Behavior\ReadHtmlCache [ RunTime:0.000000s ]
INFO: [ app_begin ] --END-- [ RunTime:0.001000s ]
NOTIC: [8] Undefined variable: examineStatus D:\xampp\htdocs\channels.grandcloud.cn\Application\Admin\Controller\ExamineController.class.php 第 35 行.
NOTIC: [8] Undefined variable: map D:\xampp\htdocs\channels.grandcloud.cn\Application\Admin\Controller\ExamineController.class.php 第 41 行.
NOTIC: [2] unlink(./Runtime/Temp/sndaCloud_V1_file_bbd8afe12b50ee3e84111e95fe553b07.php): No such file or directory D:\xampp\htdocs\channels.grandcloud.cn\Application\ThinkPHP\Library\Think\Cache\Driver\File.class.php 第 157 行.
NOTIC: [8192] mysql_connect(): The mysql extension is deprecated and will be removed in the future: use mysqli or PDO instead D:\xampp\htdocs\channels.grandcloud.cn\Application\ThinkPHP\Library\Think\Db\Driver\Mysql.class.php 第 52 行.
SQL: SHOW COLUMNS FROM `channels_user` [ RunTime:0.003001s ]
SQL: SELECT * FROM `channels_user` ORDER BY create_time desc LIMIT 0,500   [ RunTime:0.003000s ]
SQL: SHOW COLUMNS FROM `channels_level` [ RunTime:0.002000s ]
SQL: SELECT * FROM `channels_level` WHERE ( `user_id` = '999990000000106' ) AND ( `effective_time` <= '2016-01-11' ) ORDER BY effective_time desc LIMIT 1   [ RunTime:0.005000s ]
SQL: SELECT * FROM `channels_level` WHERE ( `user_id` = '999990000000103' ) AND ( `effective_time` <= '2016-01-11' ) ORDER BY effective_time desc LIMIT 1   [ RunTime:0.008001s ]
SQL: SELECT * FROM `channels_level` WHERE ( `user_id` = '999990000023618' ) AND ( `effective_time` <= '2016-01-11' ) ORDER BY effective_time desc LIMIT 1   [ RunTime:0.004000s ]
SQL: SELECT * FROM `channels_level` WHERE ( `user_id` = '999990000000137' ) AND ( `effective_time` <= '2016-01-11' ) ORDER BY effective_time desc LIMIT 1   [ RunTime:0.005000s ]
SQL: SELECT * FROM `channels_level` WHERE ( `user_id` = '999990000000099' ) AND ( `effective_time` <= '2016-01-11' ) ORDER BY effective_time desc LIMIT 1   [ RunTime:0.002000s ]
SQL: SELECT * FROM `channels_level` WHERE ( `user_id` = '999990000000165' ) AND ( `effective_time` <= '2016-01-11' ) ORDER BY effective_time desc LIMIT 1   [ RunTime:0.002000s ]
SQL: SELECT * FROM `channels_level` WHERE ( `user_id` = '1310143817' ) AND ( `effective_time` <= '2016-01-11' ) ORDER BY effective_time desc LIMIT 1   [ RunTime:0.005001s ]
SQL: SELECT * FROM `channels_level` WHERE ( `user_id` = '1663726908' ) AND ( `effective_time` <= '2016-01-11' ) ORDER BY effective_time desc LIMIT 1   [ RunTime:0.001000s ]
SQL: SELECT * FROM `channels_level` WHERE ( `user_id` = '999990000000095' ) AND ( `effective_time` <= '2016-01-11' ) ORDER BY effective_time desc LIMIT 1   [ RunTime:0.001000s ]
SQL: SELECT * FROM `channels_user`  [ RunTime:0.011000s ]
SQL: SELECT * FROM `channels_level` WHERE ( `user_id` = '1663726908' ) AND ( `effective_time` <= '2016-01-11' ) ORDER BY effective_time desc LIMIT 1   [ RunTime:0.005001s ]
SQL: SELECT * FROM `channels_level` WHERE ( `user_id` = '999990000000095' ) AND ( `effective_time` <= '2016-01-11' ) ORDER BY effective_time desc LIMIT 1   [ RunTime:0.002000s ]
SQL: SELECT * FROM `channels_level` WHERE ( `user_id` = '999990000000165' ) AND ( `effective_time` <= '2016-01-11' ) ORDER BY effective_time desc LIMIT 1   [ RunTime:0.002000s ]
SQL: SELECT * FROM `channels_level` WHERE ( `user_id` = '999990000023618' ) AND ( `effective_time` <= '2016-01-11' ) ORDER BY effective_time desc LIMIT 1   [ RunTime:0.001000s ]
SQL: SELECT * FROM `channels_level` WHERE ( `user_id` = '999990000000137' ) AND ( `effective_time` <= '2016-01-11' ) ORDER BY effective_time desc LIMIT 1   [ RunTime:0.001000s ]
SQL: SELECT * FROM `channels_level` WHERE ( `user_id` = '999990000000099' ) AND ( `effective_time` <= '2016-01-11' ) ORDER BY effective_time desc LIMIT 1   [ RunTime:0.001000s ]
SQL: SELECT * FROM `channels_level` WHERE ( `user_id` = '1310143817' ) AND ( `effective_time` <= '2016-01-11' ) ORDER BY effective_time desc LIMIT 1   [ RunTime:0.003000s ]
SQL: SELECT * FROM `channels_level` WHERE ( `user_id` = '999990000000103' ) AND ( `effective_time` <= '2016-01-11' ) ORDER BY effective_time desc LIMIT 1   [ RunTime:0.002000s ]
SQL: SELECT * FROM `channels_level` WHERE ( `user_id` = '999990000000106' ) AND ( `effective_time` <= '2016-01-11' ) ORDER BY effective_time desc LIMIT 1   [ RunTime:0.002000s ]
INFO: [ view_parse ] --START--
INFO: [ template_filter ] --START--
INFO: Run Behavior\ContentReplace [ RunTime:0.000000s ]
INFO: [ template_filter ] --END-- [ RunTime:0.000000s ]
INFO: Run Behavior\ParseTemplate [ RunTime:0.014001s ]
INFO: [ view_parse ] --END-- [ RunTime:0.014001s ]
INFO: [ view_filter ] --START--
INFO: Run Behavior\WriteHtmlCache [ RunTime:0.001000s ]
INFO: [ view_filter ] --END-- [ RunTime:0.001000s ]
INFO: [ app_end ] --START--
INFO: Run Behavior\ShowPageTrace [ RunTime:0.001000s ]
INFO: [ app_end ] --END-- [ RunTime:0.001000s ]

[ 2016-01-11T10:29:25+08:00 ] 127.0.0.1 /admin/examine-check-user_id-999990000000106.html
INFO: [ app_begin ] --START--
INFO: Run Behavior\ReadHtmlCache [ RunTime:0.001000s ]
INFO: [ app_begin ] --END-- [ RunTime:0.001000s ]
NOTIC: [8192] mysql_connect(): The mysql extension is deprecated and will be removed in the future: use mysqli or PDO instead D:\xampp\htdocs\channels.grandcloud.cn\Application\ThinkPHP\Library\Think\Db\Driver\Mysql.class.php 第 52 行.
SQL: SHOW COLUMNS FROM `channels_bank` [ RunTime:0.003000s ]
SQL: SELECT * FROM `channels_bank` WHERE ( `user_id` = '999990000000106' ) LIMIT 1   [ RunTime:0.005000s ]
SQL: SHOW COLUMNS FROM `channels_user` [ RunTime:0.003001s ]
SQL: SELECT * FROM `channels_user` WHERE ( `user_id` = '999990000000106' ) LIMIT 1   [ RunTime:0.007000s ]
SQL: SHOW COLUMNS FROM `channels_level` [ RunTime:0.003000s ]
SQL: SELECT * FROM `channels_level` WHERE ( `user_id` = '999990000000106' ) AND ( `effective_time` <= '2016-01-11' ) ORDER BY effective_time desc LIMIT 1   [ RunTime:0.002000s ]
INFO: [ view_parse ] --START--
INFO: [ template_filter ] --START--
INFO: Run Behavior\ContentReplace [ RunTime:0.001000s ]
INFO: [ template_filter ] --END-- [ RunTime:0.001000s ]
NOTIC: [8] Use of undefined constant I - assumed 'I' D:\xampp\htdocs\channels.grandcloud.cn\Runtime\Cache\Admin\7c9273ca214df8763531962986284e86.php 第 68 行.
INFO: Run Behavior\ParseTemplate [ RunTime:0.012001s ]
INFO: [ view_parse ] --END-- [ RunTime:0.013001s ]
INFO: [ view_filter ] --START--
INFO: Run Behavior\WriteHtmlCache [ RunTime:0.000000s ]
INFO: [ view_filter ] --END-- [ RunTime:0.000000s ]
INFO: [ app_end ] --START--
INFO: Run Behavior\ShowPageTrace [ RunTime:0.001000s ]
INFO: [ app_end ] --END-- [ RunTime:0.001000s ]

[ 2016-01-11T10:29:26+08:00 ] 127.0.0.1 /admin/examine-showuser-user_id-999990000000106.html
INFO: [ app_begin ] --START--
INFO: Run Behavior\ReadHtmlCache [ RunTime:0.000000s ]
INFO: [ app_begin ] --END-- [ RunTime:0.001000s ]
NOTIC: [8192] mysql_connect(): The mysql extension is deprecated and will be removed in the future: use mysqli or PDO instead D:\xampp\htdocs\channels.grandcloud.cn\Application\ThinkPHP\Library\Think\Db\Driver\Mysql.class.php 第 52 行.
SQL: SHOW COLUMNS FROM `channels_user` [ RunTime:0.002000s ]
SQL: SELECT * FROM `channels_user` WHERE ( `user_id` = '999990000000106' ) LIMIT 1   [ RunTime:0.007000s ]
INFO: [ view_parse ] --START--
INFO: [ template_filter ] --START--
INFO: Run Behavior\ContentReplace [ RunTime:0.000000s ]
INFO: [ template_filter ] --END-- [ RunTime:0.000000s ]
NOTIC: [8] Undefined index: user_company D:\xampp\htdocs\channels.grandcloud.cn\Runtime\Cache\Admin\7539773a5f7e6ffdda513047bcdd55cd.php 第 140 行.
NOTIC: [8] Undefined index: user_company D:\xampp\htdocs\channels.grandcloud.cn\Runtime\Cache\Admin\7539773a5f7e6ffdda513047bcdd55cd.php 第 141 行.
NOTIC: [8] Undefined index: user_website D:\xampp\htdocs\channels.grandcloud.cn\Runtime\Cache\Admin\7539773a5f7e6ffdda513047bcdd55cd.php 第 145 行.
NOTIC: [8] Undefined index: user_website D:\xampp\htdocs\channels.grandcloud.cn\Runtime\Cache\Admin\7539773a5f7e6ffdda513047bcdd55cd.php 第 146 行.
NOTIC: [8] Undefined index: addr D:\xampp\htdocs\channels.grandcloud.cn\Runtime\Cache\Admin\7539773a5f7e6ffdda513047bcdd55cd.php 第 155 行.
NOTIC: [8] Undefined index: addr D:\xampp\htdocs\channels.grandcloud.cn\Runtime\Cache\Admin\7539773a5f7e6ffdda513047bcdd55cd.php 第 156 行.
INFO: Run Behavior\ParseTemplate [ RunTime:0.025001s ]
INFO: [ view_parse ] --END-- [ RunTime:0.025001s ]
INFO: [ view_filter ] --START--
INFO: Run Behavior\WriteHtmlCache [ RunTime:0.000000s ]
INFO: [ view_filter ] --END-- [ RunTime:0.000000s ]
INFO: [ app_end ] --START--
INFO: Run Behavior\ShowPageTrace [ RunTime:0.001001s ]
INFO: [ app_end ] --END-- [ RunTime:0.001001s ]

[ 2016-01-11T10:29:29+08:00 ] 127.0.0.1 /admin/Examine
INFO: [ app_begin ] --START--
INFO: Run Behavior\ReadHtmlCache [ RunTime:0.001000s ]
INFO: [ app_begin ] --END-- [ RunTime:0.001000s ]
NOTIC: [8] Undefined variable: examineStatus D:\xampp\htdocs\channels.grandcloud.cn\Application\Admin\Controller\ExamineController.class.php 第 35 行.
NOTIC: [8] Undefined variable: map D:\xampp\htdocs\channels.grandcloud.cn\Application\Admin\Controller\ExamineController.class.php 第 41 行.
NOTIC: [2] unlink(./Runtime/Temp/sndaCloud_V1_file_bbd8afe12b50ee3e84111e95fe553b07.php): No such file or directory D:\xampp\htdocs\channels.grandcloud.cn\Application\ThinkPHP\Library\Think\Cache\Driver\File.class.php 第 157 行.
NOTIC: [8192] mysql_connect(): The mysql extension is deprecated and will be removed in the future: use mysqli or PDO instead D:\xampp\htdocs\channels.grandcloud.cn\Application\ThinkPHP\Library\Think\Db\Driver\Mysql.class.php 第 52 行.
SQL: SHOW COLUMNS FROM `channels_user` [ RunTime:0.004000s ]
SQL: SELECT * FROM `channels_user` ORDER BY create_time desc LIMIT 0,500   [ RunTime:0.019001s ]
SQL: SHOW COLUMNS FROM `channels_level` [ RunTime:0.041003s ]
SQL: SELECT * FROM `channels_level` WHERE ( `user_id` = '999990000000106' ) AND ( `effective_time` <= '2016-01-11' ) ORDER BY effective_time desc LIMIT 1   [ RunTime:0.016000s ]
SQL: SELECT * FROM `channels_level` WHERE ( `user_id` = '999990000000103' ) AND ( `effective_time` <= '2016-01-11' ) ORDER BY effective_time desc LIMIT 1   [ RunTime:0.008000s ]
SQL: SELECT * FROM `channels_level` WHERE ( `user_id` = '999990000023618' ) AND ( `effective_time` <= '2016-01-11' ) ORDER BY effective_time desc LIMIT 1   [ RunTime:0.008000s ]
SQL: SELECT * FROM `channels_level` WHERE ( `user_id` = '999990000000137' ) AND ( `effective_time` <= '2016-01-11' ) ORDER BY effective_time desc LIMIT 1   [ RunTime:0.029001s ]
SQL: SELECT * FROM `channels_level` WHERE ( `user_id` = '999990000000099' ) AND ( `effective_time` <= '2016-01-11' ) ORDER BY effective_time desc LIMIT 1   [ RunTime:0.006001s ]
SQL: SELECT * FROM `channels_level` WHERE ( `user_id` = '999990000000165' ) AND ( `effective_time` <= '2016-01-11' ) ORDER BY effective_time desc LIMIT 1   [ RunTime:0.008000s ]
SQL: SELECT * FROM `channels_level` WHERE ( `user_id` = '1310143817' ) AND ( `effective_time` <= '2016-01-11' ) ORDER BY effective_time desc LIMIT 1   [ RunTime:0.013001s ]
SQL: SELECT * FROM `channels_level` WHERE ( `user_id` = '1663726908' ) AND ( `effective_time` <= '2016-01-11' ) ORDER BY effective_time desc LIMIT 1   [ RunTime:0.009000s ]
SQL: SELECT * FROM `channels_level` WHERE ( `user_id` = '999990000000095' ) AND ( `effective_time` <= '2016-01-11' ) ORDER BY effective_time desc LIMIT 1   [ RunTime:0.007001s ]
SQL: SELECT * FROM `channels_user`  [ RunTime:0.014001s ]
SQL: SELECT * FROM `channels_level` WHERE ( `user_id` = '1663726908' ) AND ( `effective_time` <= '2016-01-11' ) ORDER BY effective_time desc LIMIT 1   [ RunTime:0.043002s ]
SQL: SELECT * FROM `channels_level` WHERE ( `user_id` = '999990000000095' ) AND ( `effective_time` <= '2016-01-11' ) ORDER BY effective_time desc LIMIT 1   [ RunTime:0.036002s ]
SQL: SELECT * FROM `channels_level` WHERE ( `user_id` = '999990000000165' ) AND ( `effective_time` <= '2016-01-11' ) ORDER BY effective_time desc LIMIT 1   [ RunTime:0.002000s ]
SQL: SELECT * FROM `channels_level` WHERE ( `user_id` = '999990000023618' ) AND ( `effective_time` <= '2016-01-11' ) ORDER BY effective_time desc LIMIT 1   [ RunTime:0.005001s ]
SQL: SELECT * FROM `channels_level` WHERE ( `user_id` = '999990000000137' ) AND ( `effective_time` <= '2016-01-11' ) ORDER BY effective_time desc LIMIT 1   [ RunTime:0.002000s ]
SQL: SELECT * FROM `channels_level` WHERE ( `user_id` = '999990000000099' ) AND ( `effective_time` <= '2016-01-11' ) ORDER BY effective_time desc LIMIT 1   [ RunTime:0.002000s ]
SQL: SELECT * FROM `channels_level` WHERE ( `user_id` = '1310143817' ) AND ( `effective_time` <= '2016-01-11' ) ORDER BY effective_time desc LIMIT 1   [ RunTime:0.003000s ]
SQL: SELECT * FROM `channels_level` WHERE ( `user_id` = '999990000000103' ) AND ( `effective_time` <= '2016-01-11' ) ORDER BY effective_time desc LIMIT 1   [ RunTime:0.003000s ]
SQL: SELECT * FROM `channels_level` WHERE ( `user_id` = '999990000000106' ) AND ( `effective_time` <= '2016-01-11' ) ORDER BY effective_time desc LIMIT 1   [ RunTime:0.006001s ]
INFO: [ view_parse ] --START--
INFO: [ template_filter ] --START--
INFO: Run Behavior\ContentReplace [ RunTime:0.000000s ]
INFO: [ template_filter ] --END-- [ RunTime:0.000000s ]
INFO: Run Behavior\ParseTemplate [ RunTime:0.014000s ]
INFO: [ view_parse ] --END-- [ RunTime:0.014000s ]
INFO: [ view_filter ] --START--
INFO: Run Behavior\WriteHtmlCache [ RunTime:0.001001s ]
INFO: [ view_filter ] --END-- [ RunTime:0.001001s ]
INFO: [ app_end ] --START--
INFO: Run Behavior\ShowPageTrace [ RunTime:0.001000s ]
INFO: [ app_end ] --END-- [ RunTime:0.001000s ]

[ 2016-01-11T10:29:31+08:00 ] 127.0.0.1 /admin/examine-check-user_id-999990000000106.html
INFO: [ app_begin ] --START--
INFO: Run Behavior\ReadHtmlCache [ RunTime:0.000000s ]
INFO: [ app_begin ] --END-- [ RunTime:0.001000s ]
NOTIC: [8192] mysql_connect(): The mysql extension is deprecated and will be removed in the future: use mysqli or PDO instead D:\xampp\htdocs\channels.grandcloud.cn\Application\ThinkPHP\Library\Think\Db\Driver\Mysql.class.php 第 52 行.
SQL: SHOW COLUMNS FROM `channels_bank` [ RunTime:0.015001s ]
SQL: SELECT * FROM `channels_bank` WHERE ( `user_id` = '999990000000106' ) LIMIT 1   [ RunTime:0.020001s ]
SQL: SHOW COLUMNS FROM `channels_user` [ RunTime:0.015000s ]
SQL: SELECT * FROM `channels_user` WHERE ( `user_id` = '999990000000106' ) LIMIT 1   [ RunTime:0.013001s ]
SQL: SHOW COLUMNS FROM `channels_level` [ RunTime:0.014001s ]
SQL: SELECT * FROM `channels_level` WHERE ( `user_id` = '999990000000106' ) AND ( `effective_time` <= '2016-01-11' ) ORDER BY effective_time desc LIMIT 1   [ RunTime:0.010001s ]
INFO: [ view_parse ] --START--
INFO: [ template_filter ] --START--
INFO: Run Behavior\ContentReplace [ RunTime:0.000000s ]
INFO: [ template_filter ] --END-- [ RunTime:0.000000s ]
NOTIC: [8] Use of undefined constant I - assumed 'I' D:\xampp\htdocs\channels.grandcloud.cn\Runtime\Cache\Admin\7c9273ca214df8763531962986284e86.php 第 68 行.
INFO: Run Behavior\ParseTemplate [ RunTime:0.013000s ]
INFO: [ view_parse ] --END-- [ RunTime:0.013000s ]
INFO: [ view_filter ] --START--
INFO: Run Behavior\WriteHtmlCache [ RunTime:0.001000s ]
INFO: [ view_filter ] --END-- [ RunTime:0.001000s ]
INFO: [ app_end ] --START--
INFO: Run Behavior\ShowPageTrace [ RunTime:0.001000s ]
INFO: [ app_end ] --END-- [ RunTime:0.001000s ]

[ 2016-01-11T10:29:34+08:00 ] 127.0.0.1 /admin/Examine
INFO: [ app_begin ] --START--
INFO: Run Behavior\ReadHtmlCache [ RunTime:0.001000s ]
INFO: [ app_begin ] --END-- [ RunTime:0.001000s ]
NOTIC: [8] Undefined variable: examineStatus D:\xampp\htdocs\channels.grandcloud.cn\Application\Admin\Controller\ExamineController.class.php 第 35 行.
NOTIC: [8] Undefined variable: map D:\xampp\htdocs\channels.grandcloud.cn\Application\Admin\Controller\ExamineController.class.php 第 41 行.
NOTIC: [2] unlink(./Runtime/Temp/sndaCloud_V1_file_bbd8afe12b50ee3e84111e95fe553b07.php): No such file or directory D:\xampp\htdocs\channels.grandcloud.cn\Application\ThinkPHP\Library\Think\Cache\Driver\File.class.php 第 157 行.
NOTIC: [8192] mysql_connect(): The mysql extension is deprecated and will be removed in the future: use mysqli or PDO instead D:\xampp\htdocs\channels.grandcloud.cn\Application\ThinkPHP\Library\Think\Db\Driver\Mysql.class.php 第 52 行.
SQL: SHOW COLUMNS FROM `channels_user` [ RunTime:0.002000s ]
SQL: SELECT * FROM `channels_user` ORDER BY create_time desc LIMIT 0,500   [ RunTime:0.003001s ]
SQL: SHOW COLUMNS FROM `channels_level` [ RunTime:0.005000s ]
SQL: SELECT * FROM `channels_level` WHERE ( `user_id` = '999990000000106' ) AND ( `effective_time` <= '2016-01-11' ) ORDER BY effective_time desc LIMIT 1   [ RunTime:0.002000s ]
SQL: SELECT * FROM `channels_level` WHERE ( `user_id` = '999990000000103' ) AND ( `effective_time` <= '2016-01-11' ) ORDER BY effective_time desc LIMIT 1   [ RunTime:0.002000s ]
SQL: SELECT * FROM `channels_level` WHERE ( `user_id` = '999990000023618' ) AND ( `effective_time` <= '2016-01-11' ) ORDER BY effective_time desc LIMIT 1   [ RunTime:0.001000s ]
SQL: SELECT * FROM `channels_level` WHERE ( `user_id` = '999990000000137' ) AND ( `effective_time` <= '2016-01-11' ) ORDER BY effective_time desc LIMIT 1   [ RunTime:0.006001s ]
SQL: SELECT * FROM `channels_level` WHERE ( `user_id` = '999990000000099' ) AND ( `effective_time` <= '2016-01-11' ) ORDER BY effective_time desc LIMIT 1   [ RunTime:0.002000s ]
SQL: SELECT * FROM `channels_level` WHERE ( `user_id` = '999990000000165' ) AND ( `effective_time` <= '2016-01-11' ) ORDER BY effective_time desc LIMIT 1   [ RunTime:0.002000s ]
SQL: SELECT * FROM `channels_level` WHERE ( `user_id` = '1310143817' ) AND ( `effective_time` <= '2016-01-11' ) ORDER BY effective_time desc LIMIT 1   [ RunTime:0.002000s ]
SQL: SELECT * FROM `channels_level` WHERE ( `user_id` = '1663726908' ) AND ( `effective_time` <= '2016-01-11' ) ORDER BY effective_time desc LIMIT 1   [ RunTime:0.001000s ]
SQL: SELECT * FROM `channels_level` WHERE ( `user_id` = '999990000000095' ) AND ( `effective_time` <= '2016-01-11' ) ORDER BY effective_time desc LIMIT 1   [ RunTime:0.003000s ]
SQL: SELECT * FROM `channels_user`  [ RunTime:0.004000s ]
SQL: SELECT * FROM `channels_level` WHERE ( `user_id` = '1663726908' ) AND ( `effective_time` <= '2016-01-11' ) ORDER BY effective_time desc LIMIT 1   [ RunTime:0.008001s ]
SQL: SELECT * FROM `channels_level` WHERE ( `user_id` = '999990000000095' ) AND ( `effective_time` <= '2016-01-11' ) ORDER BY effective_time desc LIMIT 1   [ RunTime:0.002000s ]
SQL: SELECT * FROM `channels_level` WHERE ( `user_id` = '999990000000165' ) AND ( `effective_time` <= '2016-01-11' ) ORDER BY effective_time desc LIMIT 1   [ RunTime:0.002000s ]
SQL: SELECT * FROM `channels_level` WHERE ( `user_id` = '999990000023618' ) AND ( `effective_time` <= '2016-01-11' ) ORDER BY effective_time desc LIMIT 1   [ RunTime:0.002000s ]
SQL: SELECT * FROM `channels_level` WHERE ( `user_id` = '999990000000137' ) AND ( `effective_time` <= '2016-01-11' ) ORDER BY effective_time desc LIMIT 1   [ RunTime:0.004000s ]
SQL: SELECT * FROM `channels_level` WHERE ( `user_id` = '999990000000099' ) AND ( `effective_time` <= '2016-01-11' ) ORDER BY effective_time desc LIMIT 1   [ RunTime:0.004001s ]
SQL: SELECT * FROM `channels_level` WHERE ( `user_id` = '1310143817' ) AND ( `effective_time` <= '2016-01-11' ) ORDER BY effective_time desc LIMIT 1   [ RunTime:0.001000s ]
SQL: SELECT * FROM `channels_level` WHERE ( `user_id` = '999990000000103' ) AND ( `effective_time` <= '2016-01-11' ) ORDER BY effective_time desc LIMIT 1   [ RunTime:0.002000s ]
SQL: SELECT * FROM `channels_level` WHERE ( `user_id` = '999990000000106' ) AND ( `effective_time` <= '2016-01-11' ) ORDER BY effective_time desc LIMIT 1   [ RunTime:0.002000s ]
INFO: [ view_parse ] --START--
INFO: [ template_filter ] --START--
INFO: Run Behavior\ContentReplace [ RunTime:0.000000s ]
INFO: [ template_filter ] --END-- [ RunTime:0.000000s ]
INFO: Run Behavior\ParseTemplate [ RunTime:0.015001s ]
INFO: [ view_parse ] --END-- [ RunTime:0.015001s ]
INFO: [ view_filter ] --START--
INFO: Run Behavior\WriteHtmlCache [ RunTime:0.001000s ]
INFO: [ view_filter ] --END-- [ RunTime:0.001000s ]
INFO: [ app_end ] --START--
INFO: Run Behavior\ShowPageTrace [ RunTime:0.001000s ]
INFO: [ app_end ] --END-- [ RunTime:0.001000s ]

[ 2016-01-11T10:29:36+08:00 ] 127.0.0.1 /admin/examine-check-user_id-999990000000106.html
INFO: [ app_begin ] --START--
INFO: Run Behavior\ReadHtmlCache [ RunTime:0.000000s ]
INFO: [ app_begin ] --END-- [ RunTime:0.001000s ]
NOTIC: [8192] mysql_connect(): The mysql extension is deprecated and will be removed in the future: use mysqli or PDO instead D:\xampp\htdocs\channels.grandcloud.cn\Application\ThinkPHP\Library\Think\Db\Driver\Mysql.class.php 第 52 行.
SQL: SHOW COLUMNS FROM `channels_bank` [ RunTime:0.002000s ]
SQL: SELECT * FROM `channels_bank` WHERE ( `user_id` = '999990000000106' ) LIMIT 1   [ RunTime:0.001000s ]
SQL: SHOW COLUMNS FROM `channels_user` [ RunTime:0.002000s ]
SQL: SELECT * FROM `channels_user` WHERE ( `user_id` = '999990000000106' ) LIMIT 1   [ RunTime:0.005000s ]
SQL: SHOW COLUMNS FROM `channels_level` [ RunTime:0.003000s ]
SQL: SELECT * FROM `channels_level` WHERE ( `user_id` = '999990000000106' ) AND ( `effective_time` <= '2016-01-11' ) ORDER BY effective_time desc LIMIT 1   [ RunTime:0.002000s ]
INFO: [ view_parse ] --START--
INFO: [ template_filter ] --START--
INFO: Run Behavior\ContentReplace [ RunTime:0.000000s ]
INFO: [ template_filter ] --END-- [ RunTime:0.000000s ]
NOTIC: [8] Use of undefined constant I - assumed 'I' D:\xampp\htdocs\channels.grandcloud.cn\Runtime\Cache\Admin\7c9273ca214df8763531962986284e86.php 第 68 行.
INFO: Run Behavior\ParseTemplate [ RunTime:0.011001s ]
INFO: [ view_parse ] --END-- [ RunTime:0.011001s ]
INFO: [ view_filter ] --START--
INFO: Run Behavior\WriteHtmlCache [ RunTime:0.001000s ]
INFO: [ view_filter ] --END-- [ RunTime:0.001000s ]
INFO: [ app_end ] --START--
INFO: Run Behavior\ShowPageTrace [ RunTime:0.001000s ]
INFO: [ app_end ] --END-- [ RunTime:0.001000s ]

[ 2016-01-11T10:29:40+08:00 ] 127.0.0.1 /admin/Examine
INFO: [ app_begin ] --START--
INFO: Run Behavior\ReadHtmlCache [ RunTime:0.000000s ]
INFO: [ app_begin ] --END-- [ RunTime:0.002000s ]
NOTIC: [8] Undefined variable: examineStatus D:\xampp\htdocs\channels.grandcloud.cn\Application\Admin\Controller\ExamineController.class.php 第 35 行.
NOTIC: [8] Undefined variable: map D:\xampp\htdocs\channels.grandcloud.cn\Application\Admin\Controller\ExamineController.class.php 第 41 行.
NOTIC: [2] unlink(./Runtime/Temp/sndaCloud_V1_file_bbd8afe12b50ee3e84111e95fe553b07.php): No such file or directory D:\xampp\htdocs\channels.grandcloud.cn\Application\ThinkPHP\Library\Think\Cache\Driver\File.class.php 第 157 行.
NOTIC: [8192] mysql_connect(): The mysql extension is deprecated and will be removed in the future: use mysqli or PDO instead D:\xampp\htdocs\channels.grandcloud.cn\Application\ThinkPHP\Library\Think\Db\Driver\Mysql.class.php 第 52 行.
SQL: SHOW COLUMNS FROM `channels_user` [ RunTime:0.002001s ]
SQL: SELECT * FROM `channels_user` ORDER BY create_time desc LIMIT 0,500   [ RunTime:0.004000s ]
SQL: SHOW COLUMNS FROM `channels_level` [ RunTime:0.002000s ]
SQL: SELECT * FROM `channels_level` WHERE ( `user_id` = '999990000000106' ) AND ( `effective_time` <= '2016-01-11' ) ORDER BY effective_time desc LIMIT 1   [ RunTime:0.002000s ]
SQL: SELECT * FROM `channels_level` WHERE ( `user_id` = '999990000000103' ) AND ( `effective_time` <= '2016-01-11' ) ORDER BY effective_time desc LIMIT 1   [ RunTime:0.002000s ]
SQL: SELECT * FROM `channels_level` WHERE ( `user_id` = '999990000023618' ) AND ( `effective_time` <= '2016-01-11' ) ORDER BY effective_time desc LIMIT 1   [ RunTime:0.002000s ]
SQL: SELECT * FROM `channels_level` WHERE ( `user_id` = '999990000000137' ) AND ( `effective_time` <= '2016-01-11' ) ORDER BY effective_time desc LIMIT 1   [ RunTime:0.003000s ]
SQL: SELECT * FROM `channels_level` WHERE ( `user_id` = '999990000000099' ) AND ( `effective_time` <= '2016-01-11' ) ORDER BY effective_time desc LIMIT 1   [ RunTime:0.003001s ]
SQL: SELECT * FROM `channels_level` WHERE ( `user_id` = '999990000000165' ) AND ( `effective_time` <= '2016-01-11' ) ORDER BY effective_time desc LIMIT 1   [ RunTime:0.001000s ]
SQL: SELECT * FROM `channels_level` WHERE ( `user_id` = '1310143817' ) AND ( `effective_time` <= '2016-01-11' ) ORDER BY effective_time desc LIMIT 1   [ RunTime:0.003000s ]
SQL: SELECT * FROM `channels_level` WHERE ( `user_id` = '1663726908' ) AND ( `effective_time` <= '2016-01-11' ) ORDER BY effective_time desc LIMIT 1   [ RunTime:0.001000s ]
SQL: SELECT * FROM `channels_level` WHERE ( `user_id` = '999990000000095' ) AND ( `effective_time` <= '2016-01-11' ) ORDER BY effective_time desc LIMIT 1   [ RunTime:0.002000s ]
SQL: SELECT * FROM `channels_user`  [ RunTime:0.002000s ]
SQL: SELECT * FROM `channels_level` WHERE ( `user_id` = '1663726908' ) AND ( `effective_time` <= '2016-01-11' ) ORDER BY effective_time desc LIMIT 1   [ RunTime:0.004000s ]
SQL: SELECT * FROM `channels_level` WHERE ( `user_id` = '999990000000095' ) AND ( `effective_time` <= '2016-01-11' ) ORDER BY effective_time desc LIMIT 1   [ RunTime:0.001000s ]
SQL: SELECT * FROM `channels_level` WHERE ( `user_id` = '999990000000165' ) AND ( `effective_time` <= '2016-01-11' ) ORDER BY effective_time desc LIMIT 1   [ RunTime:0.004000s ]
SQL: SELECT * FROM `channels_level` WHERE ( `user_id` = '999990000023618' ) AND ( `effective_time` <= '2016-01-11' ) ORDER BY effective_time desc LIMIT 1   [ RunTime:0.002000s ]
SQL: SELECT * FROM `channels_level` WHERE ( `user_id` = '999990000000137' ) AND ( `effective_time` <= '2016-01-11' ) ORDER BY effective_time desc LIMIT 1   [ RunTime:0.001000s ]
SQL: SELECT * FROM `channels_level` WHERE ( `user_id` = '999990000000099' ) AND ( `effective_time` <= '2016-01-11' ) ORDER BY effective_time desc LIMIT 1   [ RunTime:0.001000s ]
SQL: SELECT * FROM `channels_level` WHERE ( `user_id` = '1310143817' ) AND ( `effective_time` <= '2016-01-11' ) ORDER BY effective_time desc LIMIT 1   [ RunTime:0.001000s ]
SQL: SELECT * FROM `channels_level` WHERE ( `user_id` = '999990000000103' ) AND ( `effective_time` <= '2016-01-11' ) ORDER BY effective_time desc LIMIT 1   [ RunTime:0.006001s ]
SQL: SELECT * FROM `channels_level` WHERE ( `user_id` = '999990000000106' ) AND ( `effective_time` <= '2016-01-11' ) ORDER BY effective_time desc LIMIT 1   [ RunTime:0.003000s ]
INFO: [ view_parse ] --START--
INFO: [ template_filter ] --START--
INFO: Run Behavior\ContentReplace [ RunTime:0.001000s ]
INFO: [ template_filter ] --END-- [ RunTime:0.001000s ]
INFO: Run Behavior\ParseTemplate [ RunTime:0.013001s ]
INFO: [ view_parse ] --END-- [ RunTime:0.014001s ]
INFO: [ view_filter ] --START--
INFO: Run Behavior\WriteHtmlCache [ RunTime:0.000000s ]
INFO: [ view_filter ] --END-- [ RunTime:0.000000s ]
INFO: [ app_end ] --START--
INFO: Run Behavior\ShowPageTrace [ RunTime:0.001000s ]
INFO: [ app_end ] --END-- [ RunTime:0.001000s ]

[ 2016-01-11T10:34:29+08:00 ] 127.0.0.1 /
INFO: [ app_begin ] --START--
INFO: Run Behavior\ReadHtmlCache [ RunTime:0.000000s ]
INFO: [ app_begin ] --END-- [ RunTime:0.001001s ]
NOTIC: [8192] mysql_connect(): The mysql extension is deprecated and will be removed in the future: use mysqli or PDO instead D:\xampp\htdocs\channels.grandcloud.cn\Application\ThinkPHP\Library\Think\Db\Driver\Mysql.class.php 第 52 行.
SQL: SHOW COLUMNS FROM `channels_info` [ RunTime:0.002000s ]
SQL: SELECT `deduct_amount`,`available_amount`,`freezes_amount` FROM `channels_info` WHERE ( `user_id` = '999990000000106' ) LIMIT 1   [ RunTime:0.001000s ]
SQL: SHOW COLUMNS FROM `cloud_member` [ RunTime:0.008000s ]
SQL: SHOW COLUMNS FROM `channels_customer` [ RunTime:0.003000s ]
SQL: SELECT DISTINCT  payment_trans.payment_trans_id,payment_trans.user_id,payment_trans.payment_trans_type_id,payment_trans.amount,payment_trans.transaction_date,payment_trans.transaction_desc FROM `channels_customer` INNER JOIN payment_trans ON channels_customer.customer_user_id = payment_trans.user_id  WHERE ( channels_customer.user_id = null ) ORDER BY channels_customer.customer_user_id DESC  [ RunTime:0.001001s ]
SQL: SELECT DISTINCT  payment_trans.payment_trans_id,payment_trans.payment_trans_type_id,payment_application.amount_applied,payment_application.reserved_instance_change_id FROM `channels_customer` INNER JOIN payment_trans ON channels_customer.customer_user_id = payment_trans.user_id INNER JOIN payment_application ON payment_trans.payment_trans_id = payment_application.payment_trans_id  WHERE ( channels_customer.user_id = null ) AND ( payment_application.billing_account_id LIKE '%D%' ) ORDER BY payment_application.create_time DESC  [ RunTime:0.001000s ]
SQL: SELECT DISTINCT  payment_trans.payment_trans_id,product.term_type FROM `channels_customer` INNER JOIN payment_trans ON channels_customer.customer_user_id = payment_trans.user_id INNER JOIN payment_application ON payment_trans.payment_trans_id = payment_application.payment_trans_id INNER JOIN reserved_instance_change ON reserved_instance_change.reserved_instance_change_id = payment_application.reserved_instance_change_id INNER JOIN product ON reserved_instance_change.product_id = product.product_id  WHERE ( channels_customer.user_id = null ) AND ( payment_trans.payment_trans_type_id = 'RETURN' ) AND ( payment_application.billing_account_id LIKE '%D%' ) AND ( payment_trans.transaction_desc LIKE '%主机创建失败%' ) ORDER BY payment_application.create_time DESC  [ RunTime:0.002000s ]
NOTIC: [8] Undefined variable: memberWhere D:\xampp\htdocs\channels.grandcloud.cn\Application\Home\Model\CustomerModel.class.php 第 123 行.
SQL: SELECT cloud_member.user_id,cloud_member.user_name,cloud_member.user_sd_name,cloud_member.user_company,cloud_member.user_phone,cloud_member.user_email,channels_customer.create_time FROM `channels_customer` INNER JOIN cloud_member ON channels_customer.customer_user_id = cloud_member.user_id  WHERE ( channels_customer.user_id = null ) ORDER BY channels_customer.customer_user_id DESC  [ RunTime:0.001000s ]
NOTIC: [2] Invalid argument supplied for foreach() D:\xampp\htdocs\channels.grandcloud.cn\Application\Home\Model\CustomerModel.class.php 第 126 行.
NOTIC: [2] array_values() expects parameter 1 to be array, null given D:\xampp\htdocs\channels.grandcloud.cn\Application\Home\Model\CustomerModel.class.php 第 140 行.
NOTIC: [2] Division by zero D:\xampp\htdocs\channels.grandcloud.cn\Application\Common\Common\function.php 第 169 行.
NOTIC: [2] array_slice() expects parameter 1 to be array, null given D:\xampp\htdocs\channels.grandcloud.cn\Application\Common\Common\function.php 第 171 行.
NOTIC: [2] Invalid argument supplied for foreach() D:\xampp\htdocs\channels.grandcloud.cn\Application\Home\Controller\ChannelsController.class.php 第 66 行.
SQL: UPDATE `channels_info` SET `available_amount`=0 WHERE ( `user_id` = null ) [ RunTime:0.004000s ]
SQL: SELECT `deduct_amount`,`available_amount`,`freezes_amount` FROM `channels_info` WHERE ( `user_id` = '999990000000106' ) LIMIT 1   [ RunTime:0.001000s ]
SQL: SELECT DISTINCT  payment_trans.payment_trans_id,payment_trans.user_id,payment_trans.payment_trans_type_id,payment_trans.amount,payment_trans.transaction_date,payment_trans.transaction_desc FROM `channels_customer` INNER JOIN payment_trans ON channels_customer.customer_user_id = payment_trans.user_id  WHERE ( channels_customer.user_id = '999990000000106' ) ORDER BY channels_customer.customer_user_id DESC  [ RunTime:0.001000s ]
SQL: SELECT DISTINCT  payment_trans.payment_trans_id,payment_trans.payment_trans_type_id,payment_application.amount_applied,payment_application.reserved_instance_change_id FROM `channels_customer` INNER JOIN payment_trans ON channels_customer.customer_user_id = payment_trans.user_id INNER JOIN payment_application ON payment_trans.payment_trans_id = payment_application.payment_trans_id  WHERE ( channels_customer.user_id = '999990000000106' ) AND ( payment_application.billing_account_id LIKE '%D%' ) ORDER BY payment_application.create_time DESC  [ RunTime:0.001000s ]
SQL: SELECT DISTINCT  payment_trans.payment_trans_id,product.term_type FROM `channels_customer` INNER JOIN payment_trans ON channels_customer.customer_user_id = payment_trans.user_id INNER JOIN payment_application ON payment_trans.payment_trans_id = payment_application.payment_trans_id INNER JOIN reserved_instance_change ON reserved_instance_change.reserved_instance_change_id = payment_application.reserved_instance_change_id INNER JOIN product ON reserved_instance_change.product_id = product.product_id  WHERE ( channels_customer.user_id = '999990000000106' ) AND ( payment_trans.payment_trans_type_id = 'RETURN' ) AND ( payment_application.billing_account_id LIKE '%D%' ) AND ( payment_trans.transaction_desc LIKE '%主机创建失败%' ) ORDER BY payment_application.create_time DESC  [ RunTime:0.005001s ]
NOTIC: [8] Undefined variable: memberWhere D:\xampp\htdocs\channels.grandcloud.cn\Application\Home\Model\CustomerModel.class.php 第 123 行.
SQL: SELECT cloud_member.user_id,cloud_member.user_name,cloud_member.user_sd_name,cloud_member.user_company,cloud_member.user_phone,cloud_member.user_email,channels_customer.create_time FROM `channels_customer` INNER JOIN cloud_member ON channels_customer.customer_user_id = cloud_member.user_id  WHERE ( channels_customer.user_id = '999990000000106' ) ORDER BY channels_customer.customer_user_id DESC  [ RunTime:0.001000s ]
SQL: SHOW COLUMNS FROM `channels_level` [ RunTime:0.002000s ]
SQL: SELECT `from_level`,`to_level`,`effective_time` FROM `channels_level` WHERE ( `user_id` = '999990000000106' ) ORDER BY `id` DESC  [ RunTime:0.004000s ]
NOTIC: [2] Invalid argument supplied for foreach() D:\xampp\htdocs\channels.grandcloud.cn\Application\Home\Model\CustomerModel.class.php 第 126 行.
NOTIC: [2] array_values() expects parameter 1 to be array, null given D:\xampp\htdocs\channels.grandcloud.cn\Application\Home\Model\CustomerModel.class.php 第 140 行.
NOTIC: [2] Division by zero D:\xampp\htdocs\channels.grandcloud.cn\Application\Common\Common\function.php 第 169 行.
NOTIC: [2] array_slice() expects parameter 1 to be array, null given D:\xampp\htdocs\channels.grandcloud.cn\Application\Common\Common\function.php 第 171 行.
NOTIC: [2] Invalid argument supplied for foreach() D:\xampp\htdocs\channels.grandcloud.cn\Application\Home\Controller\ChannelsController.class.php 第 66 行.
SQL: UPDATE `channels_info` SET `available_amount`=0 WHERE ( `user_id` = '999990000000106' ) [ RunTime:0.003001s ]
INFO: [ view_parse ] --START--
INFO: [ template_filter ] --START--
INFO: Run Behavior\ContentReplace [ RunTime:0.000000s ]
INFO: [ template_filter ] --END-- [ RunTime:0.000000s ]
NOTIC: [8] Undefined index: user_name D:\xampp\htdocs\channels.grandcloud.cn\Runtime\Cache\Home\2a94b8bda04ff446dcedd42276fc99ee.php 第 57 行.
NOTIC: [8] Undefined index: user_login_name D:\xampp\htdocs\channels.grandcloud.cn\Runtime\Cache\Home\2a94b8bda04ff446dcedd42276fc99ee.php 第 57 行.
INFO: Run Behavior\ParseTemplate [ RunTime:0.010000s ]
INFO: [ view_parse ] --END-- [ RunTime:0.010000s ]
INFO: [ view_filter ] --START--
INFO: Run Behavior\WriteHtmlCache [ RunTime:0.001000s ]
INFO: [ view_filter ] --END-- [ RunTime:0.001000s ]
INFO: [ app_end ] --START--
INFO: Run Behavior\ShowPageTrace [ RunTime:0.001000s ]
INFO: [ app_end ] --END-- [ RunTime:0.001000s ]

[ 2016-01-11T10:34:36+08:00 ] 127.0.0.1 /Register-index
INFO: [ app_begin ] --START--
INFO: Run Behavior\ReadHtmlCache [ RunTime:0.000000s ]
INFO: [ app_begin ] --END-- [ RunTime:0.001000s ]
NOTIC: [8192] mysql_connect(): The mysql extension is deprecated and will be removed in the future: use mysqli or PDO instead D:\xampp\htdocs\channels.grandcloud.cn\Application\ThinkPHP\Library\Think\Db\Driver\Mysql.class.php 第 52 行.
SQL: SHOW COLUMNS FROM `channels_info` [ RunTime:0.002000s ]
SQL: SELECT `deduct_amount`,`available_amount`,`freezes_amount` FROM `channels_info` WHERE ( `user_id` = '999990000000106' ) LIMIT 1   [ RunTime:0.005001s ]
SQL: SHOW COLUMNS FROM `cloud_member` [ RunTime:0.005000s ]
SQL: SHOW COLUMNS FROM `channels_customer` [ RunTime:0.004001s ]
SQL: SELECT DISTINCT  payment_trans.payment_trans_id,payment_trans.user_id,payment_trans.payment_trans_type_id,payment_trans.amount,payment_trans.transaction_date,payment_trans.transaction_desc FROM `channels_customer` INNER JOIN payment_trans ON channels_customer.customer_user_id = payment_trans.user_id  WHERE ( channels_customer.user_id = null ) ORDER BY channels_customer.customer_user_id DESC  [ RunTime:0.004000s ]
SQL: SELECT DISTINCT  payment_trans.payment_trans_id,payment_trans.payment_trans_type_id,payment_application.amount_applied,payment_application.reserved_instance_change_id FROM `channels_customer` INNER JOIN payment_trans ON channels_customer.customer_user_id = payment_trans.user_id INNER JOIN payment_application ON payment_trans.payment_trans_id = payment_application.payment_trans_id  WHERE ( channels_customer.user_id = null ) AND ( payment_application.billing_account_id LIKE '%D%' ) ORDER BY payment_application.create_time DESC  [ RunTime:0.009000s ]
SQL: SELECT DISTINCT  payment_trans.payment_trans_id,product.term_type FROM `channels_customer` INNER JOIN payment_trans ON channels_customer.customer_user_id = payment_trans.user_id INNER JOIN payment_application ON payment_trans.payment_trans_id = payment_application.payment_trans_id INNER JOIN reserved_instance_change ON reserved_instance_change.reserved_instance_change_id = payment_application.reserved_instance_change_id INNER JOIN product ON reserved_instance_change.product_id = product.product_id  WHERE ( channels_customer.user_id = null ) AND ( payment_trans.payment_trans_type_id = 'RETURN' ) AND ( payment_application.billing_account_id LIKE '%D%' ) AND ( payment_trans.transaction_desc LIKE '%主机创建失败%' ) ORDER BY payment_application.create_time DESC  [ RunTime:0.010001s ]
NOTIC: [8] Undefined variable: memberWhere D:\xampp\htdocs\channels.grandcloud.cn\Application\Home\Model\CustomerModel.class.php 第 123 行.
SQL: SELECT cloud_member.user_id,cloud_member.user_name,cloud_member.user_sd_name,cloud_member.user_company,cloud_member.user_phone,cloud_member.user_email,channels_customer.create_time FROM `channels_customer` INNER JOIN cloud_member ON channels_customer.customer_user_id = cloud_member.user_id  WHERE ( channels_customer.user_id = null ) ORDER BY channels_customer.customer_user_id DESC  [ RunTime:0.002000s ]
NOTIC: [2] Invalid argument supplied for foreach() D:\xampp\htdocs\channels.grandcloud.cn\Application\Home\Model\CustomerModel.class.php 第 126 行.
NOTIC: [2] array_values() expects parameter 1 to be array, null given D:\xampp\htdocs\channels.grandcloud.cn\Application\Home\Model\CustomerModel.class.php 第 140 行.
NOTIC: [2] Division by zero D:\xampp\htdocs\channels.grandcloud.cn\Application\Common\Common\function.php 第 169 行.
NOTIC: [2] array_slice() expects parameter 1 to be array, null given D:\xampp\htdocs\channels.grandcloud.cn\Application\Common\Common\function.php 第 171 行.
NOTIC: [2] Invalid argument supplied for foreach() D:\xampp\htdocs\channels.grandcloud.cn\Application\Home\Controller\ChannelsController.class.php 第 66 行.
SQL: UPDATE `channels_info` SET `available_amount`=0 WHERE ( `user_id` = null ) [ RunTime:0.008000s ]
SQL: SHOW COLUMNS FROM `channels_user` [ RunTime:0.005001s ]
SQL: SELECT `status` FROM `channels_user` WHERE ( `user_id` = '999990000000106' ) LIMIT 1   [ RunTime:0.012000s ]
INFO: [ view_parse ] --START--
INFO: [ template_filter ] --START--
INFO: Run Behavior\ContentReplace [ RunTime:0.000000s ]
INFO: [ template_filter ] --END-- [ RunTime:0.000000s ]
INFO: Run Behavior\ParseTemplate [ RunTime:0.006001s ]
INFO: [ view_parse ] --END-- [ RunTime:0.006001s ]
INFO: [ view_filter ] --START--
INFO: Run Behavior\WriteHtmlCache [ RunTime:0.000000s ]
INFO: [ view_filter ] --END-- [ RunTime:0.000000s ]
INFO: [ app_end ] --START--
INFO: Run Behavior\ShowPageTrace [ RunTime:0.000000s ]
INFO: [ app_end ] --END-- [ RunTime:0.000000s ]

[ 2016-01-11T10:39:16+08:00 ] 127.0.0.1 /
INFO: [ app_begin ] --START--
INFO: Run Behavior\ReadHtmlCache [ RunTime:0.001000s ]
INFO: [ app_begin ] --END-- [ RunTime:0.001000s ]
NOTIC: [8192] mysql_connect(): The mysql extension is deprecated and will be removed in the future: use mysqli or PDO instead D:\xampp\htdocs\channels.grandcloud.cn\Application\ThinkPHP\Library\Think\Db\Driver\Mysql.class.php 第 52 行.
SQL: SHOW COLUMNS FROM `channels_info` [ RunTime:0.004000s ]
SQL: SELECT `deduct_amount`,`available_amount`,`freezes_amount` FROM `channels_info` WHERE ( `user_id` = '999990000000106' ) LIMIT 1   [ RunTime:0.002000s ]
SQL: SHOW COLUMNS FROM `cloud_member` [ RunTime:0.002000s ]
SQL: SHOW COLUMNS FROM `channels_customer` [ RunTime:0.004001s ]
SQL: SELECT DISTINCT  payment_trans.payment_trans_id,payment_trans.user_id,payment_trans.payment_trans_type_id,payment_trans.amount,payment_trans.transaction_date,payment_trans.transaction_desc FROM `channels_customer` INNER JOIN payment_trans ON channels_customer.customer_user_id = payment_trans.user_id  WHERE ( channels_customer.user_id = null ) ORDER BY channels_customer.customer_user_id DESC  [ RunTime:0.002000s ]
SQL: SELECT DISTINCT  payment_trans.payment_trans_id,payment_trans.payment_trans_type_id,payment_application.amount_applied,payment_application.reserved_instance_change_id FROM `channels_customer` INNER JOIN payment_trans ON channels_customer.customer_user_id = payment_trans.user_id INNER JOIN payment_application ON payment_trans.payment_trans_id = payment_application.payment_trans_id  WHERE ( channels_customer.user_id = null ) AND ( payment_application.billing_account_id LIKE '%D%' ) ORDER BY payment_application.create_time DESC  [ RunTime:0.004000s ]
SQL: SELECT DISTINCT  payment_trans.payment_trans_id,product.term_type FROM `channels_customer` INNER JOIN payment_trans ON channels_customer.customer_user_id = payment_trans.user_id INNER JOIN payment_application ON payment_trans.payment_trans_id = payment_application.payment_trans_id INNER JOIN reserved_instance_change ON reserved_instance_change.reserved_instance_change_id = payment_application.reserved_instance_change_id INNER JOIN product ON reserved_instance_change.product_id = product.product_id  WHERE ( channels_customer.user_id = null ) AND ( payment_trans.payment_trans_type_id = 'RETURN' ) AND ( payment_application.billing_account_id LIKE '%D%' ) AND ( payment_trans.transaction_desc LIKE '%主机创建失败%' ) ORDER BY payment_application.create_time DESC  [ RunTime:0.001000s ]
NOTIC: [8] Undefined variable: memberWhere D:\xampp\htdocs\channels.grandcloud.cn\Application\Home\Model\CustomerModel.class.php 第 123 行.
SQL: SELECT cloud_member.user_id,cloud_member.user_name,cloud_member.user_sd_name,cloud_member.user_company,cloud_member.user_phone,cloud_member.user_email,channels_customer.create_time FROM `channels_customer` INNER JOIN cloud_member ON channels_customer.customer_user_id = cloud_member.user_id  WHERE ( channels_customer.user_id = null ) ORDER BY channels_customer.customer_user_id DESC  [ RunTime:0.002000s ]
NOTIC: [2] Invalid argument supplied for foreach() D:\xampp\htdocs\channels.grandcloud.cn\Application\Home\Model\CustomerModel.class.php 第 126 行.
NOTIC: [2] array_values() expects parameter 1 to be array, null given D:\xampp\htdocs\channels.grandcloud.cn\Application\Home\Model\CustomerModel.class.php 第 140 行.
NOTIC: [2] Division by zero D:\xampp\htdocs\channels.grandcloud.cn\Application\Common\Common\function.php 第 169 行.
NOTIC: [2] array_slice() expects parameter 1 to be array, null given D:\xampp\htdocs\channels.grandcloud.cn\Application\Common\Common\function.php 第 171 行.
NOTIC: [2] Invalid argument supplied for foreach() D:\xampp\htdocs\channels.grandcloud.cn\Application\Home\Controller\ChannelsController.class.php 第 66 行.
SQL: UPDATE `channels_info` SET `available_amount`=0 WHERE ( `user_id` = null ) [ RunTime:0.001000s ]
SQL: SELECT `deduct_amount`,`available_amount`,`freezes_amount` FROM `channels_info` WHERE ( `user_id` = '999990000000106' ) LIMIT 1   [ RunTime:0.001000s ]
SQL: SELECT DISTINCT  payment_trans.payment_trans_id,payment_trans.user_id,payment_trans.payment_trans_type_id,payment_trans.amount,payment_trans.transaction_date,payment_trans.transaction_desc FROM `channels_customer` INNER JOIN payment_trans ON channels_customer.customer_user_id = payment_trans.user_id  WHERE ( channels_customer.user_id = '999990000000106' ) ORDER BY channels_customer.customer_user_id DESC  [ RunTime:0.005001s ]
SQL: SELECT DISTINCT  payment_trans.payment_trans_id,payment_trans.payment_trans_type_id,payment_application.amount_applied,payment_application.reserved_instance_change_id FROM `channels_customer` INNER JOIN payment_trans ON channels_customer.customer_user_id = payment_trans.user_id INNER JOIN payment_application ON payment_trans.payment_trans_id = payment_application.payment_trans_id  WHERE ( channels_customer.user_id = '999990000000106' ) AND ( payment_application.billing_account_id LIKE '%D%' ) ORDER BY payment_application.create_time DESC  [ RunTime:0.002000s ]
SQL: SELECT DISTINCT  payment_trans.payment_trans_id,product.term_type FROM `channels_customer` INNER JOIN payment_trans ON channels_customer.customer_user_id = payment_trans.user_id INNER JOIN payment_application ON payment_trans.payment_trans_id = payment_application.payment_trans_id INNER JOIN reserved_instance_change ON reserved_instance_change.reserved_instance_change_id = payment_application.reserved_instance_change_id INNER JOIN product ON reserved_instance_change.product_id = product.product_id  WHERE ( channels_customer.user_id = '999990000000106' ) AND ( payment_trans.payment_trans_type_id = 'RETURN' ) AND ( payment_application.billing_account_id LIKE '%D%' ) AND ( payment_trans.transaction_desc LIKE '%主机创建失败%' ) ORDER BY payment_application.create_time DESC  [ RunTime:0.001000s ]
NOTIC: [8] Undefined variable: memberWhere D:\xampp\htdocs\channels.grandcloud.cn\Application\Home\Model\CustomerModel.class.php 第 123 行.
SQL: SELECT cloud_member.user_id,cloud_member.user_name,cloud_member.user_sd_name,cloud_member.user_company,cloud_member.user_phone,cloud_member.user_email,channels_customer.create_time FROM `channels_customer` INNER JOIN cloud_member ON channels_customer.customer_user_id = cloud_member.user_id  WHERE ( channels_customer.user_id = '999990000000106' ) ORDER BY channels_customer.customer_user_id DESC  [ RunTime:0.001000s ]
NOTIC: [2] Invalid argument supplied for foreach() D:\xampp\htdocs\channels.grandcloud.cn\Application\Home\Model\CustomerModel.class.php 第 126 行.
NOTIC: [2] array_values() expects parameter 1 to be array, null given D:\xampp\htdocs\channels.grandcloud.cn\Application\Home\Model\CustomerModel.class.php 第 140 行.
NOTIC: [2] Division by zero D:\xampp\htdocs\channels.grandcloud.cn\Application\Common\Common\function.php 第 169 行.
NOTIC: [2] array_slice() expects parameter 1 to be array, null given D:\xampp\htdocs\channels.grandcloud.cn\Application\Common\Common\function.php 第 171 行.
NOTIC: [2] Invalid argument supplied for foreach() D:\xampp\htdocs\channels.grandcloud.cn\Application\Home\Controller\ChannelsController.class.php 第 66 行.
SQL: UPDATE `channels_info` SET `available_amount`=0 WHERE ( `user_id` = '999990000000106' ) [ RunTime:0.001000s ]
INFO: [ view_parse ] --START--
INFO: [ template_filter ] --START--
INFO: Run Behavior\ContentReplace [ RunTime:0.000000s ]
INFO: [ template_filter ] --END-- [ RunTime:0.000000s ]
NOTIC: [8] Undefined index: user_name D:\xampp\htdocs\channels.grandcloud.cn\Runtime\Cache\Home\2a94b8bda04ff446dcedd42276fc99ee.php 第 57 行.
NOTIC: [8] Undefined index: user_login_name D:\xampp\htdocs\channels.grandcloud.cn\Runtime\Cache\Home\2a94b8bda04ff446dcedd42276fc99ee.php 第 57 行.
INFO: Run Behavior\ParseTemplate [ RunTime:0.012001s ]
INFO: [ view_parse ] --END-- [ RunTime:0.012001s ]
INFO: [ view_filter ] --START--
INFO: Run Behavior\WriteHtmlCache [ RunTime:0.000000s ]
INFO: [ view_filter ] --END-- [ RunTime:0.000000s ]
INFO: [ app_end ] --START--
INFO: Run Behavior\ShowPageTrace [ RunTime:0.001000s ]
INFO: [ app_end ] --END-- [ RunTime:0.001000s ]

[ 2016-01-11T10:39:27+08:00 ] 127.0.0.1 /user_info-index.html
INFO: [ app_begin ] --START--
INFO: Run Behavior\ReadHtmlCache [ RunTime:0.001000s ]
INFO: [ app_begin ] --END-- [ RunTime:0.001000s ]
NOTIC: [8192] mysql_connect(): The mysql extension is deprecated and will be removed in the future: use mysqli or PDO instead D:\xampp\htdocs\channels.grandcloud.cn\Application\ThinkPHP\Library\Think\Db\Driver\Mysql.class.php 第 52 行.
SQL: SHOW COLUMNS FROM `channels_info` [ RunTime:0.003000s ]
SQL: SELECT `deduct_amount`,`available_amount`,`freezes_amount` FROM `channels_info` WHERE ( `user_id` = '999990000000106' ) LIMIT 1   [ RunTime:0.002001s ]
SQL: SHOW COLUMNS FROM `cloud_member` [ RunTime:0.012000s ]
SQL: SHOW COLUMNS FROM `channels_customer` [ RunTime:0.007001s ]
SQL: SELECT DISTINCT  payment_trans.payment_trans_id,payment_trans.user_id,payment_trans.payment_trans_type_id,payment_trans.amount,payment_trans.transaction_date,payment_trans.transaction_desc FROM `channels_customer` INNER JOIN payment_trans ON channels_customer.customer_user_id = payment_trans.user_id  WHERE ( channels_customer.user_id = null ) ORDER BY channels_customer.customer_user_id DESC  [ RunTime:0.003000s ]
SQL: SELECT DISTINCT  payment_trans.payment_trans_id,payment_trans.payment_trans_type_id,payment_application.amount_applied,payment_application.reserved_instance_change_id FROM `channels_customer` INNER JOIN payment_trans ON channels_customer.customer_user_id = payment_trans.user_id INNER JOIN payment_application ON payment_trans.payment_trans_id = payment_application.payment_trans_id  WHERE ( channels_customer.user_id = null ) AND ( payment_application.billing_account_id LIKE '%D%' ) ORDER BY payment_application.create_time DESC  [ RunTime:0.017001s ]
SQL: SELECT DISTINCT  payment_trans.payment_trans_id,product.term_type FROM `channels_customer` INNER JOIN payment_trans ON channels_customer.customer_user_id = payment_trans.user_id INNER JOIN payment_application ON payment_trans.payment_trans_id = payment_application.payment_trans_id INNER JOIN reserved_instance_change ON reserved_instance_change.reserved_instance_change_id = payment_application.reserved_instance_change_id INNER JOIN product ON reserved_instance_change.product_id = product.product_id  WHERE ( channels_customer.user_id = null ) AND ( payment_trans.payment_trans_type_id = 'RETURN' ) AND ( payment_application.billing_account_id LIKE '%D%' ) AND ( payment_trans.transaction_desc LIKE '%主机创建失败%' ) ORDER BY payment_application.create_time DESC  [ RunTime:0.010000s ]
NOTIC: [8] Undefined variable: memberWhere D:\xampp\htdocs\channels.grandcloud.cn\Application\Home\Model\CustomerModel.class.php 第 123 行.
SQL: SELECT cloud_member.user_id,cloud_member.user_name,cloud_member.user_sd_name,cloud_member.user_company,cloud_member.user_phone,cloud_member.user_email,channels_customer.create_time FROM `channels_customer` INNER JOIN cloud_member ON channels_customer.customer_user_id = cloud_member.user_id  WHERE ( channels_customer.user_id = null ) ORDER BY channels_customer.customer_user_id DESC  [ RunTime:0.003001s ]
NOTIC: [2] Invalid argument supplied for foreach() D:\xampp\htdocs\channels.grandcloud.cn\Application\Home\Model\CustomerModel.class.php 第 126 行.
NOTIC: [2] array_values() expects parameter 1 to be array, null given D:\xampp\htdocs\channels.grandcloud.cn\Application\Home\Model\CustomerModel.class.php 第 140 行.
NOTIC: [2] Division by zero D:\xampp\htdocs\channels.grandcloud.cn\Application\Common\Common\function.php 第 169 行.
NOTIC: [2] array_slice() expects parameter 1 to be array, null given D:\xampp\htdocs\channels.grandcloud.cn\Application\Common\Common\function.php 第 171 行.
NOTIC: [2] Invalid argument supplied for foreach() D:\xampp\htdocs\channels.grandcloud.cn\Application\Home\Controller\ChannelsController.class.php 第 66 行.
SQL: UPDATE `channels_info` SET `available_amount`=0 WHERE ( `user_id` = null ) [ RunTime:0.002000s ]
SQL: SHOW COLUMNS FROM `channels_user` [ RunTime:0.003000s ]
SQL: SELECT * FROM `channels_user` WHERE ( `user_id` = '999990000000106' ) LIMIT 1   [ RunTime:0.006000s ]
INFO: [ view_parse ] --START--
INFO: [ template_filter ] --START--
INFO: Run Behavior\ContentReplace [ RunTime:0.000000s ]
INFO: [ template_filter ] --END-- [ RunTime:0.000000s ]
INFO: Run Behavior\ParseTemplate [ RunTime:0.009001s ]
INFO: [ view_parse ] --END-- [ RunTime:0.009001s ]
INFO: [ view_filter ] --START--
INFO: Run Behavior\WriteHtmlCache [ RunTime:0.000000s ]
INFO: [ view_filter ] --END-- [ RunTime:0.000000s ]
INFO: [ app_end ] --START--
INFO: Run Behavior\ShowPageTrace [ RunTime:0.001000s ]
INFO: [ app_end ] --END-- [ RunTime:0.001000s ]

[ 2016-01-11T10:40:09+08:00 ] 127.0.0.1 /Admin/examine
INFO: [ app_begin ] --START--
INFO: Run Behavior\ReadHtmlCache [ RunTime:0.001000s ]
INFO: [ app_begin ] --END-- [ RunTime:0.001000s ]
NOTIC: [8] Undefined variable: examineStatus D:\xampp\htdocs\channels.grandcloud.cn\Application\Admin\Controller\ExamineController.class.php 第 35 行.
NOTIC: [8] Undefined variable: map D:\xampp\htdocs\channels.grandcloud.cn\Application\Admin\Controller\ExamineController.class.php 第 41 行.
NOTIC: [2] unlink(./Runtime/Temp/sndaCloud_V1_file_bbd8afe12b50ee3e84111e95fe553b07.php): No such file or directory D:\xampp\htdocs\channels.grandcloud.cn\Application\ThinkPHP\Library\Think\Cache\Driver\File.class.php 第 157 行.
NOTIC: [8192] mysql_connect(): The mysql extension is deprecated and will be removed in the future: use mysqli or PDO instead D:\xampp\htdocs\channels.grandcloud.cn\Application\ThinkPHP\Library\Think\Db\Driver\Mysql.class.php 第 52 行.
SQL: SHOW COLUMNS FROM `channels_user` [ RunTime:0.003000s ]
SQL: SELECT * FROM `channels_user` ORDER BY create_time desc LIMIT 0,500   [ RunTime:0.009000s ]
SQL: SHOW COLUMNS FROM `channels_level` [ RunTime:0.003000s ]
SQL: SELECT * FROM `channels_level` WHERE ( `user_id` = '999990000000106' ) AND ( `effective_time` <= '2016-01-11' ) ORDER BY effective_time desc LIMIT 1   [ RunTime:0.005000s ]
SQL: SELECT * FROM `channels_level` WHERE ( `user_id` = '999990000000103' ) AND ( `effective_time` <= '2016-01-11' ) ORDER BY effective_time desc LIMIT 1   [ RunTime:0.002000s ]
SQL: SELECT * FROM `channels_level` WHERE ( `user_id` = '999990000023618' ) AND ( `effective_time` <= '2016-01-11' ) ORDER BY effective_time desc LIMIT 1   [ RunTime:0.002000s ]
SQL: SELECT * FROM `channels_level` WHERE ( `user_id` = '999990000000137' ) AND ( `effective_time` <= '2016-01-11' ) ORDER BY effective_time desc LIMIT 1   [ RunTime:0.014001s ]
SQL: SELECT * FROM `channels_level` WHERE ( `user_id` = '999990000000099' ) AND ( `effective_time` <= '2016-01-11' ) ORDER BY effective_time desc LIMIT 1   [ RunTime:0.005000s ]
SQL: SELECT * FROM `channels_level` WHERE ( `user_id` = '999990000000165' ) AND ( `effective_time` <= '2016-01-11' ) ORDER BY effective_time desc LIMIT 1   [ RunTime:0.009001s ]
SQL: SELECT * FROM `channels_level` WHERE ( `user_id` = '1310143817' ) AND ( `effective_time` <= '2016-01-11' ) ORDER BY effective_time desc LIMIT 1   [ RunTime:0.005000s ]
SQL: SELECT * FROM `channels_level` WHERE ( `user_id` = '1663726908' ) AND ( `effective_time` <= '2016-01-11' ) ORDER BY effective_time desc LIMIT 1   [ RunTime:0.002000s ]
SQL: SELECT * FROM `channels_level` WHERE ( `user_id` = '999990000000095' ) AND ( `effective_time` <= '2016-01-11' ) ORDER BY effective_time desc LIMIT 1   [ RunTime:0.002000s ]
SQL: SELECT * FROM `channels_user`  [ RunTime:0.019001s ]
SQL: SELECT * FROM `channels_level` WHERE ( `user_id` = '1663726908' ) AND ( `effective_time` <= '2016-01-11' ) ORDER BY effective_time desc LIMIT 1   [ RunTime:0.003001s ]
SQL: SELECT * FROM `channels_level` WHERE ( `user_id` = '999990000000095' ) AND ( `effective_time` <= '2016-01-11' ) ORDER BY effective_time desc LIMIT 1   [ RunTime:0.003000s ]
SQL: SELECT * FROM `channels_level` WHERE ( `user_id` = '999990000000165' ) AND ( `effective_time` <= '2016-01-11' ) ORDER BY effective_time desc LIMIT 1   [ RunTime:0.024001s ]
SQL: SELECT * FROM `channels_level` WHERE ( `user_id` = '999990000023618' ) AND ( `effective_time` <= '2016-01-11' ) ORDER BY effective_time desc LIMIT 1   [ RunTime:0.005000s ]
SQL: SELECT * FROM `channels_level` WHERE ( `user_id` = '999990000000137' ) AND ( `effective_time` <= '2016-01-11' ) ORDER BY effective_time desc LIMIT 1   [ RunTime:0.006001s ]
SQL: SELECT * FROM `channels_level` WHERE ( `user_id` = '999990000000099' ) AND ( `effective_time` <= '2016-01-11' ) ORDER BY effective_time desc LIMIT 1   [ RunTime:0.011000s ]
SQL: SELECT * FROM `channels_level` WHERE ( `user_id` = '1310143817' ) AND ( `effective_time` <= '2016-01-11' ) ORDER BY effective_time desc LIMIT 1   [ RunTime:0.015001s ]
SQL: SELECT * FROM `channels_level` WHERE ( `user_id` = '999990000000103' ) AND ( `effective_time` <= '2016-01-11' ) ORDER BY effective_time desc LIMIT 1   [ RunTime:0.004001s ]
SQL: SELECT * FROM `channels_level` WHERE ( `user_id` = '999990000000106' ) AND ( `effective_time` <= '2016-01-11' ) ORDER BY effective_time desc LIMIT 1   [ RunTime:0.003000s ]
INFO: [ view_parse ] --START--
INFO: [ template_filter ] --START--
INFO: Run Behavior\ContentReplace [ RunTime:0.000000s ]
INFO: [ template_filter ] --END-- [ RunTime:0.001000s ]
INFO: Run Behavior\ParseTemplate [ RunTime:0.015001s ]
INFO: [ view_parse ] --END-- [ RunTime:0.015001s ]
INFO: [ view_filter ] --START--
INFO: Run Behavior\WriteHtmlCache [ RunTime:0.000000s ]
INFO: [ view_filter ] --END-- [ RunTime:0.001000s ]
INFO: [ app_end ] --START--
INFO: Run Behavior\ShowPageTrace [ RunTime:0.001000s ]
INFO: [ app_end ] --END-- [ RunTime:0.001000s ]

[ 2016-01-11T10:40:42+08:00 ] 127.0.0.1 /
INFO: [ app_begin ] --START--
INFO: Run Behavior\ReadHtmlCache [ RunTime:0.001000s ]
INFO: [ app_begin ] --END-- [ RunTime:0.001000s ]
NOTIC: [8192] mysql_connect(): The mysql extension is deprecated and will be removed in the future: use mysqli or PDO instead D:\xampp\htdocs\channels.grandcloud.cn\Application\ThinkPHP\Library\Think\Db\Driver\Mysql.class.php 第 52 行.
SQL: SHOW COLUMNS FROM `channels_info` [ RunTime:0.009001s ]
SQL: SELECT `deduct_amount`,`available_amount`,`freezes_amount` FROM `channels_info` WHERE ( `user_id` = '999990000000106' ) LIMIT 1   [ RunTime:0.002000s ]
SQL: SHOW COLUMNS FROM `cloud_member` [ RunTime:0.003000s ]
SQL: SHOW COLUMNS FROM `channels_customer` [ RunTime:0.074004s ]
SQL: SELECT DISTINCT  payment_trans.payment_trans_id,payment_trans.user_id,payment_trans.payment_trans_type_id,payment_trans.amount,payment_trans.transaction_date,payment_trans.transaction_desc FROM `channels_customer` INNER JOIN payment_trans ON channels_customer.customer_user_id = payment_trans.user_id  WHERE ( channels_customer.user_id = null ) ORDER BY channels_customer.customer_user_id DESC  [ RunTime:0.004000s ]
SQL: SELECT DISTINCT  payment_trans.payment_trans_id,payment_trans.payment_trans_type_id,payment_application.amount_applied,payment_application.reserved_instance_change_id FROM `channels_customer` INNER JOIN payment_trans ON channels_customer.customer_user_id = payment_trans.user_id INNER JOIN payment_application ON payment_trans.payment_trans_id = payment_application.payment_trans_id  WHERE ( channels_customer.user_id = null ) AND ( payment_application.billing_account_id LIKE '%D%' ) ORDER BY payment_application.create_time DESC  [ RunTime:0.002001s ]
SQL: SELECT DISTINCT  payment_trans.payment_trans_id,product.term_type FROM `channels_customer` INNER JOIN payment_trans ON channels_customer.customer_user_id = payment_trans.user_id INNER JOIN payment_application ON payment_trans.payment_trans_id = payment_application.payment_trans_id INNER JOIN reserved_instance_change ON reserved_instance_change.reserved_instance_change_id = payment_application.reserved_instance_change_id INNER JOIN product ON reserved_instance_change.product_id = product.product_id  WHERE ( channels_customer.user_id = null ) AND ( payment_trans.payment_trans_type_id = 'RETURN' ) AND ( payment_application.billing_account_id LIKE '%D%' ) AND ( payment_trans.transaction_desc LIKE '%主机创建失败%' ) ORDER BY payment_application.create_time DESC  [ RunTime:0.002000s ]
NOTIC: [8] Undefined variable: memberWhere D:\xampp\htdocs\channels.grandcloud.cn\Application\Home\Model\CustomerModel.class.php 第 123 行.
SQL: SELECT cloud_member.user_id,cloud_member.user_name,cloud_member.user_sd_name,cloud_member.user_company,cloud_member.user_phone,cloud_member.user_email,channels_customer.create_time FROM `channels_customer` INNER JOIN cloud_member ON channels_customer.customer_user_id = cloud_member.user_id  WHERE ( channels_customer.user_id = null ) ORDER BY channels_customer.customer_user_id DESC  [ RunTime:0.010000s ]
NOTIC: [2] Invalid argument supplied for foreach() D:\xampp\htdocs\channels.grandcloud.cn\Application\Home\Model\CustomerModel.class.php 第 126 行.
NOTIC: [2] array_values() expects parameter 1 to be array, null given D:\xampp\htdocs\channels.grandcloud.cn\Application\Home\Model\CustomerModel.class.php 第 140 行.
NOTIC: [2] Division by zero D:\xampp\htdocs\channels.grandcloud.cn\Application\Common\Common\function.php 第 169 行.
NOTIC: [2] array_slice() expects parameter 1 to be array, null given D:\xampp\htdocs\channels.grandcloud.cn\Application\Common\Common\function.php 第 171 行.
NOTIC: [2] Invalid argument supplied for foreach() D:\xampp\htdocs\channels.grandcloud.cn\Application\Home\Controller\ChannelsController.class.php 第 66 行.
SQL: UPDATE `channels_info` SET `available_amount`=0 WHERE ( `user_id` = null ) [ RunTime:0.002000s ]
SQL: SELECT `deduct_amount`,`available_amount`,`freezes_amount` FROM `channels_info` WHERE ( `user_id` = '999990000000106' ) LIMIT 1   [ RunTime:0.004001s ]
SQL: SELECT DISTINCT  payment_trans.payment_trans_id,payment_trans.user_id,payment_trans.payment_trans_type_id,payment_trans.amount,payment_trans.transaction_date,payment_trans.transaction_desc FROM `channels_customer` INNER JOIN payment_trans ON channels_customer.customer_user_id = payment_trans.user_id  WHERE ( channels_customer.user_id = '999990000000106' ) ORDER BY channels_customer.customer_user_id DESC  [ RunTime:0.002000s ]
SQL: SELECT DISTINCT  payment_trans.payment_trans_id,payment_trans.payment_trans_type_id,payment_application.amount_applied,payment_application.reserved_instance_change_id FROM `channels_customer` INNER JOIN payment_trans ON channels_customer.customer_user_id = payment_trans.user_id INNER JOIN payment_application ON payment_trans.payment_trans_id = payment_application.payment_trans_id  WHERE ( channels_customer.user_id = '999990000000106' ) AND ( payment_application.billing_account_id LIKE '%D%' ) ORDER BY payment_application.create_time DESC  [ RunTime:0.006000s ]
SQL: SELECT DISTINCT  payment_trans.payment_trans_id,product.term_type FROM `channels_customer` INNER JOIN payment_trans ON channels_customer.customer_user_id = payment_trans.user_id INNER JOIN payment_application ON payment_trans.payment_trans_id = payment_application.payment_trans_id INNER JOIN reserved_instance_change ON reserved_instance_change.reserved_instance_change_id = payment_application.reserved_instance_change_id INNER JOIN product ON reserved_instance_change.product_id = product.product_id  WHERE ( channels_customer.user_id = '999990000000106' ) AND ( payment_trans.payment_trans_type_id = 'RETURN' ) AND ( payment_application.billing_account_id LIKE '%D%' ) AND ( payment_trans.transaction_desc LIKE '%主机创建失败%' ) ORDER BY payment_application.create_time DESC  [ RunTime:0.002000s ]
NOTIC: [8] Undefined variable: memberWhere D:\xampp\htdocs\channels.grandcloud.cn\Application\Home\Model\CustomerModel.class.php 第 123 行.
SQL: SELECT cloud_member.user_id,cloud_member.user_name,cloud_member.user_sd_name,cloud_member.user_company,cloud_member.user_phone,cloud_member.user_email,channels_customer.create_time FROM `channels_customer` INNER JOIN cloud_member ON channels_customer.customer_user_id = cloud_member.user_id  WHERE ( channels_customer.user_id = '999990000000106' ) ORDER BY channels_customer.customer_user_id DESC  [ RunTime:0.009000s ]
SQL: SHOW COLUMNS FROM `channels_level` [ RunTime:0.007001s ]
SQL: SELECT `from_level`,`to_level`,`effective_time` FROM `channels_level` WHERE ( `user_id` = '999990000000106' ) ORDER BY `id` DESC  [ RunTime:0.004000s ]
NOTIC: [2] Invalid argument supplied for foreach() D:\xampp\htdocs\channels.grandcloud.cn\Application\Home\Model\CustomerModel.class.php 第 126 行.
NOTIC: [2] array_values() expects parameter 1 to be array, null given D:\xampp\htdocs\channels.grandcloud.cn\Application\Home\Model\CustomerModel.class.php 第 140 行.
NOTIC: [2] Division by zero D:\xampp\htdocs\channels.grandcloud.cn\Application\Common\Common\function.php 第 169 行.
NOTIC: [2] array_slice() expects parameter 1 to be array, null given D:\xampp\htdocs\channels.grandcloud.cn\Application\Common\Common\function.php 第 171 行.
NOTIC: [2] Invalid argument supplied for foreach() D:\xampp\htdocs\channels.grandcloud.cn\Application\Home\Controller\ChannelsController.class.php 第 66 行.
SQL: UPDATE `channels_info` SET `available_amount`=0 WHERE ( `user_id` = '999990000000106' ) [ RunTime:0.001000s ]
INFO: [ view_parse ] --START--
INFO: [ template_filter ] --START--
INFO: Run Behavior\ContentReplace [ RunTime:0.000000s ]
INFO: [ template_filter ] --END-- [ RunTime:0.000000s ]
NOTIC: [8] Undefined index: user_name D:\xampp\htdocs\channels.grandcloud.cn\Runtime\Cache\Home\2a94b8bda04ff446dcedd42276fc99ee.php 第 57 行.
NOTIC: [8] Undefined index: user_login_name D:\xampp\htdocs\channels.grandcloud.cn\Runtime\Cache\Home\2a94b8bda04ff446dcedd42276fc99ee.php 第 57 行.
INFO: Run Behavior\ParseTemplate [ RunTime:0.018001s ]
INFO: [ view_parse ] --END-- [ RunTime:0.018001s ]
INFO: [ view_filter ] --START--
INFO: Run Behavior\WriteHtmlCache [ RunTime:0.001000s ]
INFO: [ view_filter ] --END-- [ RunTime:0.001000s ]
INFO: [ app_end ] --START--
INFO: Run Behavior\ShowPageTrace [ RunTime:0.001000s ]
INFO: [ app_end ] --END-- [ RunTime:0.001000s ]

