[ 2016-02-26T10:50:30+08:00 ] 127.0.0.1 /Admin/examine
INFO: [ app_begin ] --START--
INFO: Run Behavior\ReadHtmlCache [ RunTime:0.008001s ]
INFO: [ app_begin ] --END-- [ RunTime:0.076004s ]
INFO: [ view_parse ] --START--
INFO: [ template_filter ] --START--
INFO: Run Behavior\ContentReplace [ RunTime:0.000000s ]
INFO: [ template_filter ] --END-- [ RunTime:0.016001s ]
INFO: Run Behavior\ParseTemplate [ RunTime:0.108006s ]
INFO: [ view_parse ] --END-- [ RunTime:0.108006s ]
INFO: [ view_filter ] --START--
INFO: Run Behavior\WriteHtmlCache [ RunTime:0.015001s ]
INFO: [ view_filter ] --END-- [ RunTime:0.016001s ]

[ 2016-02-26T10:50:34+08:00 ] 127.0.0.1 /Admin/
INFO: [ app_begin ] --START--
INFO: Run Behavior\ReadHtmlCache [ RunTime:0.001000s ]
INFO: [ app_begin ] --END-- [ RunTime:0.002000s ]
INFO: [ view_parse ] --START--
INFO: [ template_filter ] --START--
INFO: Run Behavior\ContentReplace [ RunTime:0.001000s ]
INFO: [ template_filter ] --END-- [ RunTime:0.001000s ]
INFO: Run Behavior\ParseTemplate [ RunTime:0.017000s ]
INFO: [ view_parse ] --END-- [ RunTime:0.017000s ]
INFO: [ view_filter ] --START--
INFO: Run Behavior\WriteHtmlCache [ RunTime:0.001001s ]
INFO: [ view_filter ] --END-- [ RunTime:0.001001s ]
INFO: [ app_end ] --START--
INFO: Run Behavior\ShowPageTrace [ RunTime:0.009000s ]
INFO: [ app_end ] --END-- [ RunTime:0.009000s ]

[ 2016-02-26T10:50:38+08:00 ] 127.0.0.1 /admin/index-login.html
INFO: [ app_begin ] --START--
INFO: Run Behavior\ReadHtmlCache [ RunTime:0.000000s ]
INFO: [ app_begin ] --END-- [ RunTime:0.001000s ]
NOTIC: [8192] mysql_connect(): The mysql extension is deprecated and will be removed in the future: use mysqli or PDO instead D:\xampp\htdocs\channels.grandcloud.cn\Application\ThinkPHP\Library\Think\Db\Driver\Mysql.class.php 第 52 行.
SQL: SHOW COLUMNS FROM `channels_admin` [ RunTime:0.001000s ]
SQL: SELECT * FROM `channels_admin` WHERE ( `admin_id` = 'admin' ) LIMIT 1   [ RunTime:0.001000s ]
INFO: [ view_parse ] --START--
INFO: [ template_filter ] --START--
INFO: Run Behavior\ContentReplace [ RunTime:0.001000s ]
INFO: [ template_filter ] --END-- [ RunTime:0.001000s ]
INFO: Run Behavior\ParseTemplate [ RunTime:0.006001s ]
INFO: [ view_parse ] --END-- [ RunTime:0.006001s ]
INFO: [ view_filter ] --START--
INFO: Run Behavior\WriteHtmlCache [ RunTime:0.001000s ]
INFO: [ view_filter ] --END-- [ RunTime:0.001000s ]

[ 2016-02-26T10:50:50+08:00 ] 127.0.0.1 /admin/index-login.html
INFO: [ app_begin ] --START--
INFO: Run Behavior\ReadHtmlCache [ RunTime:0.001000s ]
INFO: [ app_begin ] --END-- [ RunTime:0.001000s ]
NOTIC: [8192] mysql_connect(): The mysql extension is deprecated and will be removed in the future: use mysqli or PDO instead D:\xampp\htdocs\channels.grandcloud.cn\Application\ThinkPHP\Library\Think\Db\Driver\Mysql.class.php 第 52 行.
SQL: SHOW COLUMNS FROM `channels_admin` [ RunTime:0.001000s ]
SQL: SELECT * FROM `channels_admin` WHERE ( `admin_id` = 'root' ) LIMIT 1   [ RunTime:0.001000s ]

[ 2016-02-26T10:50:50+08:00 ] 127.0.0.1 /Admin/examine
INFO: [ app_begin ] --START--
INFO: Run Behavior\ReadHtmlCache [ RunTime:0.001000s ]
INFO: [ app_begin ] --END-- [ RunTime:0.001000s ]
NOTIC: [8] Undefined variable: examineStatus D:\xampp\htdocs\channels.grandcloud.cn\Application\Admin\Controller\ExamineController.class.php 第 35 行.
NOTIC: [8] Undefined variable: map D:\xampp\htdocs\channels.grandcloud.cn\Application\Admin\Controller\ExamineController.class.php 第 41 行.
NOTIC: [2] unlink(./Runtime/Temp/sndaCloud_V1_file_bbd8afe12b50ee3e84111e95fe553b07.php): No such file or directory D:\xampp\htdocs\channels.grandcloud.cn\Application\ThinkPHP\Library\Think\Cache\Driver\File.class.php 第 157 行.
NOTIC: [8192] mysql_connect(): The mysql extension is deprecated and will be removed in the future: use mysqli or PDO instead D:\xampp\htdocs\channels.grandcloud.cn\Application\ThinkPHP\Library\Think\Db\Driver\Mysql.class.php 第 52 行.
SQL: SHOW COLUMNS FROM `channels_user` [ RunTime:0.005000s ]
SQL: SELECT * FROM `channels_user` ORDER BY create_time desc LIMIT 0,500   [ RunTime:0.004000s ]
SQL: SHOW COLUMNS FROM `channels_level` [ RunTime:0.002000s ]
SQL: SELECT * FROM `channels_level` WHERE ( `user_id` = '999990000023461' ) AND ( `effective_time` <= '2016-02-26' ) ORDER BY effective_time desc LIMIT 1   [ RunTime:0.003001s ]
SQL: SELECT * FROM `channels_level` WHERE ( `user_id` = '999990000017206' ) AND ( `effective_time` <= '2016-02-26' ) ORDER BY effective_time desc LIMIT 1   [ RunTime:0.002000s ]
SQL: SELECT * FROM `channels_level` WHERE ( `user_id` = '999990000020648' ) AND ( `effective_time` <= '2016-02-26' ) ORDER BY effective_time desc LIMIT 1   [ RunTime:0.002000s ]
SQL: SELECT * FROM `channels_level` WHERE ( `user_id` = '999990000003680' ) AND ( `effective_time` <= '2016-02-26' ) ORDER BY effective_time desc LIMIT 1   [ RunTime:0.002000s ]
SQL: SELECT * FROM `channels_level` WHERE ( `user_id` = '15000677054' ) AND ( `effective_time` <= '2016-02-26' ) ORDER BY effective_time desc LIMIT 1   [ RunTime:0.001000s ]
SQL: SELECT * FROM `channels_level` WHERE ( `user_id` = '1310143817' ) AND ( `effective_time` <= '2016-02-26' ) ORDER BY effective_time desc LIMIT 1   [ RunTime:0.001000s ]
SQL: SELECT * FROM `channels_user`  [ RunTime:0.002000s ]
SQL: SELECT * FROM `channels_level` WHERE ( `user_id` = '999990000017206' ) AND ( `effective_time` <= '2016-02-26' ) ORDER BY effective_time desc LIMIT 1   [ RunTime:0.004000s ]
SQL: SELECT * FROM `channels_level` WHERE ( `user_id` = '1310143817' ) AND ( `effective_time` <= '2016-02-26' ) ORDER BY effective_time desc LIMIT 1   [ RunTime:0.001000s ]
SQL: SELECT * FROM `channels_level` WHERE ( `user_id` = '999990000003680' ) AND ( `effective_time` <= '2016-02-26' ) ORDER BY effective_time desc LIMIT 1   [ RunTime:0.002000s ]
SQL: SELECT * FROM `channels_level` WHERE ( `user_id` = '15000677054' ) AND ( `effective_time` <= '2016-02-26' ) ORDER BY effective_time desc LIMIT 1   [ RunTime:0.001000s ]
SQL: SELECT * FROM `channels_level` WHERE ( `user_id` = '999990000020648' ) AND ( `effective_time` <= '2016-02-26' ) ORDER BY effective_time desc LIMIT 1   [ RunTime:0.002000s ]
SQL: SELECT * FROM `channels_level` WHERE ( `user_id` = '999990000023461' ) AND ( `effective_time` <= '2016-02-26' ) ORDER BY effective_time desc LIMIT 1   [ RunTime:0.004000s ]
INFO: [ view_parse ] --START--
INFO: [ template_filter ] --START--
INFO: Run Behavior\ContentReplace [ RunTime:0.000000s ]
INFO: [ template_filter ] --END-- [ RunTime:0.000000s ]
NOTIC: [8] Use of undefined constant Y - assumed 'Y' D:\xampp\htdocs\channels.grandcloud.cn\Runtime\Cache\Admin\4e106154938f40ea75443345ce6c1823.php 第 23 行.
NOTIC: [8] Use of undefined constant Y - assumed 'Y' D:\xampp\htdocs\channels.grandcloud.cn\Runtime\Cache\Admin\4e106154938f40ea75443345ce6c1823.php 第 24 行.
NOTIC: [8] Use of undefined constant Y - assumed 'Y' D:\xampp\htdocs\channels.grandcloud.cn\Runtime\Cache\Admin\4e106154938f40ea75443345ce6c1823.php 第 27 行.
INFO: Run Behavior\ParseTemplate [ RunTime:0.059003s ]
INFO: [ view_parse ] --END-- [ RunTime:0.059003s ]
INFO: [ view_filter ] --START--
INFO: Run Behavior\WriteHtmlCache [ RunTime:0.000000s ]
INFO: [ view_filter ] --END-- [ RunTime:0.000000s ]
INFO: [ app_end ] --START--
INFO: Run Behavior\ShowPageTrace [ RunTime:0.001000s ]
INFO: [ app_end ] --END-- [ RunTime:0.001000s ]

[ 2016-02-26T10:50:55+08:00 ] 127.0.0.1 /Admin/Root
INFO: [ app_begin ] --START--
INFO: Run Behavior\ReadHtmlCache [ RunTime:0.000000s ]
INFO: [ app_begin ] --END-- [ RunTime:0.001000s ]
INFO: [ view_parse ] --START--
INFO: [ template_filter ] --START--
INFO: Run Behavior\ContentReplace [ RunTime:0.000000s ]
INFO: [ template_filter ] --END-- [ RunTime:0.001000s ]
NOTIC: [8] Use of undefined constant Y - assumed 'Y' D:\xampp\htdocs\channels.grandcloud.cn\Runtime\Cache\Admin\105a45d75cd456792099d13c961702ae.php 第 27 行.
NOTIC: [8] Use of undefined constant Y - assumed 'Y' D:\xampp\htdocs\channels.grandcloud.cn\Runtime\Cache\Admin\105a45d75cd456792099d13c961702ae.php 第 28 行.
NOTIC: [8] Use of undefined constant Y - assumed 'Y' D:\xampp\htdocs\channels.grandcloud.cn\Runtime\Cache\Admin\105a45d75cd456792099d13c961702ae.php 第 31 行.
INFO: Run Behavior\ParseTemplate [ RunTime:0.020001s ]
INFO: [ view_parse ] --END-- [ RunTime:0.020001s ]
INFO: [ view_filter ] --START--
INFO: Run Behavior\WriteHtmlCache [ RunTime:0.000000s ]
INFO: [ view_filter ] --END-- [ RunTime:0.000000s ]
INFO: [ app_end ] --START--
INFO: Run Behavior\ShowPageTrace [ RunTime:0.001000s ]
INFO: [ app_end ] --END-- [ RunTime:0.001000s ]

[ 2016-02-26T10:50:57+08:00 ] 127.0.0.1 /Admin/Examine
INFO: [ app_begin ] --START--
INFO: Run Behavior\ReadHtmlCache [ RunTime:0.000000s ]
INFO: [ app_begin ] --END-- [ RunTime:0.001000s ]
NOTIC: [8] Undefined variable: examineStatus D:\xampp\htdocs\channels.grandcloud.cn\Application\Admin\Controller\ExamineController.class.php 第 35 行.
NOTIC: [8] Undefined variable: map D:\xampp\htdocs\channels.grandcloud.cn\Application\Admin\Controller\ExamineController.class.php 第 41 行.
NOTIC: [2] unlink(./Runtime/Temp/sndaCloud_V1_file_bbd8afe12b50ee3e84111e95fe553b07.php): No such file or directory D:\xampp\htdocs\channels.grandcloud.cn\Application\ThinkPHP\Library\Think\Cache\Driver\File.class.php 第 157 行.
NOTIC: [8192] mysql_connect(): The mysql extension is deprecated and will be removed in the future: use mysqli or PDO instead D:\xampp\htdocs\channels.grandcloud.cn\Application\ThinkPHP\Library\Think\Db\Driver\Mysql.class.php 第 52 行.
SQL: SHOW COLUMNS FROM `channels_user` [ RunTime:0.006000s ]
SQL: SELECT * FROM `channels_user` ORDER BY create_time desc LIMIT 0,500   [ RunTime:0.003000s ]
SQL: SHOW COLUMNS FROM `channels_level` [ RunTime:0.006000s ]
SQL: SELECT * FROM `channels_level` WHERE ( `user_id` = '999990000023461' ) AND ( `effective_time` <= '2016-02-26' ) ORDER BY effective_time desc LIMIT 1   [ RunTime:0.002000s ]
SQL: SELECT * FROM `channels_level` WHERE ( `user_id` = '999990000017206' ) AND ( `effective_time` <= '2016-02-26' ) ORDER BY effective_time desc LIMIT 1   [ RunTime:0.003001s ]
SQL: SELECT * FROM `channels_level` WHERE ( `user_id` = '999990000020648' ) AND ( `effective_time` <= '2016-02-26' ) ORDER BY effective_time desc LIMIT 1   [ RunTime:0.003000s ]
SQL: SELECT * FROM `channels_level` WHERE ( `user_id` = '999990000003680' ) AND ( `effective_time` <= '2016-02-26' ) ORDER BY effective_time desc LIMIT 1   [ RunTime:0.002000s ]
SQL: SELECT * FROM `channels_level` WHERE ( `user_id` = '15000677054' ) AND ( `effective_time` <= '2016-02-26' ) ORDER BY effective_time desc LIMIT 1   [ RunTime:0.009000s ]
SQL: SELECT * FROM `channels_level` WHERE ( `user_id` = '1310143817' ) AND ( `effective_time` <= '2016-02-26' ) ORDER BY effective_time desc LIMIT 1   [ RunTime:0.002000s ]
SQL: SELECT * FROM `channels_user`  [ RunTime:0.010001s ]
SQL: SELECT * FROM `channels_level` WHERE ( `user_id` = '999990000017206' ) AND ( `effective_time` <= '2016-02-26' ) ORDER BY effective_time desc LIMIT 1   [ RunTime:0.002000s ]
SQL: SELECT * FROM `channels_level` WHERE ( `user_id` = '1310143817' ) AND ( `effective_time` <= '2016-02-26' ) ORDER BY effective_time desc LIMIT 1   [ RunTime:0.002000s ]
SQL: SELECT * FROM `channels_level` WHERE ( `user_id` = '999990000003680' ) AND ( `effective_time` <= '2016-02-26' ) ORDER BY effective_time desc LIMIT 1   [ RunTime:0.001000s ]
SQL: SELECT * FROM `channels_level` WHERE ( `user_id` = '15000677054' ) AND ( `effective_time` <= '2016-02-26' ) ORDER BY effective_time desc LIMIT 1   [ RunTime:0.004001s ]
SQL: SELECT * FROM `channels_level` WHERE ( `user_id` = '999990000020648' ) AND ( `effective_time` <= '2016-02-26' ) ORDER BY effective_time desc LIMIT 1   [ RunTime:0.002000s ]
SQL: SELECT * FROM `channels_level` WHERE ( `user_id` = '999990000023461' ) AND ( `effective_time` <= '2016-02-26' ) ORDER BY effective_time desc LIMIT 1   [ RunTime:0.001000s ]
INFO: [ view_parse ] --START--
INFO: [ template_filter ] --START--
INFO: Run Behavior\ContentReplace [ RunTime:0.000000s ]
INFO: [ template_filter ] --END-- [ RunTime:0.000000s ]
NOTIC: [8] Use of undefined constant Y - assumed 'Y' D:\xampp\htdocs\channels.grandcloud.cn\Runtime\Cache\Admin\4e106154938f40ea75443345ce6c1823.php 第 23 行.
NOTIC: [8] Use of undefined constant Y - assumed 'Y' D:\xampp\htdocs\channels.grandcloud.cn\Runtime\Cache\Admin\4e106154938f40ea75443345ce6c1823.php 第 24 行.
NOTIC: [8] Use of undefined constant Y - assumed 'Y' D:\xampp\htdocs\channels.grandcloud.cn\Runtime\Cache\Admin\4e106154938f40ea75443345ce6c1823.php 第 27 行.
INFO: Run Behavior\ParseTemplate [ RunTime:0.021001s ]
INFO: [ view_parse ] --END-- [ RunTime:0.021001s ]
INFO: [ view_filter ] --START--
INFO: Run Behavior\WriteHtmlCache [ RunTime:0.001000s ]
INFO: [ view_filter ] --END-- [ RunTime:0.001000s ]
INFO: [ app_end ] --START--
INFO: Run Behavior\ShowPageTrace [ RunTime:0.006000s ]
INFO: [ app_end ] --END-- [ RunTime:0.006000s ]

[ 2016-02-26T10:51:00+08:00 ] 127.0.0.1 /admin/examine-check-user_id-999990000017206.html
INFO: [ app_begin ] --START--
INFO: Run Behavior\ReadHtmlCache [ RunTime:0.001000s ]
INFO: [ app_begin ] --END-- [ RunTime:0.001000s ]
NOTIC: [8192] mysql_connect(): The mysql extension is deprecated and will be removed in the future: use mysqli or PDO instead D:\xampp\htdocs\channels.grandcloud.cn\Application\ThinkPHP\Library\Think\Db\Driver\Mysql.class.php 第 52 行.
SQL: SHOW COLUMNS FROM `channels_bank` [ RunTime:0.002000s ]
SQL: SELECT * FROM `channels_bank` WHERE ( `user_id` = '999990000017206' ) ORDER BY create_time desc LIMIT 1   [ RunTime:0.001000s ]
SQL: SHOW COLUMNS FROM `channels_user` [ RunTime:0.002000s ]
SQL: SELECT * FROM `channels_user` WHERE ( `user_id` = '999990000017206' ) LIMIT 1   [ RunTime:0.007000s ]
SQL: SHOW COLUMNS FROM `channels_level` [ RunTime:0.003000s ]
SQL: SELECT * FROM `channels_level` WHERE ( `user_id` = '999990000017206' ) AND ( `effective_time` <= '2016-02-26' ) ORDER BY effective_time desc LIMIT 1   [ RunTime:0.002000s ]
INFO: [ view_parse ] --START--
INFO: [ template_filter ] --START--
INFO: Run Behavior\ContentReplace [ RunTime:0.001000s ]
INFO: [ template_filter ] --END-- [ RunTime:0.001000s ]
NOTIC: [8] Use of undefined constant Y - assumed 'Y' D:\xampp\htdocs\channels.grandcloud.cn\Runtime\Cache\Admin\7c9273ca214df8763531962986284e86.php 第 29 行.
NOTIC: [8] Use of undefined constant Y - assumed 'Y' D:\xampp\htdocs\channels.grandcloud.cn\Runtime\Cache\Admin\7c9273ca214df8763531962986284e86.php 第 30 行.
NOTIC: [8] Use of undefined constant Y - assumed 'Y' D:\xampp\htdocs\channels.grandcloud.cn\Runtime\Cache\Admin\7c9273ca214df8763531962986284e86.php 第 33 行.
NOTIC: [8] Use of undefined constant Y - assumed 'Y' D:\xampp\htdocs\channels.grandcloud.cn\Runtime\Cache\Admin\7c9273ca214df8763531962986284e86.php 第 42 行.
NOTIC: [8] Use of undefined constant Y - assumed 'Y' D:\xampp\htdocs\channels.grandcloud.cn\Runtime\Cache\Admin\7c9273ca214df8763531962986284e86.php 第 67 行.
NOTIC: [8] Use of undefined constant I - assumed 'I' D:\xampp\htdocs\channels.grandcloud.cn\Runtime\Cache\Admin\7c9273ca214df8763531962986284e86.php 第 71 行.
INFO: Run Behavior\ParseTemplate [ RunTime:0.041003s ]
INFO: [ view_parse ] --END-- [ RunTime:0.041003s ]
INFO: [ view_filter ] --START--
INFO: Run Behavior\WriteHtmlCache [ RunTime:0.001000s ]
INFO: [ view_filter ] --END-- [ RunTime:0.001000s ]
INFO: [ app_end ] --START--
INFO: Run Behavior\ShowPageTrace [ RunTime:0.005000s ]
INFO: [ app_end ] --END-- [ RunTime:0.005000s ]

[ 2016-02-26T10:51:04+08:00 ] 127.0.0.1 /admin/Examine
INFO: [ app_begin ] --START--
INFO: Run Behavior\ReadHtmlCache [ RunTime:0.001000s ]
INFO: [ app_begin ] --END-- [ RunTime:0.001000s ]
NOTIC: [8] Undefined variable: examineStatus D:\xampp\htdocs\channels.grandcloud.cn\Application\Admin\Controller\ExamineController.class.php 第 35 行.
NOTIC: [8] Undefined variable: map D:\xampp\htdocs\channels.grandcloud.cn\Application\Admin\Controller\ExamineController.class.php 第 41 行.
NOTIC: [2] unlink(./Runtime/Temp/sndaCloud_V1_file_bbd8afe12b50ee3e84111e95fe553b07.php): No such file or directory D:\xampp\htdocs\channels.grandcloud.cn\Application\ThinkPHP\Library\Think\Cache\Driver\File.class.php 第 157 行.
NOTIC: [8192] mysql_connect(): The mysql extension is deprecated and will be removed in the future: use mysqli or PDO instead D:\xampp\htdocs\channels.grandcloud.cn\Application\ThinkPHP\Library\Think\Db\Driver\Mysql.class.php 第 52 行.
SQL: SHOW COLUMNS FROM `channels_user` [ RunTime:0.008000s ]
SQL: SELECT * FROM `channels_user` ORDER BY create_time desc LIMIT 0,500   [ RunTime:0.004000s ]
SQL: SHOW COLUMNS FROM `channels_level` [ RunTime:0.026002s ]
SQL: SELECT * FROM `channels_level` WHERE ( `user_id` = '999990000023461' ) AND ( `effective_time` <= '2016-02-26' ) ORDER BY effective_time desc LIMIT 1   [ RunTime:0.003000s ]
SQL: SELECT * FROM `channels_level` WHERE ( `user_id` = '999990000017206' ) AND ( `effective_time` <= '2016-02-26' ) ORDER BY effective_time desc LIMIT 1   [ RunTime:0.033002s ]
SQL: SELECT * FROM `channels_level` WHERE ( `user_id` = '999990000020648' ) AND ( `effective_time` <= '2016-02-26' ) ORDER BY effective_time desc LIMIT 1   [ RunTime:0.001000s ]
SQL: SELECT * FROM `channels_level` WHERE ( `user_id` = '999990000003680' ) AND ( `effective_time` <= '2016-02-26' ) ORDER BY effective_time desc LIMIT 1   [ RunTime:0.006000s ]
SQL: SELECT * FROM `channels_level` WHERE ( `user_id` = '15000677054' ) AND ( `effective_time` <= '2016-02-26' ) ORDER BY effective_time desc LIMIT 1   [ RunTime:0.012001s ]
SQL: SELECT * FROM `channels_level` WHERE ( `user_id` = '1310143817' ) AND ( `effective_time` <= '2016-02-26' ) ORDER BY effective_time desc LIMIT 1   [ RunTime:0.003000s ]
SQL: SELECT * FROM `channels_user`  [ RunTime:0.006001s ]
SQL: SELECT * FROM `channels_level` WHERE ( `user_id` = '999990000017206' ) AND ( `effective_time` <= '2016-02-26' ) ORDER BY effective_time desc LIMIT 1   [ RunTime:0.003000s ]
SQL: SELECT * FROM `channels_level` WHERE ( `user_id` = '1310143817' ) AND ( `effective_time` <= '2016-02-26' ) ORDER BY effective_time desc LIMIT 1   [ RunTime:0.005000s ]
SQL: SELECT * FROM `channels_level` WHERE ( `user_id` = '999990000003680' ) AND ( `effective_time` <= '2016-02-26' ) ORDER BY effective_time desc LIMIT 1   [ RunTime:0.004000s ]
SQL: SELECT * FROM `channels_level` WHERE ( `user_id` = '15000677054' ) AND ( `effective_time` <= '2016-02-26' ) ORDER BY effective_time desc LIMIT 1   [ RunTime:0.003001s ]
SQL: SELECT * FROM `channels_level` WHERE ( `user_id` = '999990000020648' ) AND ( `effective_time` <= '2016-02-26' ) ORDER BY effective_time desc LIMIT 1   [ RunTime:0.002000s ]
SQL: SELECT * FROM `channels_level` WHERE ( `user_id` = '999990000023461' ) AND ( `effective_time` <= '2016-02-26' ) ORDER BY effective_time desc LIMIT 1   [ RunTime:0.004000s ]
INFO: [ view_parse ] --START--
INFO: [ template_filter ] --START--
INFO: Run Behavior\ContentReplace [ RunTime:0.001000s ]
INFO: [ template_filter ] --END-- [ RunTime:0.001000s ]
NOTIC: [8] Use of undefined constant Y - assumed 'Y' D:\xampp\htdocs\channels.grandcloud.cn\Runtime\Cache\Admin\4e106154938f40ea75443345ce6c1823.php 第 23 行.
NOTIC: [8] Use of undefined constant Y - assumed 'Y' D:\xampp\htdocs\channels.grandcloud.cn\Runtime\Cache\Admin\4e106154938f40ea75443345ce6c1823.php 第 24 行.
NOTIC: [8] Use of undefined constant Y - assumed 'Y' D:\xampp\htdocs\channels.grandcloud.cn\Runtime\Cache\Admin\4e106154938f40ea75443345ce6c1823.php 第 27 行.
INFO: Run Behavior\ParseTemplate [ RunTime:0.028002s ]
INFO: [ view_parse ] --END-- [ RunTime:0.028002s ]
INFO: [ view_filter ] --START--
INFO: Run Behavior\WriteHtmlCache [ RunTime:0.001000s ]
INFO: [ view_filter ] --END-- [ RunTime:0.001000s ]
INFO: [ app_end ] --START--
INFO: Run Behavior\ShowPageTrace [ RunTime:0.001000s ]
INFO: [ app_end ] --END-- [ RunTime:0.001000s ]

[ 2016-02-26T11:02:17+08:00 ] 127.0.0.1 /admin/Root
INFO: [ app_begin ] --START--
INFO: Run Behavior\ReadHtmlCache [ RunTime:0.001000s ]
INFO: [ app_begin ] --END-- [ RunTime:0.001000s ]
INFO: [ view_parse ] --START--
INFO: [ template_filter ] --START--
INFO: Run Behavior\ContentReplace [ RunTime:0.000000s ]
INFO: [ template_filter ] --END-- [ RunTime:0.000000s ]
NOTIC: [8] Use of undefined constant Y - assumed 'Y' D:\xampp\htdocs\channels.grandcloud.cn\Runtime\Cache\Admin\105a45d75cd456792099d13c961702ae.php 第 27 行.
NOTIC: [8] Use of undefined constant Y - assumed 'Y' D:\xampp\htdocs\channels.grandcloud.cn\Runtime\Cache\Admin\105a45d75cd456792099d13c961702ae.php 第 28 行.
NOTIC: [8] Use of undefined constant Y - assumed 'Y' D:\xampp\htdocs\channels.grandcloud.cn\Runtime\Cache\Admin\105a45d75cd456792099d13c961702ae.php 第 31 行.
INFO: Run Behavior\ParseTemplate [ RunTime:0.009001s ]
INFO: [ view_parse ] --END-- [ RunTime:0.009001s ]
INFO: [ view_filter ] --START--
INFO: Run Behavior\WriteHtmlCache [ RunTime:0.001000s ]
INFO: [ view_filter ] --END-- [ RunTime:0.001000s ]
INFO: [ app_end ] --START--
INFO: Run Behavior\ShowPageTrace [ RunTime:0.000000s ]
INFO: [ app_end ] --END-- [ RunTime:0.000000s ]

[ 2016-02-26T11:07:15+08:00 ] 127.0.0.1 /admin/Examine
INFO: [ app_begin ] --START--
INFO: Run Behavior\ReadHtmlCache [ RunTime:0.000000s ]
INFO: [ app_begin ] --END-- [ RunTime:0.001000s ]
NOTIC: [8] Undefined variable: examineStatus D:\xampp\htdocs\channels.grandcloud.cn\Application\Admin\Controller\ExamineController.class.php 第 35 行.
NOTIC: [8] Undefined variable: map D:\xampp\htdocs\channels.grandcloud.cn\Application\Admin\Controller\ExamineController.class.php 第 41 行.
NOTIC: [2] unlink(./Runtime/Temp/sndaCloud_V1_file_bbd8afe12b50ee3e84111e95fe553b07.php): No such file or directory D:\xampp\htdocs\channels.grandcloud.cn\Application\ThinkPHP\Library\Think\Cache\Driver\File.class.php 第 157 行.
NOTIC: [8192] mysql_connect(): The mysql extension is deprecated and will be removed in the future: use mysqli or PDO instead D:\xampp\htdocs\channels.grandcloud.cn\Application\ThinkPHP\Library\Think\Db\Driver\Mysql.class.php 第 52 行.
SQL: SHOW COLUMNS FROM `channels_user` [ RunTime:0.004001s ]
SQL: SELECT * FROM `channels_user` ORDER BY create_time desc LIMIT 0,500   [ RunTime:0.005000s ]
SQL: SHOW COLUMNS FROM `channels_level` [ RunTime:0.004000s ]
SQL: SELECT * FROM `channels_level` WHERE ( `user_id` = '999990000023461' ) AND ( `effective_time` <= '2016-02-26' ) ORDER BY effective_time desc LIMIT 1   [ RunTime:0.002000s ]
SQL: SELECT * FROM `channels_level` WHERE ( `user_id` = '999990000017206' ) AND ( `effective_time` <= '2016-02-26' ) ORDER BY effective_time desc LIMIT 1   [ RunTime:0.003001s ]
SQL: SELECT * FROM `channels_level` WHERE ( `user_id` = '999990000020648' ) AND ( `effective_time` <= '2016-02-26' ) ORDER BY effective_time desc LIMIT 1   [ RunTime:0.043002s ]
SQL: SELECT * FROM `channels_level` WHERE ( `user_id` = '999990000003680' ) AND ( `effective_time` <= '2016-02-26' ) ORDER BY effective_time desc LIMIT 1   [ RunTime:0.003000s ]
SQL: SELECT * FROM `channels_level` WHERE ( `user_id` = '15000677054' ) AND ( `effective_time` <= '2016-02-26' ) ORDER BY effective_time desc LIMIT 1   [ RunTime:0.005000s ]
SQL: SELECT * FROM `channels_level` WHERE ( `user_id` = '1310143817' ) AND ( `effective_time` <= '2016-02-26' ) ORDER BY effective_time desc LIMIT 1   [ RunTime:0.005001s ]
SQL: SELECT * FROM `channels_user`  [ RunTime:0.008000s ]
SQL: SELECT * FROM `channels_level` WHERE ( `user_id` = '999990000017206' ) AND ( `effective_time` <= '2016-02-26' ) ORDER BY effective_time desc LIMIT 1   [ RunTime:0.022002s ]
SQL: SELECT * FROM `channels_level` WHERE ( `user_id` = '1310143817' ) AND ( `effective_time` <= '2016-02-26' ) ORDER BY effective_time desc LIMIT 1   [ RunTime:0.004000s ]
SQL: SELECT * FROM `channels_level` WHERE ( `user_id` = '999990000003680' ) AND ( `effective_time` <= '2016-02-26' ) ORDER BY effective_time desc LIMIT 1   [ RunTime:0.006000s ]
SQL: SELECT * FROM `channels_level` WHERE ( `user_id` = '15000677054' ) AND ( `effective_time` <= '2016-02-26' ) ORDER BY effective_time desc LIMIT 1   [ RunTime:0.008001s ]
SQL: SELECT * FROM `channels_level` WHERE ( `user_id` = '999990000020648' ) AND ( `effective_time` <= '2016-02-26' ) ORDER BY effective_time desc LIMIT 1   [ RunTime:0.005000s ]
SQL: SELECT * FROM `channels_level` WHERE ( `user_id` = '999990000023461' ) AND ( `effective_time` <= '2016-02-26' ) ORDER BY effective_time desc LIMIT 1   [ RunTime:0.008001s ]
INFO: [ view_parse ] --START--
INFO: [ template_filter ] --START--
INFO: Run Behavior\ContentReplace [ RunTime:0.000000s ]
INFO: [ template_filter ] --END-- [ RunTime:0.000000s ]
NOTIC: [8] Use of undefined constant Y - assumed 'Y' D:\xampp\htdocs\channels.grandcloud.cn\Runtime\Cache\Admin\4e106154938f40ea75443345ce6c1823.php 第 23 行.
NOTIC: [8] Use of undefined constant Y - assumed 'Y' D:\xampp\htdocs\channels.grandcloud.cn\Runtime\Cache\Admin\4e106154938f40ea75443345ce6c1823.php 第 24 行.
NOTIC: [8] Use of undefined constant Y - assumed 'Y' D:\xampp\htdocs\channels.grandcloud.cn\Runtime\Cache\Admin\4e106154938f40ea75443345ce6c1823.php 第 27 行.
INFO: Run Behavior\ParseTemplate [ RunTime:0.023001s ]
INFO: [ view_parse ] --END-- [ RunTime:0.023001s ]
INFO: [ view_filter ] --START--
INFO: Run Behavior\WriteHtmlCache [ RunTime:0.001000s ]
INFO: [ view_filter ] --END-- [ RunTime:0.001000s ]
INFO: [ app_end ] --START--
INFO: Run Behavior\ShowPageTrace [ RunTime:0.001000s ]
INFO: [ app_end ] --END-- [ RunTime:0.001000s ]

[ 2016-02-26T11:20:29+08:00 ] 127.0.0.1 /admin/Root
INFO: [ app_begin ] --START--
INFO: Run Behavior\ReadHtmlCache [ RunTime:0.001000s ]
INFO: [ app_begin ] --END-- [ RunTime:0.001000s ]
INFO: [ view_parse ] --START--
INFO: [ template_filter ] --START--
INFO: Run Behavior\ContentReplace [ RunTime:0.000000s ]
INFO: [ template_filter ] --END-- [ RunTime:0.000000s ]
NOTIC: [8] Use of undefined constant Y - assumed 'Y' D:\xampp\htdocs\channels.grandcloud.cn\Runtime\Cache\Admin\105a45d75cd456792099d13c961702ae.php 第 27 行.
NOTIC: [8] Use of undefined constant Y - assumed 'Y' D:\xampp\htdocs\channels.grandcloud.cn\Runtime\Cache\Admin\105a45d75cd456792099d13c961702ae.php 第 28 行.
NOTIC: [8] Use of undefined constant Y - assumed 'Y' D:\xampp\htdocs\channels.grandcloud.cn\Runtime\Cache\Admin\105a45d75cd456792099d13c961702ae.php 第 31 行.
INFO: Run Behavior\ParseTemplate [ RunTime:0.010001s ]
INFO: [ view_parse ] --END-- [ RunTime:0.010001s ]
INFO: [ view_filter ] --START--
INFO: Run Behavior\WriteHtmlCache [ RunTime:0.000000s ]
INFO: [ view_filter ] --END-- [ RunTime:0.000000s ]
INFO: [ app_end ] --START--
INFO: Run Behavior\ShowPageTrace [ RunTime:0.001000s ]
INFO: [ app_end ] --END-- [ RunTime:0.001000s ]

