[ 2016-10-20T08:52:42+08:00 ] ::1 /admin
INFO: [ app_begin ] --START--
INFO: Run Behavior\ReadHtmlCache [ RunTime:0.000000s ]
INFO: [ app_begin ] --END-- [ RunTime:0.000000s ]
INFO: [ view_parse ] --START--
INFO: [ template_filter ] --START--
INFO: Run Behavior\ContentReplace [ RunTime:0.000000s ]
INFO: [ template_filter ] --END-- [ RunTime:0.000000s ]
INFO: Run Behavior\ParseTemplate [ RunTime:0.104002s ]
INFO: [ view_parse ] --END-- [ RunTime:0.104002s ]
INFO: [ view_filter ] --START--
INFO: Run Behavior\WriteHtmlCache [ RunTime:0.002000s ]
INFO: [ view_filter ] --END-- [ RunTime:0.002000s ]
INFO: [ app_end ] --START--
INFO: Run Behavior\ShowPageTrace [ RunTime:0.002000s ]
INFO: [ app_end ] --END-- [ RunTime:0.003000s ]

[ 2016-10-20T08:52:45+08:00 ] ::1 /admin/index-login.html
INFO: [ app_begin ] --START--
INFO: Run Behavior\ReadHtmlCache [ RunTime:0.000000s ]
INFO: [ app_begin ] --END-- [ RunTime:0.000000s ]
NOTIC: [8192] mysql_connect(): The mysql extension is deprecated and will be removed in the future: use mysqli or PDO instead D:\xampp\htdocs\hongqi\Application\ThinkPHP\Library\Think\Db\Driver\Mysql.class.php 第 52 行.
SQL: SHOW COLUMNS FROM `teacher` [ RunTime:0.083203s ]
SQL: SELECT * FROM `teacher` WHERE ( `teacher_id` = '12121612' ) LIMIT 1   [ RunTime:0.000000s ]

[ 2016-10-20T08:52:45+08:00 ] ::1 /Admin/examine
INFO: [ app_begin ] --START--
INFO: Run Behavior\ReadHtmlCache [ RunTime:0.000000s ]
INFO: [ app_begin ] --END-- [ RunTime:0.001000s ]
NOTIC: [8] Undefined index: root D:\xampp\htdocs\hongqi\Application\Admin\Controller\ChannelsController.class.php 第 13 行.
NOTIC: [8] Undefined variable: examineStatus D:\xampp\htdocs\hongqi\Application\Admin\Controller\ExamineController.class.php 第 35 行.
NOTIC: [8] Undefined variable: map D:\xampp\htdocs\hongqi\Application\Admin\Controller\ExamineController.class.php 第 41 行.
NOTIC: [2] unlink(./Runtime/Temp/sndaCloud_V1_file_bbd8afe12b50ee3e84111e95fe553b07.php): No such file or directory D:\xampp\htdocs\hongqi\Application\ThinkPHP\Library\Think\Cache\Driver\File.class.php 第 157 行.
NOTIC: [8192] mysql_connect(): The mysql extension is deprecated and will be removed in the future: use mysqli or PDO instead D:\xampp\htdocs\hongqi\Application\ThinkPHP\Library\Think\Db\Driver\Mysql.class.php 第 52 行.
SQL: SHOW COLUMNS FROM `channels_user` [ RunTime:0.002000s ]
ERR: 1146:Table 'hongqi.channels_user' doesn't exist
 [ SQL语句 ] : SHOW COLUMNS FROM `channels_user`
SQL: SELECT * FROM `channels_user` ORDER BY create_time desc LIMIT 0,500   [ RunTime:0.000000s ]
ERR: 1146:Table 'hongqi.channels_user' doesn't exist
 [ SQL语句 ] : SELECT * FROM `channels_user` ORDER BY create_time desc LIMIT 0,500  
SQL: SHOW COLUMNS FROM `channels_level` [ RunTime:0.003000s ]
ERR: 1146:Table 'hongqi.channels_level' doesn't exist
 [ SQL语句 ] : SHOW COLUMNS FROM `channels_level`
SQL: SELECT * FROM `channels_level` WHERE ( `user_id` = null ) AND ( `effective_time` <= '2016-10-20' ) ORDER BY effective_time desc LIMIT 1   [ RunTime:0.001000s ]
ERR: 1146:Table 'hongqi.channels_level' doesn't exist
 [ SQL语句 ] : SELECT * FROM `channels_level` WHERE ( `user_id` = null ) AND ( `effective_time` <= '2016-10-20' ) ORDER BY effective_time desc LIMIT 1  
SQL: SELECT * FROM `channels_user`  [ RunTime:0.001000s ]
ERR: 1146:Table 'hongqi.channels_user' doesn't exist
 [ SQL语句 ] : SELECT * FROM `channels_user` 
SQL: SELECT * FROM `channels_level` WHERE ( `user_id` = null ) AND ( `effective_time` <= '2016-10-20' ) ORDER BY effective_time desc LIMIT 1   [ RunTime:0.000000s ]
ERR: 1146:Table 'hongqi.channels_level' doesn't exist
 [ SQL语句 ] : SELECT * FROM `channels_level` WHERE ( `user_id` = null ) AND ( `effective_time` <= '2016-10-20' ) ORDER BY effective_time desc LIMIT 1  
INFO: [ view_parse ] --START--
INFO: [ template_filter ] --START--
INFO: Run Behavior\ContentReplace [ RunTime:0.000000s ]
INFO: [ template_filter ] --END-- [ RunTime:0.000000s ]
NOTIC: [8] Use of undefined constant Y - assumed 'Y' D:\xampp\htdocs\hongqi\Runtime\Cache\Admin\4e106154938f40ea75443345ce6c1823.php 第 25 行.
NOTIC: [8] Use of undefined constant Y - assumed 'Y' D:\xampp\htdocs\hongqi\Runtime\Cache\Admin\4e106154938f40ea75443345ce6c1823.php 第 26 行.
NOTIC: [8] Use of undefined constant Y - assumed 'Y' D:\xampp\htdocs\hongqi\Runtime\Cache\Admin\4e106154938f40ea75443345ce6c1823.php 第 29 行.
NOTIC: [8] Use of undefined constant Y - assumed 'Y' D:\xampp\htdocs\hongqi\Runtime\Cache\Admin\4e106154938f40ea75443345ce6c1823.php 第 30 行.
NOTIC: [8] Undefined index: user_id D:\xampp\htdocs\hongqi\Runtime\Cache\Admin\4e106154938f40ea75443345ce6c1823.php 第 126 行.
NOTIC: [8] Undefined index: create_time D:\xampp\htdocs\hongqi\Runtime\Cache\Admin\4e106154938f40ea75443345ce6c1823.php 第 127 行.
NOTIC: [8] Undefined index: company_name D:\xampp\htdocs\hongqi\Runtime\Cache\Admin\4e106154938f40ea75443345ce6c1823.php 第 128 行.
NOTIC: [8] Undefined index: user_name D:\xampp\htdocs\hongqi\Runtime\Cache\Admin\4e106154938f40ea75443345ce6c1823.php 第 129 行.
NOTIC: [8] Undefined index: user_phone D:\xampp\htdocs\hongqi\Runtime\Cache\Admin\4e106154938f40ea75443345ce6c1823.php 第 130 行.
NOTIC: [8] Undefined index: user_email D:\xampp\htdocs\hongqi\Runtime\Cache\Admin\4e106154938f40ea75443345ce6c1823.php 第 131 行.
NOTIC: [8] Undefined index: company_business D:\xampp\htdocs\hongqi\Runtime\Cache\Admin\4e106154938f40ea75443345ce6c1823.php 第 132 行.
NOTIC: [8] Undefined index: company_business D:\xampp\htdocs\hongqi\Runtime\Cache\Admin\4e106154938f40ea75443345ce6c1823.php 第 132 行.
NOTIC: [8] Undefined index: status D:\xampp\htdocs\hongqi\Runtime\Cache\Admin\4e106154938f40ea75443345ce6c1823.php 第 140 行.
NOTIC: [8] Undefined index: user_id D:\xampp\htdocs\hongqi\Runtime\Cache\Admin\4e106154938f40ea75443345ce6c1823.php 第 141 行.
INFO: Run Behavior\ParseTemplate [ RunTime:0.014001s ]
INFO: [ view_parse ] --END-- [ RunTime:0.014001s ]
INFO: [ view_filter ] --START--
INFO: Run Behavior\WriteHtmlCache [ RunTime:0.000000s ]
INFO: [ view_filter ] --END-- [ RunTime:0.000000s ]
INFO: [ app_end ] --START--
INFO: Run Behavior\ShowPageTrace [ RunTime:0.000000s ]
INFO: [ app_end ] --END-- [ RunTime:0.001000s ]

[ 2016-10-20T08:53:09+08:00 ] ::1 /admin/charge-studentfile.html
INFO: [ app_begin ] --START--
INFO: Run Behavior\ReadHtmlCache [ RunTime:0.000000s ]
INFO: [ app_begin ] --END-- [ RunTime:0.001000s ]
NOTIC: [8] Undefined index: root D:\xampp\htdocs\hongqi\Application\Admin\Controller\ChannelsController.class.php 第 13 行.
INFO: [ view_parse ] --START--
INFO: [ template_filter ] --START--
INFO: Run Behavior\ContentReplace [ RunTime:0.000000s ]
INFO: [ template_filter ] --END-- [ RunTime:0.000000s ]
NOTIC: [8] Use of undefined constant Y - assumed 'Y' D:\xampp\htdocs\hongqi\Runtime\Cache\Admin\5a1a9621214c40ff3aaac7a7ebd52474.php 第 31 行.
NOTIC: [8] Use of undefined constant Y - assumed 'Y' D:\xampp\htdocs\hongqi\Runtime\Cache\Admin\5a1a9621214c40ff3aaac7a7ebd52474.php 第 32 行.
NOTIC: [8] Use of undefined constant Y - assumed 'Y' D:\xampp\htdocs\hongqi\Runtime\Cache\Admin\5a1a9621214c40ff3aaac7a7ebd52474.php 第 35 行.
NOTIC: [8] Use of undefined constant Y - assumed 'Y' D:\xampp\htdocs\hongqi\Runtime\Cache\Admin\5a1a9621214c40ff3aaac7a7ebd52474.php 第 36 行.
NOTIC: [8] Undefined variable: student D:\xampp\htdocs\hongqi\Runtime\Cache\Admin\5a1a9621214c40ff3aaac7a7ebd52474.php 第 76 行.
NOTIC: [8] Undefined variable: student D:\xampp\htdocs\hongqi\Runtime\Cache\Admin\5a1a9621214c40ff3aaac7a7ebd52474.php 第 77 行.
NOTIC: [8] Undefined variable: student D:\xampp\htdocs\hongqi\Runtime\Cache\Admin\5a1a9621214c40ff3aaac7a7ebd52474.php 第 78 行.
NOTIC: [8] Undefined variable: student D:\xampp\htdocs\hongqi\Runtime\Cache\Admin\5a1a9621214c40ff3aaac7a7ebd52474.php 第 79 行.
INFO: Run Behavior\ParseTemplate [ RunTime:0.012000s ]
INFO: [ view_parse ] --END-- [ RunTime:0.012000s ]
INFO: [ view_filter ] --START--
INFO: Run Behavior\WriteHtmlCache [ RunTime:0.000000s ]
INFO: [ view_filter ] --END-- [ RunTime:0.000000s ]
INFO: [ app_end ] --START--
INFO: Run Behavior\ShowPageTrace [ RunTime:0.001000s ]
INFO: [ app_end ] --END-- [ RunTime:0.001000s ]

[ 2016-10-20T08:53:12+08:00 ] ::1 /admin/charge-setchargestandard.html
INFO: [ app_begin ] --START--
INFO: Run Behavior\ReadHtmlCache [ RunTime:0.001000s ]
INFO: [ app_begin ] --END-- [ RunTime:0.001000s ]
NOTIC: [8] Undefined index: root D:\xampp\htdocs\hongqi\Application\Admin\Controller\ChannelsController.class.php 第 13 行.
INFO: [ view_parse ] --START--
INFO: [ template_filter ] --START--
INFO: Run Behavior\ContentReplace [ RunTime:0.000000s ]
INFO: [ template_filter ] --END-- [ RunTime:0.000000s ]
NOTIC: [8] Use of undefined constant Y - assumed 'Y' D:\xampp\htdocs\hongqi\Runtime\Cache\Admin\1dc47fe5b65f6ae6a55a0f6c0216a509.php 第 31 行.
NOTIC: [8] Use of undefined constant Y - assumed 'Y' D:\xampp\htdocs\hongqi\Runtime\Cache\Admin\1dc47fe5b65f6ae6a55a0f6c0216a509.php 第 32 行.
NOTIC: [8] Use of undefined constant Y - assumed 'Y' D:\xampp\htdocs\hongqi\Runtime\Cache\Admin\1dc47fe5b65f6ae6a55a0f6c0216a509.php 第 35 行.
NOTIC: [8] Use of undefined constant Y - assumed 'Y' D:\xampp\htdocs\hongqi\Runtime\Cache\Admin\1dc47fe5b65f6ae6a55a0f6c0216a509.php 第 36 行.
NOTIC: [8] Undefined variable: result_grade D:\xampp\htdocs\hongqi\Runtime\Cache\Admin\1dc47fe5b65f6ae6a55a0f6c0216a509.php 第 107 行.
INFO: Run Behavior\ParseTemplate [ RunTime:0.013000s ]
INFO: [ view_parse ] --END-- [ RunTime:0.013000s ]
INFO: [ view_filter ] --START--
INFO: Run Behavior\WriteHtmlCache [ RunTime:0.001000s ]
INFO: [ view_filter ] --END-- [ RunTime:0.001000s ]
INFO: [ app_end ] --START--
INFO: Run Behavior\ShowPageTrace [ RunTime:0.000000s ]
INFO: [ app_end ] --END-- [ RunTime:0.000000s ]

[ 2016-10-20T08:55:42+08:00 ] ::1 /admin/charge-setchargestandard.html
INFO: [ app_begin ] --START--
INFO: Run Behavior\ReadHtmlCache [ RunTime:0.001000s ]
INFO: [ app_begin ] --END-- [ RunTime:0.001000s ]
NOTIC: [8] Undefined index: root D:\xampp\htdocs\hongqi\Application\Admin\Controller\ChannelsController.class.php 第 13 行.
INFO: [ view_parse ] --START--
INFO: [ template_filter ] --START--
INFO: Run Behavior\ContentReplace [ RunTime:0.000000s ]
INFO: [ template_filter ] --END-- [ RunTime:0.000000s ]
NOTIC: [8] Use of undefined constant Y - assumed 'Y' D:\xampp\htdocs\hongqi\Runtime\Cache\Admin\1dc47fe5b65f6ae6a55a0f6c0216a509.php 第 31 行.
NOTIC: [8] Use of undefined constant Y - assumed 'Y' D:\xampp\htdocs\hongqi\Runtime\Cache\Admin\1dc47fe5b65f6ae6a55a0f6c0216a509.php 第 32 行.
NOTIC: [8] Use of undefined constant Y - assumed 'Y' D:\xampp\htdocs\hongqi\Runtime\Cache\Admin\1dc47fe5b65f6ae6a55a0f6c0216a509.php 第 35 行.
NOTIC: [8] Use of undefined constant Y - assumed 'Y' D:\xampp\htdocs\hongqi\Runtime\Cache\Admin\1dc47fe5b65f6ae6a55a0f6c0216a509.php 第 36 行.
NOTIC: [8] Undefined variable: result_grade D:\xampp\htdocs\hongqi\Runtime\Cache\Admin\1dc47fe5b65f6ae6a55a0f6c0216a509.php 第 107 行.
INFO: Run Behavior\ParseTemplate [ RunTime:0.014001s ]
INFO: [ view_parse ] --END-- [ RunTime:0.014001s ]
INFO: [ view_filter ] --START--
INFO: Run Behavior\WriteHtmlCache [ RunTime:0.000000s ]
INFO: [ view_filter ] --END-- [ RunTime:0.000000s ]
INFO: [ app_end ] --START--
INFO: Run Behavior\ShowPageTrace [ RunTime:0.000000s ]
INFO: [ app_end ] --END-- [ RunTime:0.000000s ]

[ 2016-10-20T08:55:46+08:00 ] ::1 /admin/charge-setchargestandard.html
INFO: [ app_begin ] --START--
INFO: Run Behavior\ReadHtmlCache [ RunTime:0.001000s ]
INFO: [ app_begin ] --END-- [ RunTime:0.001000s ]
NOTIC: [8] Undefined index: root D:\xampp\htdocs\hongqi\Application\Admin\Controller\ChannelsController.class.php 第 13 行.
NOTIC: [8192] mysql_connect(): The mysql extension is deprecated and will be removed in the future: use mysqli or PDO instead D:\xampp\htdocs\hongqi\Application\ThinkPHP\Library\Think\Db\Driver\Mysql.class.php 第 52 行.
SQL: SHOW COLUMNS FROM `charge_standard` [ RunTime:0.003000s ]
SQL: SELECT * FROM `charge_standard` WHERE ( `school_year` = '2016' ) AND ( `school_term` = '春季学期' ) LIMIT 1   [ RunTime:0.000000s ]

[ 2016-10-20T08:55:48+08:00 ] ::1 /admin/charge-setchargestandard.html
INFO: [ app_begin ] --START--
INFO: Run Behavior\ReadHtmlCache [ RunTime:0.001000s ]
INFO: [ app_begin ] --END-- [ RunTime:0.002000s ]
NOTIC: [8] Undefined index: root D:\xampp\htdocs\hongqi\Application\Admin\Controller\ChannelsController.class.php 第 13 行.
INFO: [ view_parse ] --START--
INFO: [ template_filter ] --START--
INFO: Run Behavior\ContentReplace [ RunTime:0.000000s ]
INFO: [ template_filter ] --END-- [ RunTime:0.000000s ]
NOTIC: [8] Use of undefined constant Y - assumed 'Y' D:\xampp\htdocs\hongqi\Runtime\Cache\Admin\1dc47fe5b65f6ae6a55a0f6c0216a509.php 第 31 行.
NOTIC: [8] Use of undefined constant Y - assumed 'Y' D:\xampp\htdocs\hongqi\Runtime\Cache\Admin\1dc47fe5b65f6ae6a55a0f6c0216a509.php 第 32 行.
NOTIC: [8] Use of undefined constant Y - assumed 'Y' D:\xampp\htdocs\hongqi\Runtime\Cache\Admin\1dc47fe5b65f6ae6a55a0f6c0216a509.php 第 35 行.
NOTIC: [8] Use of undefined constant Y - assumed 'Y' D:\xampp\htdocs\hongqi\Runtime\Cache\Admin\1dc47fe5b65f6ae6a55a0f6c0216a509.php 第 36 行.
NOTIC: [8] Undefined variable: result_grade D:\xampp\htdocs\hongqi\Runtime\Cache\Admin\1dc47fe5b65f6ae6a55a0f6c0216a509.php 第 107 行.
INFO: Run Behavior\ParseTemplate [ RunTime:0.013001s ]
INFO: [ view_parse ] --END-- [ RunTime:0.013001s ]
INFO: [ view_filter ] --START--
INFO: Run Behavior\WriteHtmlCache [ RunTime:0.001000s ]
INFO: [ view_filter ] --END-- [ RunTime:0.001000s ]
INFO: [ app_end ] --START--
INFO: Run Behavior\ShowPageTrace [ RunTime:0.001000s ]
INFO: [ app_end ] --END-- [ RunTime:0.001000s ]

[ 2016-10-20T09:00:22+08:00 ] ::1 /admin/index-logout.html
INFO: [ app_begin ] --START--
INFO: Run Behavior\ReadHtmlCache [ RunTime:0.001000s ]
INFO: [ app_begin ] --END-- [ RunTime:0.002000s ]
NOTIC: [8] Undefined index: root D:\xampp\htdocs\hongqi\Application\Admin\Controller\ChannelsController.class.php 第 13 行.

[ 2016-10-20T09:00:22+08:00 ] ::1 /Admin/index
INFO: [ app_begin ] --START--
INFO: Run Behavior\ReadHtmlCache [ RunTime:0.000000s ]
INFO: [ app_begin ] --END-- [ RunTime:0.001000s ]
INFO: [ view_parse ] --START--
INFO: [ template_filter ] --START--
INFO: Run Behavior\ContentReplace [ RunTime:0.000000s ]
INFO: [ template_filter ] --END-- [ RunTime:0.000000s ]
INFO: Run Behavior\ParseTemplate [ RunTime:0.006001s ]
INFO: [ view_parse ] --END-- [ RunTime:0.006001s ]
INFO: [ view_filter ] --START--
INFO: Run Behavior\WriteHtmlCache [ RunTime:0.000000s ]
INFO: [ view_filter ] --END-- [ RunTime:0.000000s ]
INFO: [ app_end ] --START--
INFO: Run Behavior\ShowPageTrace [ RunTime:0.000000s ]
INFO: [ app_end ] --END-- [ RunTime:0.000000s ]

[ 2016-10-20T09:00:41+08:00 ] ::1 /hongqi1
INFO: [ app_begin ] --START--
INFO: Run Behavior\ReadHtmlCache [ RunTime:0.000000s ]
INFO: [ app_begin ] --END-- [ RunTime:0.001000s ]
ERR: 无法加载控制器:Hongqi1

[ 2016-10-20T09:06:15+08:00 ] ::1 /admin
INFO: [ app_begin ] --START--
INFO: Run Behavior\ReadHtmlCache [ RunTime:0.001000s ]
INFO: [ app_begin ] --END-- [ RunTime:0.002000s ]

[ 2016-10-20T09:06:15+08:00 ] ::1 /Admin/examine
INFO: [ app_begin ] --START--
INFO: Run Behavior\ReadHtmlCache [ RunTime:0.001000s ]
INFO: [ app_begin ] --END-- [ RunTime:0.001000s ]
NOTIC: [8] Undefined index: root D:\xampp\htdocs\hongqi\Application\Admin\Controller\ChannelsController.class.php 第 13 行.
NOTIC: [8] Undefined variable: examineStatus D:\xampp\htdocs\hongqi\Application\Admin\Controller\ExamineController.class.php 第 35 行.
NOTIC: [8] Undefined variable: map D:\xampp\htdocs\hongqi\Application\Admin\Controller\ExamineController.class.php 第 41 行.
NOTIC: [2] unlink(./Runtime/Temp/sndaCloud_V1_file_bbd8afe12b50ee3e84111e95fe553b07.php): No such file or directory D:\xampp\htdocs\hongqi\Application\ThinkPHP\Library\Think\Cache\Driver\File.class.php 第 157 行.
NOTIC: [8192] mysql_connect(): The mysql extension is deprecated and will be removed in the future: use mysqli or PDO instead D:\xampp\htdocs\hongqi\Application\ThinkPHP\Library\Think\Db\Driver\Mysql.class.php 第 52 行.
SQL: SHOW COLUMNS FROM `channels_user` [ RunTime:0.003000s ]
ERR: 1146:Table 'hongqi.channels_user' doesn't exist
 [ SQL语句 ] : SHOW COLUMNS FROM `channels_user`
SQL: SELECT * FROM `channels_user` ORDER BY create_time desc LIMIT 0,500   [ RunTime:0.000000s ]
ERR: 1146:Table 'hongqi.channels_user' doesn't exist
 [ SQL语句 ] : SELECT * FROM `channels_user` ORDER BY create_time desc LIMIT 0,500  
SQL: SHOW COLUMNS FROM `channels_level` [ RunTime:0.003000s ]
ERR: 1146:Table 'hongqi.channels_level' doesn't exist
 [ SQL语句 ] : SHOW COLUMNS FROM `channels_level`
SQL: SELECT * FROM `channels_level` WHERE ( `user_id` = null ) AND ( `effective_time` <= '2016-10-20' ) ORDER BY effective_time desc LIMIT 1   [ RunTime:0.000000s ]
ERR: 1146:Table 'hongqi.channels_level' doesn't exist
 [ SQL语句 ] : SELECT * FROM `channels_level` WHERE ( `user_id` = null ) AND ( `effective_time` <= '2016-10-20' ) ORDER BY effective_time desc LIMIT 1  
SQL: SELECT * FROM `channels_user`  [ RunTime:0.001001s ]
ERR: 1146:Table 'hongqi.channels_user' doesn't exist
 [ SQL语句 ] : SELECT * FROM `channels_user` 
SQL: SELECT * FROM `channels_level` WHERE ( `user_id` = null ) AND ( `effective_time` <= '2016-10-20' ) ORDER BY effective_time desc LIMIT 1   [ RunTime:0.000000s ]
ERR: 1146:Table 'hongqi.channels_level' doesn't exist
 [ SQL语句 ] : SELECT * FROM `channels_level` WHERE ( `user_id` = null ) AND ( `effective_time` <= '2016-10-20' ) ORDER BY effective_time desc LIMIT 1  
INFO: [ view_parse ] --START--
INFO: [ template_filter ] --START--
INFO: Run Behavior\ContentReplace [ RunTime:0.000000s ]
INFO: [ template_filter ] --END-- [ RunTime:0.000000s ]
NOTIC: [8] Use of undefined constant Y - assumed 'Y' D:\xampp\htdocs\hongqi\Runtime\Cache\Admin\4e106154938f40ea75443345ce6c1823.php 第 25 行.
NOTIC: [8] Use of undefined constant Y - assumed 'Y' D:\xampp\htdocs\hongqi\Runtime\Cache\Admin\4e106154938f40ea75443345ce6c1823.php 第 26 行.
NOTIC: [8] Use of undefined constant Y - assumed 'Y' D:\xampp\htdocs\hongqi\Runtime\Cache\Admin\4e106154938f40ea75443345ce6c1823.php 第 29 行.
NOTIC: [8] Use of undefined constant Y - assumed 'Y' D:\xampp\htdocs\hongqi\Runtime\Cache\Admin\4e106154938f40ea75443345ce6c1823.php 第 30 行.
NOTIC: [8] Undefined index: user_id D:\xampp\htdocs\hongqi\Runtime\Cache\Admin\4e106154938f40ea75443345ce6c1823.php 第 126 行.
NOTIC: [8] Undefined index: create_time D:\xampp\htdocs\hongqi\Runtime\Cache\Admin\4e106154938f40ea75443345ce6c1823.php 第 127 行.
NOTIC: [8] Undefined index: company_name D:\xampp\htdocs\hongqi\Runtime\Cache\Admin\4e106154938f40ea75443345ce6c1823.php 第 128 行.
NOTIC: [8] Undefined index: user_name D:\xampp\htdocs\hongqi\Runtime\Cache\Admin\4e106154938f40ea75443345ce6c1823.php 第 129 行.
NOTIC: [8] Undefined index: user_phone D:\xampp\htdocs\hongqi\Runtime\Cache\Admin\4e106154938f40ea75443345ce6c1823.php 第 130 行.
NOTIC: [8] Undefined index: user_email D:\xampp\htdocs\hongqi\Runtime\Cache\Admin\4e106154938f40ea75443345ce6c1823.php 第 131 行.
NOTIC: [8] Undefined index: company_business D:\xampp\htdocs\hongqi\Runtime\Cache\Admin\4e106154938f40ea75443345ce6c1823.php 第 132 行.
NOTIC: [8] Undefined index: company_business D:\xampp\htdocs\hongqi\Runtime\Cache\Admin\4e106154938f40ea75443345ce6c1823.php 第 132 行.
NOTIC: [8] Undefined index: status D:\xampp\htdocs\hongqi\Runtime\Cache\Admin\4e106154938f40ea75443345ce6c1823.php 第 140 行.
NOTIC: [8] Undefined index: user_id D:\xampp\htdocs\hongqi\Runtime\Cache\Admin\4e106154938f40ea75443345ce6c1823.php 第 141 行.
INFO: Run Behavior\ParseTemplate [ RunTime:0.014000s ]
INFO: [ view_parse ] --END-- [ RunTime:0.014000s ]
INFO: [ view_filter ] --START--
INFO: Run Behavior\WriteHtmlCache [ RunTime:0.000000s ]
INFO: [ view_filter ] --END-- [ RunTime:0.000000s ]
INFO: [ app_end ] --START--
INFO: Run Behavior\ShowPageTrace [ RunTime:0.001001s ]
INFO: [ app_end ] --END-- [ RunTime:0.001001s ]

[ 2016-10-20T09:06:19+08:00 ] ::1 /admin/charge-studentfile.html
INFO: [ app_begin ] --START--
INFO: Run Behavior\ReadHtmlCache [ RunTime:0.001000s ]
INFO: [ app_begin ] --END-- [ RunTime:0.001000s ]
NOTIC: [8] Undefined index: root D:\xampp\htdocs\hongqi\Application\Admin\Controller\ChannelsController.class.php 第 13 行.
INFO: [ view_parse ] --START--
INFO: [ template_filter ] --START--
INFO: Run Behavior\ContentReplace [ RunTime:0.000000s ]
INFO: [ template_filter ] --END-- [ RunTime:0.000000s ]
NOTIC: [8] Use of undefined constant Y - assumed 'Y' D:\xampp\htdocs\hongqi\Runtime\Cache\Admin\5a1a9621214c40ff3aaac7a7ebd52474.php 第 31 行.
NOTIC: [8] Use of undefined constant Y - assumed 'Y' D:\xampp\htdocs\hongqi\Runtime\Cache\Admin\5a1a9621214c40ff3aaac7a7ebd52474.php 第 32 行.
NOTIC: [8] Use of undefined constant Y - assumed 'Y' D:\xampp\htdocs\hongqi\Runtime\Cache\Admin\5a1a9621214c40ff3aaac7a7ebd52474.php 第 35 行.
NOTIC: [8] Use of undefined constant Y - assumed 'Y' D:\xampp\htdocs\hongqi\Runtime\Cache\Admin\5a1a9621214c40ff3aaac7a7ebd52474.php 第 36 行.
NOTIC: [8] Undefined variable: student D:\xampp\htdocs\hongqi\Runtime\Cache\Admin\5a1a9621214c40ff3aaac7a7ebd52474.php 第 76 行.
NOTIC: [8] Undefined variable: student D:\xampp\htdocs\hongqi\Runtime\Cache\Admin\5a1a9621214c40ff3aaac7a7ebd52474.php 第 77 行.
NOTIC: [8] Undefined variable: student D:\xampp\htdocs\hongqi\Runtime\Cache\Admin\5a1a9621214c40ff3aaac7a7ebd52474.php 第 78 行.
NOTIC: [8] Undefined variable: student D:\xampp\htdocs\hongqi\Runtime\Cache\Admin\5a1a9621214c40ff3aaac7a7ebd52474.php 第 79 行.
INFO: Run Behavior\ParseTemplate [ RunTime:0.014001s ]
INFO: [ view_parse ] --END-- [ RunTime:0.014001s ]
INFO: [ view_filter ] --START--
INFO: Run Behavior\WriteHtmlCache [ RunTime:0.000000s ]
INFO: [ view_filter ] --END-- [ RunTime:0.000000s ]
INFO: [ app_end ] --START--
INFO: Run Behavior\ShowPageTrace [ RunTime:0.001000s ]
INFO: [ app_end ] --END-- [ RunTime:0.001000s ]

[ 2016-10-20T09:06:22+08:00 ] ::1 /admin/charge-studentfile.html
INFO: [ app_begin ] --START--
INFO: Run Behavior\ReadHtmlCache [ RunTime:0.000000s ]
INFO: [ app_begin ] --END-- [ RunTime:0.001000s ]
NOTIC: [8] Undefined index: root D:\xampp\htdocs\hongqi\Application\Admin\Controller\ChannelsController.class.php 第 13 行.
NOTIC: [8192] mysql_connect(): The mysql extension is deprecated and will be removed in the future: use mysqli or PDO instead D:\xampp\htdocs\hongqi\Application\ThinkPHP\Library\Think\Db\Driver\Mysql.class.php 第 52 行.
SQL: SHOW COLUMNS FROM `student` [ RunTime:0.003000s ]
SQL: SELECT * FROM `student` WHERE ( `student_id` = '12121676' ) LIMIT 1   [ RunTime:0.000000s ]
SQL: SHOW COLUMNS FROM `student_file` [ RunTime:0.002000s ]
SQL: SELECT * FROM `student_file` WHERE ( `student_id` = '12121676' ) LIMIT 1   [ RunTime:0.000000s ]
INFO: [ view_parse ] --START--
INFO: [ template_filter ] --START--
INFO: Run Behavior\ContentReplace [ RunTime:0.001000s ]
INFO: [ template_filter ] --END-- [ RunTime:0.001000s ]
NOTIC: [8] Use of undefined constant Y - assumed 'Y' D:\xampp\htdocs\hongqi\Runtime\Cache\Admin\5a1a9621214c40ff3aaac7a7ebd52474.php 第 31 行.
NOTIC: [8] Use of undefined constant Y - assumed 'Y' D:\xampp\htdocs\hongqi\Runtime\Cache\Admin\5a1a9621214c40ff3aaac7a7ebd52474.php 第 32 行.
NOTIC: [8] Use of undefined constant Y - assumed 'Y' D:\xampp\htdocs\hongqi\Runtime\Cache\Admin\5a1a9621214c40ff3aaac7a7ebd52474.php 第 35 行.
NOTIC: [8] Use of undefined constant Y - assumed 'Y' D:\xampp\htdocs\hongqi\Runtime\Cache\Admin\5a1a9621214c40ff3aaac7a7ebd52474.php 第 36 行.
NOTIC: [8] Undefined variable: flag D:\xampp\htdocs\hongqi\Runtime\Cache\Admin\5a1a9621214c40ff3aaac7a7ebd52474.php 第 117 行.
INFO: Run Behavior\ParseTemplate [ RunTime:0.011001s ]
INFO: [ view_parse ] --END-- [ RunTime:0.011001s ]
INFO: [ view_filter ] --START--
INFO: Run Behavior\WriteHtmlCache [ RunTime:0.001000s ]
INFO: [ view_filter ] --END-- [ RunTime:0.001000s ]
INFO: [ app_end ] --START--
INFO: Run Behavior\ShowPageTrace [ RunTime:0.001000s ]
INFO: [ app_end ] --END-- [ RunTime:0.001000s ]

[ 2016-10-20T09:12:51+08:00 ] ::1 /admin/charge-studentfile.html
INFO: [ app_begin ] --START--
INFO: Run Behavior\ReadHtmlCache [ RunTime:0.001000s ]
INFO: [ app_begin ] --END-- [ RunTime:0.001000s ]
INFO: [ view_parse ] --START--
INFO: [ template_filter ] --START--
INFO: Run Behavior\ContentReplace [ RunTime:0.000000s ]
INFO: [ template_filter ] --END-- [ RunTime:0.000000s ]
INFO: Run Behavior\ParseTemplate [ RunTime:0.007000s ]
INFO: [ view_parse ] --END-- [ RunTime:0.007000s ]
INFO: [ view_filter ] --START--
INFO: Run Behavior\WriteHtmlCache [ RunTime:0.002000s ]
INFO: [ view_filter ] --END-- [ RunTime:0.002000s ]

[ 2016-10-20T09:12:54+08:00 ] ::1 /Admin/
INFO: [ app_begin ] --START--
INFO: Run Behavior\ReadHtmlCache [ RunTime:0.001000s ]
INFO: [ app_begin ] --END-- [ RunTime:0.001000s ]
INFO: [ view_parse ] --START--
INFO: [ template_filter ] --START--
INFO: Run Behavior\ContentReplace [ RunTime:0.000000s ]
INFO: [ template_filter ] --END-- [ RunTime:0.000000s ]
INFO: Run Behavior\ParseTemplate [ RunTime:0.005000s ]
INFO: [ view_parse ] --END-- [ RunTime:0.005000s ]
INFO: [ view_filter ] --START--
INFO: Run Behavior\WriteHtmlCache [ RunTime:0.001000s ]
INFO: [ view_filter ] --END-- [ RunTime:0.001000s ]
INFO: [ app_end ] --START--
INFO: Run Behavior\ShowPageTrace [ RunTime:0.001000s ]
INFO: [ app_end ] --END-- [ RunTime:0.001000s ]

[ 2016-10-20T09:12:58+08:00 ] ::1 /admin/index-login.html
INFO: [ app_begin ] --START--
INFO: Run Behavior\ReadHtmlCache [ RunTime:0.000000s ]
INFO: [ app_begin ] --END-- [ RunTime:0.001000s ]
NOTIC: [8192] mysql_connect(): The mysql extension is deprecated and will be removed in the future: use mysqli or PDO instead D:\xampp\htdocs\hongqi\Application\ThinkPHP\Library\Think\Db\Driver\Mysql.class.php 第 52 行.
SQL: SHOW COLUMNS FROM `teacher` [ RunTime:0.004001s ]
SQL: SELECT * FROM `teacher` WHERE ( `teacher_id` = '12121612' ) LIMIT 1   [ RunTime:0.000000s ]

[ 2016-10-20T09:12:58+08:00 ] ::1 /Admin/charge
INFO: [ app_begin ] --START--
INFO: Run Behavior\ReadHtmlCache [ RunTime:0.000000s ]
INFO: [ app_begin ] --END-- [ RunTime:0.001000s ]
NOTIC: [8] Undefined index: root D:\xampp\htdocs\hongqi\Application\Admin\Controller\ChannelsController.class.php 第 13 行.
INFO: [ view_parse ] --START--
INFO: [ template_filter ] --START--
INFO: Run Behavior\ContentReplace [ RunTime:0.000000s ]
INFO: [ template_filter ] --END-- [ RunTime:0.000000s ]
INFO: Run Behavior\ParseTemplate [ RunTime:0.008001s ]
INFO: [ view_parse ] --END-- [ RunTime:0.008001s ]
INFO: [ view_filter ] --START--
INFO: Run Behavior\WriteHtmlCache [ RunTime:0.001000s ]
INFO: [ view_filter ] --END-- [ RunTime:0.001000s ]
INFO: [ app_end ] --START--
INFO: Run Behavior\ShowPageTrace [ RunTime:0.000000s ]
INFO: [ app_end ] --END-- [ RunTime:0.000000s ]

[ 2016-10-20T09:13:00+08:00 ] ::1 /admin/charge-studentfile.html
INFO: [ app_begin ] --START--
INFO: Run Behavior\ReadHtmlCache [ RunTime:0.001000s ]
INFO: [ app_begin ] --END-- [ RunTime:0.002000s ]
NOTIC: [8] Undefined index: root D:\xampp\htdocs\hongqi\Application\Admin\Controller\ChannelsController.class.php 第 13 行.
INFO: [ view_parse ] --START--
INFO: [ template_filter ] --START--
INFO: Run Behavior\ContentReplace [ RunTime:0.000000s ]
INFO: [ template_filter ] --END-- [ RunTime:0.000000s ]
NOTIC: [8] Undefined variable: student D:\xampp\htdocs\hongqi\Runtime\Cache\Admin\5a1a9621214c40ff3aaac7a7ebd52474.php 第 55 行.
NOTIC: [8] Undefined variable: student D:\xampp\htdocs\hongqi\Runtime\Cache\Admin\5a1a9621214c40ff3aaac7a7ebd52474.php 第 56 行.
NOTIC: [8] Undefined variable: student D:\xampp\htdocs\hongqi\Runtime\Cache\Admin\5a1a9621214c40ff3aaac7a7ebd52474.php 第 57 行.
NOTIC: [8] Undefined variable: student D:\xampp\htdocs\hongqi\Runtime\Cache\Admin\5a1a9621214c40ff3aaac7a7ebd52474.php 第 58 行.
INFO: Run Behavior\ParseTemplate [ RunTime:0.011001s ]
INFO: [ view_parse ] --END-- [ RunTime:0.011001s ]
INFO: [ view_filter ] --START--
INFO: Run Behavior\WriteHtmlCache [ RunTime:0.000000s ]
INFO: [ view_filter ] --END-- [ RunTime:0.000000s ]
INFO: [ app_end ] --START--
INFO: Run Behavior\ShowPageTrace [ RunTime:0.001000s ]
INFO: [ app_end ] --END-- [ RunTime:0.001000s ]

[ 2016-10-20T09:13:04+08:00 ] ::1 /admin/charge-studentfile.html
INFO: [ app_begin ] --START--
INFO: Run Behavior\ReadHtmlCache [ RunTime:0.001000s ]
INFO: [ app_begin ] --END-- [ RunTime:0.001000s ]
NOTIC: [8] Undefined index: root D:\xampp\htdocs\hongqi\Application\Admin\Controller\ChannelsController.class.php 第 13 行.
NOTIC: [8192] mysql_connect(): The mysql extension is deprecated and will be removed in the future: use mysqli or PDO instead D:\xampp\htdocs\hongqi\Application\ThinkPHP\Library\Think\Db\Driver\Mysql.class.php 第 52 行.
SQL: SHOW COLUMNS FROM `student` [ RunTime:0.003000s ]
SQL: SELECT * FROM `student` WHERE ( `student_id` = '12121676' ) LIMIT 1   [ RunTime:0.000000s ]
SQL: SHOW COLUMNS FROM `student_file` [ RunTime:0.003000s ]
SQL: SELECT * FROM `student_file` WHERE ( `student_id` = '12121676' ) LIMIT 1   [ RunTime:0.001000s ]
INFO: [ view_parse ] --START--
INFO: [ template_filter ] --START--
INFO: Run Behavior\ContentReplace [ RunTime:0.000000s ]
INFO: [ template_filter ] --END-- [ RunTime:0.000000s ]
NOTIC: [8] Undefined variable: flag D:\xampp\htdocs\hongqi\Runtime\Cache\Admin\5a1a9621214c40ff3aaac7a7ebd52474.php 第 96 行.
INFO: Run Behavior\ParseTemplate [ RunTime:0.009001s ]
INFO: [ view_parse ] --END-- [ RunTime:0.009001s ]
INFO: [ view_filter ] --START--
INFO: Run Behavior\WriteHtmlCache [ RunTime:0.001000s ]
INFO: [ view_filter ] --END-- [ RunTime:0.001000s ]
INFO: [ app_end ] --START--
INFO: Run Behavior\ShowPageTrace [ RunTime:0.001000s ]
INFO: [ app_end ] --END-- [ RunTime:0.001000s ]

[ 2016-10-20T09:13:05+08:00 ] ::1 /admin/charge-setchargestandard.html
INFO: [ app_begin ] --START--
INFO: Run Behavior\ReadHtmlCache [ RunTime:0.001000s ]
INFO: [ app_begin ] --END-- [ RunTime:0.001000s ]
NOTIC: [8] Undefined index: root D:\xampp\htdocs\hongqi\Application\Admin\Controller\ChannelsController.class.php 第 13 行.
INFO: [ view_parse ] --START--
INFO: [ template_filter ] --START--
INFO: Run Behavior\ContentReplace [ RunTime:0.000000s ]
INFO: [ template_filter ] --END-- [ RunTime:0.000000s ]
NOTIC: [8] Undefined variable: result_grade D:\xampp\htdocs\hongqi\Runtime\Cache\Admin\1dc47fe5b65f6ae6a55a0f6c0216a509.php 第 86 行.
INFO: Run Behavior\ParseTemplate [ RunTime:0.011001s ]
INFO: [ view_parse ] --END-- [ RunTime:0.011001s ]
INFO: [ view_filter ] --START--
INFO: Run Behavior\WriteHtmlCache [ RunTime:0.000000s ]
INFO: [ view_filter ] --END-- [ RunTime:0.000000s ]
INFO: [ app_end ] --START--
INFO: Run Behavior\ShowPageTrace [ RunTime:0.001000s ]
INFO: [ app_end ] --END-- [ RunTime:0.001000s ]

[ 2016-10-20T09:13:25+08:00 ] ::1 /admin/charge-setchargestandard.html
INFO: [ app_begin ] --START--
INFO: Run Behavior\ReadHtmlCache [ RunTime:0.000000s ]
INFO: [ app_begin ] --END-- [ RunTime:0.001001s ]
NOTIC: [8] Undefined index: root D:\xampp\htdocs\hongqi\Application\Admin\Controller\ChannelsController.class.php 第 13 行.
INFO: [ view_parse ] --START--
INFO: [ template_filter ] --START--
INFO: Run Behavior\ContentReplace [ RunTime:0.001000s ]
INFO: [ template_filter ] --END-- [ RunTime:0.001000s ]
NOTIC: [8] Undefined variable: result_grade D:\xampp\htdocs\hongqi\Runtime\Cache\Admin\1dc47fe5b65f6ae6a55a0f6c0216a509.php 第 86 行.
INFO: Run Behavior\ParseTemplate [ RunTime:0.009000s ]
INFO: [ view_parse ] --END-- [ RunTime:0.009000s ]
INFO: [ view_filter ] --START--
INFO: Run Behavior\WriteHtmlCache [ RunTime:0.000000s ]
INFO: [ view_filter ] --END-- [ RunTime:0.000000s ]
INFO: [ app_end ] --START--
INFO: Run Behavior\ShowPageTrace [ RunTime:0.001000s ]
INFO: [ app_end ] --END-- [ RunTime:0.001000s ]

[ 2016-10-20T09:13:26+08:00 ] ::1 /admin/charge-setchargestandard.html
INFO: [ app_begin ] --START--
INFO: Run Behavior\ReadHtmlCache [ RunTime:0.001000s ]
INFO: [ app_begin ] --END-- [ RunTime:0.001000s ]
NOTIC: [8] Undefined index: root D:\xampp\htdocs\hongqi\Application\Admin\Controller\ChannelsController.class.php 第 13 行.
INFO: [ view_parse ] --START--
INFO: [ template_filter ] --START--
INFO: Run Behavior\ContentReplace [ RunTime:0.000000s ]
INFO: [ template_filter ] --END-- [ RunTime:0.000000s ]
NOTIC: [8] Undefined variable: result_grade D:\xampp\htdocs\hongqi\Runtime\Cache\Admin\1dc47fe5b65f6ae6a55a0f6c0216a509.php 第 86 行.
INFO: Run Behavior\ParseTemplate [ RunTime:0.010000s ]
INFO: [ view_parse ] --END-- [ RunTime:0.010000s ]
INFO: [ view_filter ] --START--
INFO: Run Behavior\WriteHtmlCache [ RunTime:0.001000s ]
INFO: [ view_filter ] --END-- [ RunTime:0.001000s ]
INFO: [ app_end ] --START--
INFO: Run Behavior\ShowPageTrace [ RunTime:0.001000s ]
INFO: [ app_end ] --END-- [ RunTime:0.001000s ]

[ 2016-10-20T09:13:27+08:00 ] ::1 /admin/charge-setchargestandard.html
INFO: [ app_begin ] --START--
INFO: Run Behavior\ReadHtmlCache [ RunTime:0.001000s ]
INFO: [ app_begin ] --END-- [ RunTime:0.002000s ]
NOTIC: [8] Undefined index: root D:\xampp\htdocs\hongqi\Application\Admin\Controller\ChannelsController.class.php 第 13 行.
INFO: [ view_parse ] --START--
INFO: [ template_filter ] --START--
INFO: Run Behavior\ContentReplace [ RunTime:0.000000s ]
INFO: [ template_filter ] --END-- [ RunTime:0.000000s ]
NOTIC: [8] Undefined variable: result_grade D:\xampp\htdocs\hongqi\Runtime\Cache\Admin\1dc47fe5b65f6ae6a55a0f6c0216a509.php 第 86 行.
INFO: Run Behavior\ParseTemplate [ RunTime:0.010001s ]
INFO: [ view_parse ] --END-- [ RunTime:0.010001s ]
INFO: [ view_filter ] --START--
INFO: Run Behavior\WriteHtmlCache [ RunTime:0.001000s ]
INFO: [ view_filter ] --END-- [ RunTime:0.001000s ]
INFO: [ app_end ] --START--
INFO: Run Behavior\ShowPageTrace [ RunTime:0.001000s ]
INFO: [ app_end ] --END-- [ RunTime:0.001000s ]

[ 2016-10-20T09:13:36+08:00 ] ::1 /admin/charge-studentfile.html
INFO: [ app_begin ] --START--
INFO: Run Behavior\ReadHtmlCache [ RunTime:0.001000s ]
INFO: [ app_begin ] --END-- [ RunTime:0.002000s ]
NOTIC: [8] Undefined index: root D:\xampp\htdocs\hongqi\Application\Admin\Controller\ChannelsController.class.php 第 13 行.
INFO: [ view_parse ] --START--
INFO: [ template_filter ] --START--
INFO: Run Behavior\ContentReplace [ RunTime:0.000000s ]
INFO: [ template_filter ] --END-- [ RunTime:0.000000s ]
NOTIC: [8] Undefined variable: student D:\xampp\htdocs\hongqi\Runtime\Cache\Admin\5a1a9621214c40ff3aaac7a7ebd52474.php 第 55 行.
NOTIC: [8] Undefined variable: student D:\xampp\htdocs\hongqi\Runtime\Cache\Admin\5a1a9621214c40ff3aaac7a7ebd52474.php 第 56 行.
NOTIC: [8] Undefined variable: student D:\xampp\htdocs\hongqi\Runtime\Cache\Admin\5a1a9621214c40ff3aaac7a7ebd52474.php 第 57 行.
NOTIC: [8] Undefined variable: student D:\xampp\htdocs\hongqi\Runtime\Cache\Admin\5a1a9621214c40ff3aaac7a7ebd52474.php 第 58 行.
INFO: Run Behavior\ParseTemplate [ RunTime:0.009001s ]
INFO: [ view_parse ] --END-- [ RunTime:0.009001s ]
INFO: [ view_filter ] --START--
INFO: Run Behavior\WriteHtmlCache [ RunTime:0.000000s ]
INFO: [ view_filter ] --END-- [ RunTime:0.000000s ]
INFO: [ app_end ] --START--
INFO: Run Behavior\ShowPageTrace [ RunTime:0.000000s ]
INFO: [ app_end ] --END-- [ RunTime:0.001000s ]

[ 2016-10-20T09:13:38+08:00 ] ::1 /admin/charge-index.html
INFO: [ app_begin ] --START--
INFO: Run Behavior\ReadHtmlCache [ RunTime:0.001000s ]
INFO: [ app_begin ] --END-- [ RunTime:0.002000s ]
NOTIC: [8] Undefined index: root D:\xampp\htdocs\hongqi\Application\Admin\Controller\ChannelsController.class.php 第 13 行.
INFO: [ view_parse ] --START--
INFO: [ template_filter ] --START--
INFO: Run Behavior\ContentReplace [ RunTime:0.000000s ]
INFO: [ template_filter ] --END-- [ RunTime:0.000000s ]
INFO: Run Behavior\ParseTemplate [ RunTime:0.009001s ]
INFO: [ view_parse ] --END-- [ RunTime:0.009001s ]
INFO: [ view_filter ] --START--
INFO: Run Behavior\WriteHtmlCache [ RunTime:0.000000s ]
INFO: [ view_filter ] --END-- [ RunTime:0.000000s ]
INFO: [ app_end ] --START--
INFO: Run Behavior\ShowPageTrace [ RunTime:0.000000s ]
INFO: [ app_end ] --END-- [ RunTime:0.000000s ]

[ 2016-10-20T09:13:39+08:00 ] ::1 /admin/charge-studentfile.html
INFO: [ app_begin ] --START--
INFO: Run Behavior\ReadHtmlCache [ RunTime:0.000000s ]
INFO: [ app_begin ] --END-- [ RunTime:0.001000s ]
NOTIC: [8] Undefined index: root D:\xampp\htdocs\hongqi\Application\Admin\Controller\ChannelsController.class.php 第 13 行.
INFO: [ view_parse ] --START--
INFO: [ template_filter ] --START--
INFO: Run Behavior\ContentReplace [ RunTime:0.000000s ]
INFO: [ template_filter ] --END-- [ RunTime:0.000000s ]
NOTIC: [8] Undefined variable: student D:\xampp\htdocs\hongqi\Runtime\Cache\Admin\5a1a9621214c40ff3aaac7a7ebd52474.php 第 55 行.
NOTIC: [8] Undefined variable: student D:\xampp\htdocs\hongqi\Runtime\Cache\Admin\5a1a9621214c40ff3aaac7a7ebd52474.php 第 56 行.
NOTIC: [8] Undefined variable: student D:\xampp\htdocs\hongqi\Runtime\Cache\Admin\5a1a9621214c40ff3aaac7a7ebd52474.php 第 57 行.
NOTIC: [8] Undefined variable: student D:\xampp\htdocs\hongqi\Runtime\Cache\Admin\5a1a9621214c40ff3aaac7a7ebd52474.php 第 58 行.
INFO: Run Behavior\ParseTemplate [ RunTime:0.009001s ]
INFO: [ view_parse ] --END-- [ RunTime:0.009001s ]
INFO: [ view_filter ] --START--
INFO: Run Behavior\WriteHtmlCache [ RunTime:0.000000s ]
INFO: [ view_filter ] --END-- [ RunTime:0.000000s ]
INFO: [ app_end ] --START--
INFO: Run Behavior\ShowPageTrace [ RunTime:0.001000s ]
INFO: [ app_end ] --END-- [ RunTime:0.001000s ]

[ 2016-10-20T09:13:39+08:00 ] ::1 /admin/charge-setchargestandard.html
INFO: [ app_begin ] --START--
INFO: Run Behavior\ReadHtmlCache [ RunTime:0.000000s ]
INFO: [ app_begin ] --END-- [ RunTime:0.001000s ]
NOTIC: [8] Undefined index: root D:\xampp\htdocs\hongqi\Application\Admin\Controller\ChannelsController.class.php 第 13 行.
INFO: [ view_parse ] --START--
INFO: [ template_filter ] --START--
INFO: Run Behavior\ContentReplace [ RunTime:0.000000s ]
INFO: [ template_filter ] --END-- [ RunTime:0.000000s ]
NOTIC: [8] Undefined variable: result_grade D:\xampp\htdocs\hongqi\Runtime\Cache\Admin\1dc47fe5b65f6ae6a55a0f6c0216a509.php 第 86 行.
INFO: Run Behavior\ParseTemplate [ RunTime:0.009001s ]
INFO: [ view_parse ] --END-- [ RunTime:0.009001s ]
INFO: [ view_filter ] --START--
INFO: Run Behavior\WriteHtmlCache [ RunTime:0.001000s ]
INFO: [ view_filter ] --END-- [ RunTime:0.001000s ]
INFO: [ app_end ] --START--
INFO: Run Behavior\ShowPageTrace [ RunTime:0.001000s ]
INFO: [ app_end ] --END-- [ RunTime:0.001000s ]

